2023-10-19 07:17:01,153 | train | INFO | Set Logger /home/kwy00/ysy/results/train/20231019_071701
2023-10-19 07:17:01,188 | train | INFO | Load data, train:5481 val:1000
2023-10-19 07:17:01,188 | train | INFO | Initiated early stopper, mode: min, best score: inf, patience: 10
2023-10-19 07:17:01,740 | train | INFO | --Train 0/60
2023-10-19 07:17:09,508 | train | INFO | batch: 0/343 loss: 1.8067752122879028
2023-10-19 07:20:51,185 | train | INFO | batch: 100/343 loss: 0.13384771347045898
2023-10-19 07:24:27,178 | train | INFO | batch: 200/343 loss: 0.027281135320663452
2023-10-19 07:28:01,655 | train | INFO | batch: 300/343 loss: 0.02881528250873089
2023-10-19 07:29:34,561 | train | INFO | --Val 0/60
2023-10-19 07:29:36,260 | train | INFO | batch: 0/63 loss: 0.032378122210502625
2023-10-19 07:31:23,138 | train | INFO | Write row 0
2023-10-19 07:31:23,575 | train | INFO | --Train 1/60
2023-10-19 07:31:25,478 | train | INFO | batch: 0/343 loss: 0.023565087467432022
2023-10-19 07:34:58,640 | train | INFO | batch: 100/343 loss: 0.018816296011209488
2023-10-19 07:38:31,576 | train | INFO | batch: 200/343 loss: 0.018691902980208397
2023-10-19 07:42:04,030 | train | INFO | batch: 300/343 loss: 0.017087653279304504
2023-10-19 07:43:32,783 | train | INFO | --Val 1/60
2023-10-19 07:43:34,494 | train | INFO | batch: 0/63 loss: 0.018020648509263992
2023-10-19 07:45:18,816 | train | INFO | Write row 1
2023-10-19 07:45:19,313 | train | INFO | --Train 2/60
2023-10-19 07:45:21,066 | train | INFO | batch: 0/343 loss: 0.017943641170859337
2023-10-19 07:48:53,271 | train | INFO | batch: 100/343 loss: 0.017239069566130638
2023-10-19 07:52:25,400 | train | INFO | batch: 200/343 loss: 0.02421480044722557
2023-10-19 07:55:58,414 | train | INFO | batch: 300/343 loss: 0.01502570603042841
2023-10-19 07:57:27,143 | train | INFO | --Val 2/60
2023-10-19 07:57:28,859 | train | INFO | batch: 0/63 loss: 0.01610194891691208
2023-10-19 07:59:13,385 | train | INFO | Write row 2
2023-10-19 07:59:13,882 | train | INFO | --Train 3/60
2023-10-19 07:59:15,638 | train | INFO | batch: 0/343 loss: 0.014346441254019737
2023-10-19 08:02:48,248 | train | INFO | batch: 100/343 loss: 0.016114316880702972
2023-10-19 08:06:20,893 | train | INFO | batch: 200/343 loss: 0.013845173642039299
2023-10-19 08:09:53,099 | train | INFO | batch: 300/343 loss: 0.013325253501534462
2023-10-19 08:11:21,494 | train | INFO | --Val 3/60
2023-10-19 08:11:23,195 | train | INFO | batch: 0/63 loss: 0.013745969161391258
2023-10-19 08:13:07,148 | train | INFO | Write row 3
2023-10-19 08:13:07,646 | train | INFO | --Train 4/60
2023-10-19 08:13:09,398 | train | INFO | batch: 0/343 loss: 0.013418707996606827
2023-10-19 08:16:40,960 | train | INFO | batch: 100/343 loss: 0.012359664775431156
2023-10-19 08:20:12,342 | train | INFO | batch: 200/343 loss: 0.01182942371815443
2023-10-19 08:23:43,588 | train | INFO | batch: 300/343 loss: 0.013592666015028954
2023-10-19 08:25:11,857 | train | INFO | --Val 4/60
2023-10-19 08:25:13,546 | train | INFO | batch: 0/63 loss: 0.05859740078449249
2023-10-19 08:26:57,729 | train | INFO | Write row 4
2023-10-19 08:26:58,238 | train | INFO | --Train 5/60
2023-10-19 08:26:59,983 | train | INFO | batch: 0/343 loss: 0.014284257777035236
2023-10-19 08:30:31,249 | train | INFO | batch: 100/343 loss: 0.011001392267644405
2023-10-19 08:34:02,512 | train | INFO | batch: 200/343 loss: 0.010001888498663902
2023-10-19 08:37:34,019 | train | INFO | batch: 300/343 loss: 0.010847107507288456
2023-10-19 08:39:02,212 | train | INFO | --Val 5/60
2023-10-19 08:39:03,925 | train | INFO | batch: 0/63 loss: 0.01424292754381895
2023-10-19 08:40:47,973 | train | INFO | Write row 5
2023-10-19 08:40:48,486 | train | INFO | --Train 6/60
2023-10-19 08:40:50,225 | train | INFO | batch: 0/343 loss: 0.010029444471001625
2023-10-19 08:44:21,324 | train | INFO | batch: 100/343 loss: 0.009173532947897911
2023-10-19 08:47:52,265 | train | INFO | batch: 200/343 loss: 0.009846016764640808
2023-10-19 08:51:23,726 | train | INFO | batch: 300/343 loss: 0.011172073893249035
2023-10-19 08:52:52,107 | train | INFO | --Val 6/60
2023-10-19 08:52:53,826 | train | INFO | batch: 0/63 loss: 0.012090029194951057
2023-10-19 08:54:37,899 | train | INFO | Write row 6
2023-10-19 08:54:38,420 | train | INFO | --Train 7/60
2023-10-19 08:54:40,158 | train | INFO | batch: 0/343 loss: 0.008439320139586926
2023-10-19 08:58:12,045 | train | INFO | batch: 100/343 loss: 0.010240565985441208
2023-10-19 09:01:43,621 | train | INFO | batch: 200/343 loss: 0.00843125395476818
2023-10-19 09:05:15,568 | train | INFO | batch: 300/343 loss: 0.008808990940451622
2023-10-19 09:06:44,146 | train | INFO | --Val 7/60
2023-10-19 09:06:45,893 | train | INFO | batch: 0/63 loss: 0.012730018235743046
2023-10-19 09:08:30,822 | train | INFO | Write row 7
2023-10-19 09:08:31,352 | train | INFO | --Train 8/60
2023-10-19 09:08:33,107 | train | INFO | batch: 0/343 loss: 0.010766425170004368
2023-10-19 09:12:05,058 | train | INFO | batch: 100/343 loss: 0.009367766790091991
2023-10-19 09:15:36,941 | train | INFO | batch: 200/343 loss: 0.00912421103566885
2023-10-19 09:19:09,220 | train | INFO | batch: 300/343 loss: 0.008653221651911736
2023-10-19 09:20:37,454 | train | INFO | --Val 8/60
2023-10-19 09:20:39,169 | train | INFO | batch: 0/63 loss: 0.012567665427923203
2023-10-19 09:22:23,574 | train | INFO | Write row 8
2023-10-19 09:22:24,113 | train | INFO | --Train 9/60
2023-10-19 09:22:25,865 | train | INFO | batch: 0/343 loss: 0.008387324400246143
2023-10-19 09:25:58,329 | train | INFO | batch: 100/343 loss: 0.008560563437640667
2023-10-19 09:29:30,235 | train | INFO | batch: 200/343 loss: 0.007628181017935276
2023-10-19 09:33:02,348 | train | INFO | batch: 300/343 loss: 0.008713995106518269
2023-10-19 09:34:30,947 | train | INFO | --Val 9/60
2023-10-19 09:34:32,652 | train | INFO | batch: 0/63 loss: 0.012104923836886883
2023-10-19 09:36:16,944 | train | INFO | Write row 9
2023-10-19 09:36:17,489 | train | INFO | --Train 10/60
2023-10-19 09:36:19,244 | train | INFO | batch: 0/343 loss: 0.007957899942994118
2023-10-19 09:39:51,558 | train | INFO | batch: 100/343 loss: 0.007556241471320391
2023-10-19 09:43:23,773 | train | INFO | batch: 200/343 loss: 0.008063494227826595
2023-10-19 09:46:55,402 | train | INFO | batch: 300/343 loss: 0.0070014758966863155
2023-10-19 09:48:23,629 | train | INFO | --Val 10/60
2023-10-19 09:48:25,345 | train | INFO | batch: 0/63 loss: 0.011642255820333958
2023-10-19 09:50:09,851 | train | INFO | Write row 10
2023-10-19 09:50:10,401 | train | INFO | --Train 11/60
2023-10-19 09:50:12,139 | train | INFO | batch: 0/343 loss: 0.006476039532572031
2023-10-19 09:53:43,567 | train | INFO | batch: 100/343 loss: 0.00704695750027895
2023-10-19 09:57:15,105 | train | INFO | batch: 200/343 loss: 0.0065089259296655655
2023-10-19 10:00:46,894 | train | INFO | batch: 300/343 loss: 0.005927552469074726
2023-10-19 10:02:15,306 | train | INFO | --Val 11/60
2023-10-19 10:02:16,980 | train | INFO | batch: 0/63 loss: 0.011551963165402412
2023-10-19 10:04:01,673 | train | INFO | Write row 11
2023-10-19 10:04:02,231 | train | INFO | --Train 12/60
2023-10-19 10:04:03,984 | train | INFO | batch: 0/343 loss: 0.007141286972910166
2023-10-19 10:07:35,883 | train | INFO | batch: 100/343 loss: 0.006787025835365057
2023-10-19 10:11:07,157 | train | INFO | batch: 200/343 loss: 0.007354388013482094
2023-10-19 10:14:38,410 | train | INFO | batch: 300/343 loss: 0.0060839042998850346
2023-10-19 10:16:06,900 | train | INFO | --Val 12/60
2023-10-19 10:16:08,605 | train | INFO | batch: 0/63 loss: 0.010353172197937965
2023-10-19 10:17:52,981 | train | INFO | Write row 12
2023-10-19 10:17:53,548 | train | INFO | --Train 13/60
2023-10-19 10:17:55,296 | train | INFO | batch: 0/343 loss: 0.006585198454558849
2023-10-19 10:21:26,833 | train | INFO | batch: 100/343 loss: 0.0063843633979558945
2023-10-19 10:24:58,631 | train | INFO | batch: 200/343 loss: 0.006014631595462561
2023-10-19 10:28:29,783 | train | INFO | batch: 300/343 loss: 0.006822853349149227
2023-10-19 10:29:57,853 | train | INFO | --Val 13/60
2023-10-19 10:29:59,585 | train | INFO | batch: 0/63 loss: 0.012234347872436047
2023-10-19 10:31:43,737 | train | INFO | Write row 13
2023-10-19 10:31:44,314 | train | INFO | --Train 14/60
2023-10-19 10:31:46,067 | train | INFO | batch: 0/343 loss: 0.007862438447773457
2023-10-19 10:35:18,260 | train | INFO | batch: 100/343 loss: 0.014059658162295818
2023-10-19 10:38:51,907 | train | INFO | batch: 200/343 loss: 0.016249392181634903
2023-10-19 10:42:25,048 | train | INFO | batch: 300/343 loss: 0.02278324030339718
2023-10-19 10:43:54,081 | train | INFO | --Val 14/60
2023-10-19 10:43:55,781 | train | INFO | batch: 0/63 loss: 0.015211624093353748
2023-10-19 10:45:40,627 | train | INFO | Write row 14
2023-10-19 10:45:41,478 | train | INFO | --Train 15/60
2023-10-19 10:45:43,240 | train | INFO | batch: 0/343 loss: 0.012142625637352467
2023-10-19 10:49:15,829 | train | INFO | batch: 100/343 loss: 0.009109288454055786
2023-10-19 10:52:47,495 | train | INFO | batch: 200/343 loss: 0.00885388907045126
2023-10-19 10:56:19,618 | train | INFO | batch: 300/343 loss: 0.010114149190485477
2023-10-19 10:57:48,091 | train | INFO | --Val 15/60
2023-10-19 10:57:49,801 | train | INFO | batch: 0/63 loss: 0.012036052532494068
2023-10-19 10:59:33,982 | train | INFO | Write row 15
2023-10-19 10:59:34,567 | train | INFO | --Train 16/60
2023-10-19 10:59:36,318 | train | INFO | batch: 0/343 loss: 0.008869915269315243
2023-10-19 11:03:07,880 | train | INFO | batch: 100/343 loss: 0.009370283223688602
2023-10-19 11:06:39,093 | train | INFO | batch: 200/343 loss: 0.008428526110947132
2023-10-19 11:10:10,356 | train | INFO | batch: 300/343 loss: 0.008376146666705608
2023-10-19 11:11:38,857 | train | INFO | --Val 16/60
2023-10-19 11:11:40,592 | train | INFO | batch: 0/63 loss: 0.012786698527634144
2023-10-19 11:13:24,933 | train | INFO | Write row 16
2023-10-19 11:13:25,531 | train | INFO | --Train 17/60
2023-10-19 11:13:27,287 | train | INFO | batch: 0/343 loss: 0.008878394030034542
2023-10-19 11:16:58,597 | train | INFO | batch: 100/343 loss: 0.006705298088490963
2023-10-19 11:20:29,851 | train | INFO | batch: 200/343 loss: 0.008352278731763363
2023-10-19 11:24:01,027 | train | INFO | batch: 300/343 loss: 0.007884396240115166
2023-10-19 11:25:29,213 | train | INFO | --Val 17/60
2023-10-19 11:25:30,903 | train | INFO | batch: 0/63 loss: 0.01091065164655447
2023-10-19 11:27:14,712 | train | INFO | Write row 17
2023-10-19 11:27:15,316 | train | INFO | --Train 18/60
2023-10-19 11:27:17,054 | train | INFO | batch: 0/343 loss: 0.006994276773184538
2023-10-19 11:30:48,228 | train | INFO | batch: 100/343 loss: 0.006414191331714392
2023-10-19 11:34:19,417 | train | INFO | batch: 200/343 loss: 0.007080875337123871
2023-10-19 11:37:50,410 | train | INFO | batch: 300/343 loss: 0.006562290713191032
2023-10-19 11:39:18,462 | train | INFO | --Val 18/60
2023-10-19 11:39:20,152 | train | INFO | batch: 0/63 loss: 0.011978665366768837
2023-10-19 11:41:04,029 | train | INFO | Write row 18
2023-10-19 11:41:04,642 | train | INFO | --Train 19/60
2023-10-19 11:41:06,368 | train | INFO | batch: 0/343 loss: 0.00768866203725338
2023-10-19 11:44:37,768 | train | INFO | batch: 100/343 loss: 0.006477794144302607
2023-10-19 11:48:08,914 | train | INFO | batch: 200/343 loss: 0.007091793697327375
2023-10-19 11:51:40,052 | train | INFO | batch: 300/343 loss: 0.006289707031100988
2023-10-19 11:53:08,223 | train | INFO | --Val 19/60
2023-10-19 11:53:09,930 | train | INFO | batch: 0/63 loss: 0.010648163966834545
2023-10-19 11:54:53,460 | train | INFO | Write row 19
2023-10-19 11:54:54,410 | train | INFO | --Train 20/60
2023-10-19 11:54:56,142 | train | INFO | batch: 0/343 loss: 0.006248616613447666
2023-10-19 11:58:27,087 | train | INFO | batch: 100/343 loss: 0.005790616851300001
2023-10-19 12:01:58,104 | train | INFO | batch: 200/343 loss: 0.005381064023822546
2023-10-19 12:05:29,079 | train | INFO | batch: 300/343 loss: 0.006567221134901047
2023-10-19 12:06:57,336 | train | INFO | --Val 20/60
2023-10-19 12:06:59,053 | train | INFO | batch: 0/63 loss: 0.010716240853071213
2023-10-19 12:08:43,566 | train | INFO | Write row 20
2023-10-19 12:08:44,193 | train | INFO | --Train 21/60
2023-10-19 12:08:45,941 | train | INFO | batch: 0/343 loss: 0.0053812069818377495
2023-10-19 12:12:17,112 | train | INFO | batch: 100/343 loss: 0.0050378357991576195
2023-10-19 12:15:48,109 | train | INFO | batch: 200/343 loss: 0.007007233798503876
2023-10-19 12:19:19,406 | train | INFO | batch: 300/343 loss: 0.00582261523231864
2023-10-19 12:20:48,110 | train | INFO | --Val 21/60
2023-10-19 12:20:49,825 | train | INFO | batch: 0/63 loss: 0.011853164993226528
2023-10-19 12:22:33,889 | train | INFO | Write row 21
2023-10-19 12:22:34,526 | train | INFO | --Train 22/60
2023-10-19 12:22:36,264 | train | INFO | batch: 0/343 loss: 0.005225189961493015
2023-10-19 12:26:07,183 | train | INFO | batch: 100/343 loss: 0.005732386372983456
2023-10-19 12:29:37,838 | train | INFO | batch: 200/343 loss: 0.005038225557655096
2023-10-19 12:33:09,300 | train | INFO | batch: 300/343 loss: 0.005312502384185791
2023-10-19 12:34:37,387 | train | INFO | --Val 22/60
2023-10-19 12:34:39,098 | train | INFO | batch: 0/63 loss: 0.009922285564243793
2023-10-19 12:36:22,946 | train | INFO | Write row 22
2023-10-19 12:36:23,587 | train | INFO | --Train 23/60
2023-10-19 12:36:25,335 | train | INFO | batch: 0/343 loss: 0.0058413660153746605
2023-10-19 12:39:56,055 | train | INFO | batch: 100/343 loss: 0.006214344408363104
2023-10-19 12:43:27,023 | train | INFO | batch: 200/343 loss: 0.0045412806794047356
2023-10-19 12:46:58,353 | train | INFO | batch: 300/343 loss: 0.005118681583553553
2023-10-19 12:48:26,425 | train | INFO | --Val 23/60
2023-10-19 12:48:28,125 | train | INFO | batch: 0/63 loss: 0.009676366113126278
2023-10-19 12:50:11,693 | train | INFO | Write row 23
2023-10-19 12:50:12,344 | train | INFO | --Train 24/60
2023-10-19 12:50:14,107 | train | INFO | batch: 0/343 loss: 0.004367200192064047
2023-10-19 12:53:45,020 | train | INFO | batch: 100/343 loss: 0.0046700541861355305
2023-10-19 12:57:15,859 | train | INFO | batch: 200/343 loss: 0.00443113362416625
2023-10-19 13:00:47,492 | train | INFO | batch: 300/343 loss: 0.0045732660219073296
2023-10-19 13:02:15,737 | train | INFO | --Val 24/60
2023-10-19 13:02:17,439 | train | INFO | batch: 0/63 loss: 0.010181945748627186
2023-10-19 13:04:01,415 | train | INFO | Write row 24
2023-10-19 13:04:02,075 | train | INFO | --Train 25/60
2023-10-19 13:04:03,819 | train | INFO | batch: 0/343 loss: 0.0052713556215167046
2023-10-19 13:07:34,853 | train | INFO | batch: 100/343 loss: 0.004270389210432768
2023-10-19 13:11:05,850 | train | INFO | batch: 200/343 loss: 0.003930735867470503
2023-10-19 13:14:37,473 | train | INFO | batch: 300/343 loss: 0.004324505105614662
2023-10-19 13:16:05,530 | train | INFO | --Val 25/60
2023-10-19 13:16:07,232 | train | INFO | batch: 0/63 loss: 0.010358437895774841
2023-10-19 13:17:51,044 | train | INFO | Write row 25
2023-10-19 13:17:51,712 | train | INFO | --Train 26/60
2023-10-19 13:17:53,453 | train | INFO | batch: 0/343 loss: 0.0037466557696461678
2023-10-19 13:21:24,505 | train | INFO | batch: 100/343 loss: 0.0038622445426881313
2023-10-19 13:24:55,865 | train | INFO | batch: 200/343 loss: 0.004279054701328278
2023-10-19 13:28:27,039 | train | INFO | batch: 300/343 loss: 0.004512777552008629
2023-10-19 13:29:55,271 | train | INFO | --Val 26/60
2023-10-19 13:29:56,984 | train | INFO | batch: 0/63 loss: 0.009175408631563187
2023-10-19 13:31:41,032 | train | INFO | Write row 26
2023-10-19 13:31:41,712 | train | INFO | --Train 27/60
2023-10-19 13:31:43,470 | train | INFO | batch: 0/343 loss: 0.0039804112166166306
2023-10-19 13:35:14,238 | train | INFO | batch: 100/343 loss: 0.0038224130403250456
2023-10-19 13:38:45,407 | train | INFO | batch: 200/343 loss: 0.0038368033710867167
2023-10-19 13:42:16,773 | train | INFO | batch: 300/343 loss: 0.004092901013791561
2023-10-19 13:43:44,960 | train | INFO | --Val 27/60
2023-10-19 13:43:46,681 | train | INFO | batch: 0/63 loss: 0.010322406888008118
2023-10-19 13:45:30,470 | train | INFO | Write row 27
2023-10-19 13:45:31,158 | train | INFO | --Train 28/60
2023-10-19 13:45:32,906 | train | INFO | batch: 0/343 loss: 0.004227320663630962
2023-10-19 13:49:03,883 | train | INFO | batch: 100/343 loss: 0.004767377860844135
2023-10-19 13:52:34,921 | train | INFO | batch: 200/343 loss: 0.004057981073856354
2023-10-19 13:56:06,520 | train | INFO | batch: 300/343 loss: 0.004245697055011988
2023-10-19 13:57:34,807 | train | INFO | --Val 28/60
2023-10-19 13:57:36,532 | train | INFO | batch: 0/63 loss: 0.010214067995548248
2023-10-19 13:59:20,559 | train | INFO | Write row 28
2023-10-19 13:59:21,260 | train | INFO | --Train 29/60
2023-10-19 13:59:23,006 | train | INFO | batch: 0/343 loss: 0.00454494496807456
2023-10-19 14:02:54,040 | train | INFO | batch: 100/343 loss: 0.003939313348382711
2023-10-19 14:06:25,011 | train | INFO | batch: 200/343 loss: 0.00531744584441185
2023-10-19 14:09:56,618 | train | INFO | batch: 300/343 loss: 0.0037481444887816906
2023-10-19 14:11:24,756 | train | INFO | --Val 29/60
2023-10-19 14:11:26,476 | train | INFO | batch: 0/63 loss: 0.00980179663747549
2023-10-19 14:13:10,111 | train | INFO | Write row 29
2023-10-19 14:13:10,809 | train | INFO | --Train 30/60
2023-10-19 14:13:12,557 | train | INFO | batch: 0/343 loss: 0.00408692192286253
2023-10-19 14:16:43,464 | train | INFO | batch: 100/343 loss: 0.0037047271616756916
2023-10-19 14:20:14,389 | train | INFO | batch: 200/343 loss: 0.0036811730824410915
2023-10-19 14:23:45,382 | train | INFO | batch: 300/343 loss: 0.00400697672739625
2023-10-19 14:25:13,543 | train | INFO | --Val 30/60
2023-10-19 14:25:15,232 | train | INFO | batch: 0/63 loss: 0.010542403906583786
2023-10-19 14:26:59,449 | train | INFO | Write row 30
2023-10-19 14:27:00,642 | train | INFO | --Train 31/60
2023-10-19 14:27:02,403 | train | INFO | batch: 0/343 loss: 0.003911752253770828
2023-10-19 14:30:33,510 | train | INFO | batch: 100/343 loss: 0.003596207359805703
2023-10-19 14:34:04,445 | train | INFO | batch: 200/343 loss: 0.0041182273998856544
2023-10-19 14:37:35,374 | train | INFO | batch: 300/343 loss: 0.003125774674117565
2023-10-19 14:39:03,569 | train | INFO | --Val 31/60
2023-10-19 14:39:05,296 | train | INFO | batch: 0/63 loss: 0.010770050808787346
2023-10-19 14:40:48,948 | train | INFO | Write row 31
2023-10-19 14:40:50,138 | train | INFO | --Train 32/60
2023-10-19 14:40:51,882 | train | INFO | batch: 0/343 loss: 0.0035841716453433037
2023-10-19 14:44:22,914 | train | INFO | batch: 100/343 loss: 0.0037157933693379164
2023-10-19 14:47:53,977 | train | INFO | batch: 200/343 loss: 0.0036756417248398066
2023-10-19 14:51:25,036 | train | INFO | batch: 300/343 loss: 0.003429539268836379
2023-10-19 14:52:53,179 | train | INFO | --Val 32/60
2023-10-19 14:52:54,885 | train | INFO | batch: 0/63 loss: 0.010179853066802025
2023-10-19 14:54:39,112 | train | INFO | Write row 32
2023-10-19 14:54:40,324 | train | INFO | --Train 33/60
2023-10-19 14:54:42,088 | train | INFO | batch: 0/343 loss: 0.003423074958845973
2023-10-19 14:58:13,307 | train | INFO | batch: 100/343 loss: 0.0032743881456553936
2023-10-19 15:01:44,449 | train | INFO | batch: 200/343 loss: 0.003741168649867177
2023-10-19 15:05:15,363 | train | INFO | batch: 300/343 loss: 0.0034632824826985598
2023-10-19 15:06:43,425 | train | INFO | --Val 33/60
2023-10-19 15:06:45,138 | train | INFO | batch: 0/63 loss: 0.00926593504846096
2023-10-19 15:08:28,874 | train | INFO | Write row 33
2023-10-19 15:08:29,610 | train | INFO | --Train 34/60
2023-10-19 15:08:31,359 | train | INFO | batch: 0/343 loss: 0.003964823205024004
2023-10-19 15:12:02,796 | train | INFO | batch: 100/343 loss: 0.0036591882817447186
2023-10-19 15:15:33,614 | train | INFO | batch: 200/343 loss: 0.0031512959394603968
2023-10-19 15:19:04,875 | train | INFO | batch: 300/343 loss: 0.003487430978566408
2023-10-19 15:20:33,071 | train | INFO | --Val 34/60
2023-10-19 15:20:34,792 | train | INFO | batch: 0/63 loss: 0.009848542511463165
2023-10-19 15:22:19,018 | train | INFO | Write row 34
2023-10-19 15:22:19,750 | train | INFO | --Train 35/60
2023-10-19 15:22:21,492 | train | INFO | batch: 0/343 loss: 0.003092606784775853
2023-10-19 15:25:52,300 | train | INFO | batch: 100/343 loss: 0.0033843552228063345
2023-10-19 15:29:23,397 | train | INFO | batch: 200/343 loss: 0.0035031051374971867
2023-10-19 15:32:55,011 | train | INFO | batch: 300/343 loss: 0.003034739987924695
2023-10-19 15:34:23,179 | train | INFO | --Val 35/60
2023-10-19 15:34:24,906 | train | INFO | batch: 0/63 loss: 0.008933459408581257
2023-10-19 15:36:08,620 | train | INFO | Write row 35
2023-10-19 15:36:09,358 | train | INFO | --Train 36/60
2023-10-19 15:36:11,101 | train | INFO | batch: 0/343 loss: 0.0030942477751523256
2023-10-19 15:39:42,396 | train | INFO | batch: 100/343 loss: 0.0028001307509839535
2023-10-19 15:43:13,755 | train | INFO | batch: 200/343 loss: 0.003063008887693286
2023-10-19 15:46:45,049 | train | INFO | batch: 300/343 loss: 0.002868805080652237
2023-10-19 15:48:13,097 | train | INFO | --Val 36/60
2023-10-19 15:48:14,820 | train | INFO | batch: 0/63 loss: 0.00934639386832714
2023-10-19 15:49:58,823 | train | INFO | Write row 36
2023-10-19 15:50:00,141 | train | INFO | --Train 37/60
2023-10-19 15:50:01,914 | train | INFO | batch: 0/343 loss: 0.0030716685578227043
2023-10-19 15:53:32,776 | train | INFO | batch: 100/343 loss: 0.0029615587554872036
2023-10-19 15:57:03,653 | train | INFO | batch: 200/343 loss: 0.0027995228301733732
2023-10-19 16:00:34,642 | train | INFO | batch: 300/343 loss: 0.003176214639097452
2023-10-19 16:02:02,722 | train | INFO | --Val 37/60
2023-10-19 16:02:04,429 | train | INFO | batch: 0/63 loss: 0.009145989082753658
2023-10-19 16:03:48,335 | train | INFO | Write row 37
2023-10-19 16:03:49,091 | train | INFO | --Train 38/60
2023-10-19 16:03:50,836 | train | INFO | batch: 0/343 loss: 0.0030541487503796816
2023-10-19 16:07:21,762 | train | INFO | batch: 100/343 loss: 0.0029312632977962494
2023-10-19 16:10:53,548 | train | INFO | batch: 200/343 loss: 0.002623307518661022
2023-10-19 16:14:24,426 | train | INFO | batch: 300/343 loss: 0.0027234924491494894
2023-10-19 16:15:52,607 | train | INFO | --Val 38/60
2023-10-19 16:15:54,319 | train | INFO | batch: 0/63 loss: 0.009557307697832584
2023-10-19 16:17:38,459 | train | INFO | Write row 38
2023-10-19 16:17:39,222 | train | INFO | --Train 39/60
2023-10-19 16:17:40,981 | train | INFO | batch: 0/343 loss: 0.0034067435190081596
2023-10-19 16:21:12,129 | train | INFO | batch: 100/343 loss: 0.0027519192080944777
2023-10-19 16:24:43,222 | train | INFO | batch: 200/343 loss: 0.002730987500399351
2023-10-19 16:28:15,085 | train | INFO | batch: 300/343 loss: 0.0028903940692543983
2023-10-19 16:29:43,321 | train | INFO | --Val 39/60
2023-10-19 16:29:45,035 | train | INFO | batch: 0/63 loss: 0.010042191483080387
2023-10-19 16:31:28,911 | train | INFO | Write row 39
2023-10-19 16:31:29,683 | train | INFO | --Train 40/60
2023-10-19 16:31:31,440 | train | INFO | batch: 0/343 loss: 0.0032418405171483755
2023-10-19 16:35:02,265 | train | INFO | batch: 100/343 loss: 0.002654649782925844
2023-10-19 16:38:33,294 | train | INFO | batch: 200/343 loss: 0.0024470530916005373
2023-10-19 16:42:04,440 | train | INFO | batch: 300/343 loss: 0.0027842330746352673
2023-10-19 16:43:32,488 | train | INFO | --Val 40/60
2023-10-19 16:43:34,179 | train | INFO | batch: 0/63 loss: 0.01131375227123499
2023-10-19 16:45:18,179 | train | INFO | Write row 40
2023-10-19 16:45:19,582 | train | INFO | --Train 41/60
2023-10-19 16:45:21,346 | train | INFO | batch: 0/343 loss: 0.002948783105239272
2023-10-19 16:48:52,356 | train | INFO | batch: 100/343 loss: 0.0026621182914823294
2023-10-19 16:52:23,284 | train | INFO | batch: 200/343 loss: 0.0025910958647727966
2023-10-19 16:55:54,248 | train | INFO | batch: 300/343 loss: 0.00273909792304039
2023-10-19 16:57:22,473 | train | INFO | --Val 41/60
2023-10-19 16:57:24,183 | train | INFO | batch: 0/63 loss: 0.008627254515886307
2023-10-19 16:59:07,869 | train | INFO | Write row 41
2023-10-19 16:59:08,658 | train | INFO | --Train 42/60
2023-10-19 16:59:10,401 | train | INFO | batch: 0/343 loss: 0.0027791536413133144
2023-10-19 17:02:41,150 | train | INFO | batch: 100/343 loss: 0.0025164615362882614
2023-10-19 17:06:11,937 | train | INFO | batch: 200/343 loss: 0.0025417599827051163
2023-10-19 17:09:43,107 | train | INFO | batch: 300/343 loss: 0.002593227429315448
2023-10-19 17:11:11,762 | train | INFO | --Val 42/60
2023-10-19 17:11:13,479 | train | INFO | batch: 0/63 loss: 0.009234428405761719
2023-10-19 17:12:57,439 | train | INFO | Write row 42
2023-10-19 17:12:58,226 | train | INFO | --Train 43/60
2023-10-19 17:12:59,975 | train | INFO | batch: 0/343 loss: 0.0023673209361732006
2023-10-19 17:16:31,011 | train | INFO | batch: 100/343 loss: 0.002285034628584981
2023-10-19 17:20:02,350 | train | INFO | batch: 200/343 loss: 0.002501056296750903
2023-10-19 17:23:33,466 | train | INFO | batch: 300/343 loss: 0.002485480159521103
2023-10-19 17:25:01,602 | train | INFO | --Val 43/60
2023-10-19 17:25:03,306 | train | INFO | batch: 0/63 loss: 0.009727507829666138
2023-10-19 17:26:46,895 | train | INFO | Write row 43
2023-10-19 17:26:47,693 | train | INFO | --Train 44/60
2023-10-19 17:26:49,428 | train | INFO | batch: 0/343 loss: 0.0025023333728313446
2023-10-19 17:30:20,982 | train | INFO | batch: 100/343 loss: 0.0030030268244445324
2023-10-19 17:33:52,160 | train | INFO | batch: 200/343 loss: 0.002697507617995143
2023-10-19 17:37:23,248 | train | INFO | batch: 300/343 loss: 0.0027645272202789783
2023-10-19 17:38:51,302 | train | INFO | --Val 44/60
2023-10-19 17:38:53,016 | train | INFO | batch: 0/63 loss: 0.00954623706638813
2023-10-19 17:40:37,348 | train | INFO | Write row 44
2023-10-19 17:40:38,157 | train | INFO | --Train 45/60
2023-10-19 17:40:39,902 | train | INFO | batch: 0/343 loss: 0.0024703145027160645
2023-10-19 17:44:10,955 | train | INFO | batch: 100/343 loss: 0.0023508467711508274
2023-10-19 17:47:41,930 | train | INFO | batch: 200/343 loss: 0.002320879139006138
2023-10-19 17:51:13,867 | train | INFO | batch: 300/343 loss: 0.0023298829328268766
2023-10-19 17:52:42,125 | train | INFO | --Val 45/60
2023-10-19 17:52:43,837 | train | INFO | batch: 0/63 loss: 0.011621048673987389
2023-10-19 17:54:27,564 | train | INFO | Write row 45
2023-10-19 17:54:28,378 | train | INFO | --Train 46/60
2023-10-19 17:54:30,122 | train | INFO | batch: 0/343 loss: 0.0024668488185852766
2023-10-19 17:58:01,000 | train | INFO | batch: 100/343 loss: 0.002347856294363737
2023-10-19 18:01:31,900 | train | INFO | batch: 200/343 loss: 0.0024147331714630127
2023-10-19 18:05:03,006 | train | INFO | batch: 300/343 loss: 0.00223513669334352
2023-10-19 18:06:31,181 | train | INFO | --Val 46/60
2023-10-19 18:06:32,890 | train | INFO | batch: 0/63 loss: 0.008578344248235226
2023-10-19 18:08:16,806 | train | INFO | Write row 46
2023-10-19 18:08:17,622 | train | INFO | --Train 47/60
2023-10-19 18:08:19,359 | train | INFO | batch: 0/343 loss: 0.0021522878669202328
2023-10-19 18:11:51,314 | train | INFO | batch: 100/343 loss: 0.002733002183958888
2023-10-19 18:15:22,465 | train | INFO | batch: 200/343 loss: 0.002654783893376589
2023-10-19 18:18:53,565 | train | INFO | batch: 300/343 loss: 0.002437717979773879
2023-10-19 18:20:21,675 | train | INFO | --Val 47/60
2023-10-19 18:20:23,373 | train | INFO | batch: 0/63 loss: 0.010049017146229744
2023-10-19 18:22:07,123 | train | INFO | Write row 47
2023-10-19 18:22:07,960 | train | INFO | --Train 48/60
2023-10-19 18:22:09,704 | train | INFO | batch: 0/343 loss: 0.0025116479955613613
2023-10-19 18:25:40,645 | train | INFO | batch: 100/343 loss: 0.0022915671579539776
2023-10-19 18:29:11,555 | train | INFO | batch: 200/343 loss: 0.0023727212101221085
2023-10-19 18:32:42,396 | train | INFO | batch: 300/343 loss: 0.0025958754122257233
2023-10-19 18:34:10,469 | train | INFO | --Val 48/60
2023-10-19 18:34:12,182 | train | INFO | batch: 0/63 loss: 0.009850123897194862
2023-10-19 18:35:57,121 | train | INFO | Write row 48
2023-10-19 18:35:57,956 | train | INFO | --Train 49/60
2023-10-19 18:35:59,720 | train | INFO | batch: 0/343 loss: 0.002135138027369976
2023-10-19 18:39:30,615 | train | INFO | batch: 100/343 loss: 0.002373897470533848
2023-10-19 18:43:01,952 | train | INFO | batch: 200/343 loss: 0.0023791659623384476
2023-10-19 18:46:33,076 | train | INFO | batch: 300/343 loss: 0.0026638852432370186
2023-10-19 18:48:01,178 | train | INFO | --Val 49/60
2023-10-19 18:48:02,864 | train | INFO | batch: 0/63 loss: 0.009810134768486023
2023-10-19 18:49:46,486 | train | INFO | Write row 49
2023-10-19 18:49:47,325 | train | INFO | --Train 50/60
2023-10-19 18:49:49,077 | train | INFO | batch: 0/343 loss: 0.002604861045256257
2023-10-19 18:53:20,000 | train | INFO | batch: 100/343 loss: 0.0022042954806238413
2023-10-19 18:56:51,094 | train | INFO | batch: 200/343 loss: 0.002194819040596485
2023-10-19 19:00:22,056 | train | INFO | batch: 300/343 loss: 0.0021913221571594477
2023-10-19 19:01:50,975 | train | INFO | --Val 50/60
2023-10-19 19:01:52,692 | train | INFO | batch: 0/63 loss: 0.009859947487711906
2023-10-19 19:03:36,766 | train | INFO | Write row 50
2023-10-19 19:03:37,614 | train | INFO | --Train 51/60
2023-10-19 19:03:39,355 | train | INFO | batch: 0/343 loss: 0.0022319750860333443
2023-10-19 19:07:10,454 | train | INFO | batch: 100/343 loss: 0.0021838629618287086
2023-10-19 19:10:41,437 | train | INFO | batch: 200/343 loss: 0.0022090235725045204
2023-10-19 19:14:12,539 | train | INFO | batch: 300/343 loss: 0.002233666367828846
2023-10-19 19:15:40,691 | train | INFO | --Val 51/60
2023-10-19 19:15:42,394 | train | INFO | batch: 0/63 loss: 0.009413381107151508
2023-10-19 19:17:26,060 | train | INFO | Write row 51
2023-10-19 19:17:26,921 | train | INFO | --Train 52/60
2023-10-19 19:17:28,653 | train | INFO | batch: 0/343 loss: 0.0018424744484946132
2023-10-19 19:20:59,469 | train | INFO | batch: 100/343 loss: 0.002100042998790741
2023-10-19 19:24:30,405 | train | INFO | batch: 200/343 loss: 0.0020377598702907562
2023-10-19 19:28:02,251 | train | INFO | batch: 300/343 loss: 0.0019881564658135176
2023-10-19 19:29:30,308 | train | INFO | --Val 52/60
2023-10-19 19:29:32,009 | train | INFO | batch: 0/63 loss: 0.010410293005406857
2023-10-19 19:31:16,249 | train | INFO | Write row 52
2023-10-19 19:31:17,116 | train | INFO | --Train 53/60
2023-10-19 19:31:18,871 | train | INFO | batch: 0/343 loss: 0.002169606741517782
2023-10-19 19:34:49,933 | train | INFO | batch: 100/343 loss: 0.0022042272612452507
2023-10-19 19:38:21,163 | train | INFO | batch: 200/343 loss: 0.0020970345940440893
2023-10-19 19:41:52,029 | train | INFO | batch: 300/343 loss: 0.0021524112671613693
2023-10-19 19:43:20,142 | train | INFO | --Val 53/60
2023-10-19 19:43:21,837 | train | INFO | batch: 0/63 loss: 0.008738004602491856
2023-10-19 19:45:05,579 | train | INFO | Write row 53
2023-10-19 19:45:06,446 | train | INFO | --Train 54/60
2023-10-19 19:45:08,201 | train | INFO | batch: 0/343 loss: 0.0021038323175162077
2023-10-19 19:48:38,980 | train | INFO | batch: 100/343 loss: 0.002137609524652362
2023-10-19 19:52:10,793 | train | INFO | batch: 200/343 loss: 0.0020547264721244574
2023-10-19 19:55:41,855 | train | INFO | batch: 300/343 loss: 0.0021001389250159264
2023-10-19 19:57:09,913 | train | INFO | --Val 54/60
2023-10-19 19:57:11,598 | train | INFO | batch: 0/63 loss: 0.008911408483982086
2023-10-19 19:58:55,691 | train | INFO | Write row 54
2023-10-19 19:58:56,572 | train | INFO | --Train 55/60
2023-10-19 19:58:58,325 | train | INFO | batch: 0/343 loss: 0.0019995763432234526
2023-10-19 20:02:29,317 | train | INFO | batch: 100/343 loss: 0.0019335625693202019
2023-10-19 20:06:00,422 | train | INFO | batch: 200/343 loss: 0.002143972320482135
2023-10-19 20:09:31,168 | train | INFO | batch: 300/343 loss: 0.0019281440181657672
2023-10-19 20:10:59,323 | train | INFO | --Val 55/60
2023-10-19 20:11:01,029 | train | INFO | batch: 0/63 loss: 0.009885236620903015
2023-10-19 20:12:44,681 | train | INFO | Write row 55
2023-10-19 20:12:45,569 | train | INFO | --Train 56/60
2023-10-19 20:12:47,317 | train | INFO | batch: 0/343 loss: 0.0018880608258768916
2023-10-19 20:16:18,275 | train | INFO | batch: 100/343 loss: 0.002105318708345294
2023-10-19 20:19:49,166 | train | INFO | batch: 200/343 loss: 0.0020383773371577263
2023-10-19 20:23:20,916 | train | INFO | batch: 300/343 loss: 0.0018661973299458623
2023-10-19 20:24:49,081 | train | INFO | --Val 56/60
2023-10-19 20:24:50,795 | train | INFO | batch: 0/63 loss: 0.00840443279594183
2023-10-19 20:26:34,926 | train | INFO | Write row 56
2023-10-19 20:26:35,828 | train | INFO | --Train 57/60
2023-10-19 20:26:37,586 | train | INFO | batch: 0/343 loss: 0.002026156522333622
2023-10-19 20:30:08,813 | train | INFO | batch: 100/343 loss: 0.002045497763901949
2023-10-19 20:33:39,948 | train | INFO | batch: 200/343 loss: 0.0017973915673792362
2023-10-19 20:37:10,960 | train | INFO | batch: 300/343 loss: 0.0020883737597614527
2023-10-19 20:38:39,012 | train | INFO | --Val 57/60
2023-10-19 20:38:40,724 | train | INFO | batch: 0/63 loss: 0.009552987292408943
2023-10-19 20:40:24,439 | train | INFO | Write row 57
2023-10-19 20:40:25,346 | train | INFO | --Train 58/60
2023-10-19 20:40:27,091 | train | INFO | batch: 0/343 loss: 0.0020932622719556093
2023-10-19 20:43:58,023 | train | INFO | batch: 100/343 loss: 0.0017679849406704307
2023-10-19 20:47:28,962 | train | INFO | batch: 200/343 loss: 0.001981171779334545
2023-10-19 20:51:00,552 | train | INFO | batch: 300/343 loss: 0.0021576941944658756
2023-10-19 20:52:28,793 | train | INFO | --Val 58/60
2023-10-19 20:52:30,514 | train | INFO | batch: 0/63 loss: 0.010324034839868546
2023-10-19 20:54:14,545 | train | INFO | Write row 58
2023-10-19 20:54:15,463 | train | INFO | --Train 59/60
2023-10-19 20:54:17,223 | train | INFO | batch: 0/343 loss: 0.0019695551600307226
2023-10-19 20:57:48,406 | train | INFO | batch: 100/343 loss: 0.0019764837343245745
2023-10-19 21:01:19,217 | train | INFO | batch: 200/343 loss: 0.0018307982245460153
2023-10-19 21:04:50,086 | train | INFO | batch: 300/343 loss: 0.0018139780731871724
2023-10-19 21:06:18,129 | train | INFO | --Val 59/60
2023-10-19 21:06:19,853 | train | INFO | batch: 0/63 loss: 0.009674268774688244
2023-10-19 21:08:03,644 | train | INFO | Write row 59
2023-10-19 21:08:04,976 | train | INFO | Recorder, epoch 59 Model saved: /home/kwy00/ysy/results/train/20231019_071701/model.pt
