2023-10-31 22:20:54,926 | train | INFO | Set Logger /home/kwy00/ysy/results/train/20231031_222054
2023-10-31 22:20:54,983 | train | INFO | Load data, train:10962 val:1000
2023-10-31 22:20:54,983 | train | INFO | Initiated early stopper, mode: min, best score: inf, patience: 10
2023-10-31 22:20:55,466 | train | INFO | --Train 0/30
2023-10-31 22:20:56,641 | train | INFO | batch: 0/1371 loss: 2.111889123916626
2023-10-31 22:23:27,872 | train | INFO | batch: 100/1371 loss: 0.5003176331520081
2023-10-31 22:25:57,506 | train | INFO | batch: 200/1371 loss: 0.3192036747932434
2023-10-31 22:28:25,802 | train | INFO | batch: 300/1371 loss: 0.2158076912164688
2023-10-31 22:30:52,738 | train | INFO | batch: 400/1371 loss: 0.07270330935716629
2023-10-31 22:33:19,062 | train | INFO | batch: 500/1371 loss: 0.037105537950992584
2023-10-31 22:35:44,953 | train | INFO | batch: 600/1371 loss: 0.06144246459007263
2023-10-31 22:38:10,533 | train | INFO | batch: 700/1371 loss: 0.04753575474023819
2023-10-31 22:40:35,489 | train | INFO | batch: 800/1371 loss: 0.041139937937259674
2023-10-31 22:43:00,662 | train | INFO | batch: 900/1371 loss: 0.022113077342510223
2023-10-31 22:45:26,531 | train | INFO | batch: 1000/1371 loss: 0.030501235276460648
2023-10-31 22:47:52,322 | train | INFO | batch: 1100/1371 loss: 0.022486640140414238
2023-10-31 22:50:17,498 | train | INFO | batch: 1200/1371 loss: 0.026394302025437355
2023-10-31 22:52:42,685 | train | INFO | batch: 1300/1371 loss: 0.014657953754067421
2023-10-31 22:54:26,488 | train | INFO | --Val 0/30
2023-10-31 22:54:27,632 | train | INFO | batch: 0/125 loss: 0.023045524954795837
2023-10-31 22:56:23,174 | train | INFO | batch: 100/125 loss: 0.020919904112815857
2023-10-31 22:56:50,902 | train | INFO | Write row 0
2023-10-31 22:56:51,322 | train | INFO | --Train 1/30
2023-10-31 22:56:52,500 | train | INFO | batch: 0/1371 loss: 0.01642381027340889
2023-10-31 22:59:17,080 | train | INFO | batch: 100/1371 loss: 0.04488009214401245
2023-10-31 23:01:42,396 | train | INFO | batch: 200/1371 loss: 0.029102368280291557
2023-10-31 23:04:06,706 | train | INFO | batch: 300/1371 loss: 0.016250647604465485
2023-10-31 23:06:31,024 | train | INFO | batch: 400/1371 loss: 0.01868565008044243
2023-10-31 23:08:55,525 | train | INFO | batch: 500/1371 loss: 0.014016871340572834
2023-10-31 23:11:19,943 | train | INFO | batch: 600/1371 loss: 0.015149877406656742
2023-10-31 23:13:44,156 | train | INFO | batch: 700/1371 loss: 0.013177020475268364
2023-10-31 23:16:08,379 | train | INFO | batch: 800/1371 loss: 0.017480529844760895
2023-10-31 23:18:34,366 | train | INFO | batch: 900/1371 loss: 0.018308719620108604
2023-10-31 23:20:59,181 | train | INFO | batch: 1000/1371 loss: 0.018225090578198433
2023-10-31 23:23:24,273 | train | INFO | batch: 1100/1371 loss: 0.016527613624930382
2023-10-31 23:25:49,311 | train | INFO | batch: 1200/1371 loss: 0.01689799129962921
2023-10-31 23:28:15,048 | train | INFO | batch: 1300/1371 loss: 0.022900160402059555
2023-10-31 23:29:56,207 | train | INFO | --Val 1/30
2023-10-31 23:29:57,347 | train | INFO | batch: 0/125 loss: 0.01635081134736538
2023-10-31 23:31:53,031 | train | INFO | batch: 100/125 loss: 0.02021990716457367
2023-10-31 23:32:20,914 | train | INFO | Write row 1
2023-10-31 23:32:21,394 | train | INFO | --Train 2/30
2023-10-31 23:32:22,588 | train | INFO | batch: 0/1371 loss: 0.016313014551997185
2023-10-31 23:34:49,209 | train | INFO | batch: 100/1371 loss: 0.012555563822388649
2023-10-31 23:37:15,066 | train | INFO | batch: 200/1371 loss: 0.01633254438638687
2023-10-31 23:39:41,042 | train | INFO | batch: 300/1371 loss: 0.013245701789855957
2023-10-31 23:42:07,253 | train | INFO | batch: 400/1371 loss: 0.015937041491270065
2023-10-31 23:44:33,605 | train | INFO | batch: 500/1371 loss: 0.013214136473834515
2023-10-31 23:46:59,323 | train | INFO | batch: 600/1371 loss: 0.012817137874662876
2023-10-31 23:49:25,281 | train | INFO | batch: 700/1371 loss: 0.014035296626389027
2023-10-31 23:51:51,684 | train | INFO | batch: 800/1371 loss: 0.06401684880256653
2023-10-31 23:54:17,680 | train | INFO | batch: 900/1371 loss: 0.013507653027772903
2023-10-31 23:56:43,836 | train | INFO | batch: 1000/1371 loss: 0.013215661980211735
2023-10-31 23:59:09,669 | train | INFO | batch: 1100/1371 loss: 0.011395814828574657
2023-11-01 00:01:35,512 | train | INFO | batch: 1200/1371 loss: 0.014015684835612774
2023-11-01 00:04:01,424 | train | INFO | batch: 1300/1371 loss: 0.013292495161294937
2023-11-01 00:05:43,288 | train | INFO | --Val 2/30
2023-11-01 00:05:44,471 | train | INFO | batch: 0/125 loss: 0.017574496567249298
2023-11-01 00:07:43,186 | train | INFO | batch: 100/125 loss: 0.016385402530431747
2023-11-01 00:08:11,645 | train | INFO | Write row 2
2023-11-01 00:08:12,127 | train | INFO | --Train 3/30
2023-11-01 00:08:13,297 | train | INFO | batch: 0/1371 loss: 0.015561822801828384
2023-11-01 00:10:39,817 | train | INFO | batch: 100/1371 loss: 0.010449615307152271
2023-11-01 00:13:05,723 | train | INFO | batch: 200/1371 loss: 0.012205662205815315
2023-11-01 00:15:31,739 | train | INFO | batch: 300/1371 loss: 0.011499378830194473
2023-11-01 00:17:57,869 | train | INFO | batch: 400/1371 loss: 0.010738566517829895
2023-11-01 00:20:24,345 | train | INFO | batch: 500/1371 loss: 0.009485898539423943
2023-11-01 00:22:50,296 | train | INFO | batch: 600/1371 loss: 0.013548298738896847
2023-11-01 00:25:16,460 | train | INFO | batch: 700/1371 loss: 0.010602816939353943
2023-11-01 00:27:42,411 | train | INFO | batch: 800/1371 loss: 0.011643729172647
2023-11-01 00:30:07,931 | train | INFO | batch: 900/1371 loss: 0.011313673108816147
2023-11-01 00:32:33,746 | train | INFO | batch: 1000/1371 loss: 0.012835090048611164
2023-11-01 00:35:00,015 | train | INFO | batch: 1100/1371 loss: 0.009885527193546295
2023-11-01 00:37:26,543 | train | INFO | batch: 1200/1371 loss: 0.010214980691671371
2023-11-01 00:39:53,097 | train | INFO | batch: 1300/1371 loss: 0.011868895962834358
2023-11-01 00:41:35,687 | train | INFO | --Val 3/30
2023-11-01 00:41:36,879 | train | INFO | batch: 0/125 loss: 0.09973037987947464
2023-11-01 00:43:37,815 | train | INFO | batch: 100/125 loss: 0.11137957125902176
2023-11-01 00:44:06,772 | train | INFO | Write row 3
2023-11-01 00:44:07,264 | train | INFO | --Train 4/30
2023-11-01 00:44:08,484 | train | INFO | batch: 0/1371 loss: 0.08223892003297806
2023-11-01 00:46:37,727 | train | INFO | batch: 100/1371 loss: 0.14199358224868774
2023-11-01 00:49:05,944 | train | INFO | batch: 200/1371 loss: 0.01691562496125698
2023-11-01 00:51:33,402 | train | INFO | batch: 300/1371 loss: 0.013291710987687111
2023-11-01 00:54:00,388 | train | INFO | batch: 400/1371 loss: 0.01200192328542471
2023-11-01 00:56:27,077 | train | INFO | batch: 500/1371 loss: 0.011953623965382576
2023-11-01 00:58:53,688 | train | INFO | batch: 600/1371 loss: 0.009766832925379276
2023-11-01 01:01:20,569 | train | INFO | batch: 700/1371 loss: 0.01283649355173111
2023-11-01 01:03:47,961 | train | INFO | batch: 800/1371 loss: 0.010770813561975956
2023-11-01 01:06:15,230 | train | INFO | batch: 900/1371 loss: 0.010785231366753578
2023-11-01 01:08:42,886 | train | INFO | batch: 1000/1371 loss: 0.01304470282047987
2023-11-01 01:11:10,236 | train | INFO | batch: 1100/1371 loss: 0.010797726921737194
2023-11-01 01:13:37,940 | train | INFO | batch: 1200/1371 loss: 0.010606901720166206
2023-11-01 01:16:04,448 | train | INFO | batch: 1300/1371 loss: 0.011671795509755611
2023-11-01 01:17:47,395 | train | INFO | --Val 4/30
2023-11-01 01:17:48,600 | train | INFO | batch: 0/125 loss: 0.025084547698497772
2023-11-01 01:19:49,226 | train | INFO | batch: 100/125 loss: 0.06128509342670441
2023-11-01 01:20:18,300 | train | INFO | Write row 4
2023-11-01 01:20:18,805 | train | INFO | --Train 5/30
2023-11-01 01:20:19,984 | train | INFO | batch: 0/1371 loss: 0.0432053878903389
2023-11-01 01:22:49,363 | train | INFO | batch: 100/1371 loss: 0.03000625967979431
2023-11-01 01:25:18,641 | train | INFO | batch: 200/1371 loss: 0.012445537373423576
2023-11-01 01:27:47,821 | train | INFO | batch: 300/1371 loss: 0.013257759623229504
2023-11-01 01:30:16,479 | train | INFO | batch: 400/1371 loss: 0.010937637649476528
2023-11-01 01:32:45,245 | train | INFO | batch: 500/1371 loss: 0.009941614232957363
2023-11-01 01:35:13,163 | train | INFO | batch: 600/1371 loss: 0.009695202112197876
2023-11-01 01:37:40,892 | train | INFO | batch: 700/1371 loss: 0.00984148494899273
2023-11-01 01:40:09,361 | train | INFO | batch: 800/1371 loss: 0.009529766626656055
2023-11-01 01:42:38,534 | train | INFO | batch: 900/1371 loss: 0.01124351006001234
2023-11-01 01:45:06,383 | train | INFO | batch: 1000/1371 loss: 0.011995364911854267
2023-11-01 01:47:34,601 | train | INFO | batch: 1100/1371 loss: 0.012779278680682182
2023-11-01 01:50:02,927 | train | INFO | batch: 1200/1371 loss: 0.008778925985097885
2023-11-01 01:52:31,395 | train | INFO | batch: 1300/1371 loss: 0.008672473952174187
2023-11-01 01:54:13,941 | train | INFO | --Val 5/30
2023-11-01 01:54:15,122 | train | INFO | batch: 0/125 loss: 0.012984609231352806
2023-11-01 01:56:13,731 | train | INFO | batch: 100/125 loss: 0.013784502632915974
2023-11-01 01:56:42,125 | train | INFO | Write row 5
2023-11-01 01:56:42,633 | train | INFO | --Train 6/30
2023-11-01 01:56:43,813 | train | INFO | batch: 0/1371 loss: 0.00970432348549366
2023-11-01 01:59:11,403 | train | INFO | batch: 100/1371 loss: 0.009907291270792484
2023-11-01 02:01:40,077 | train | INFO | batch: 200/1371 loss: 0.00959705002605915
2023-11-01 02:04:08,089 | train | INFO | batch: 300/1371 loss: 0.009102525189518929
2023-11-01 02:06:36,574 | train | INFO | batch: 400/1371 loss: 0.007997475564479828
2023-11-01 02:09:05,531 | train | INFO | batch: 500/1371 loss: 0.009359973482787609
2023-11-01 02:11:33,261 | train | INFO | batch: 600/1371 loss: 0.009176071733236313
2023-11-01 02:14:02,004 | train | INFO | batch: 700/1371 loss: 0.007637368515133858
2023-11-01 02:16:30,122 | train | INFO | batch: 800/1371 loss: 0.009914682246744633
2023-11-01 02:18:57,854 | train | INFO | batch: 900/1371 loss: 0.00885709747672081
2023-11-01 02:21:25,856 | train | INFO | batch: 1000/1371 loss: 0.009759536944329739
2023-11-01 02:23:53,719 | train | INFO | batch: 1100/1371 loss: 0.007573943585157394
2023-11-01 02:26:21,874 | train | INFO | batch: 1200/1371 loss: 0.008691132068634033
2023-11-01 02:28:49,755 | train | INFO | batch: 1300/1371 loss: 0.008600802160799503
2023-11-01 02:30:32,653 | train | INFO | --Val 6/30
2023-11-01 02:30:33,856 | train | INFO | batch: 0/125 loss: 0.012284601107239723
2023-11-01 02:32:35,523 | train | INFO | batch: 100/125 loss: 0.011640485376119614
2023-11-01 02:33:04,717 | train | INFO | Write row 6
2023-11-01 02:33:05,244 | train | INFO | --Train 7/30
2023-11-01 02:33:06,414 | train | INFO | batch: 0/1371 loss: 0.00861349981278181
2023-11-01 02:35:33,715 | train | INFO | batch: 100/1371 loss: 0.00625181058421731
2023-11-01 02:38:01,968 | train | INFO | batch: 200/1371 loss: 0.007447786163538694
2023-11-01 02:40:30,002 | train | INFO | batch: 300/1371 loss: 0.009752989746630192
2023-11-01 02:42:57,589 | train | INFO | batch: 400/1371 loss: 0.008539361879229546
2023-11-01 02:45:25,283 | train | INFO | batch: 500/1371 loss: 0.010786866769194603
2023-11-01 02:47:53,223 | train | INFO | batch: 600/1371 loss: 0.009648296982049942
2023-11-01 02:50:21,187 | train | INFO | batch: 700/1371 loss: 0.009403516538441181
2023-11-01 02:52:49,030 | train | INFO | batch: 800/1371 loss: 0.007537389174103737
2023-11-01 02:55:16,563 | train | INFO | batch: 900/1371 loss: 0.009001961909234524
2023-11-01 02:57:44,612 | train | INFO | batch: 1000/1371 loss: 0.009740965440869331
2023-11-01 03:00:12,920 | train | INFO | batch: 1100/1371 loss: 0.010859813541173935
2023-11-01 03:02:40,901 | train | INFO | batch: 1200/1371 loss: 0.008007572963833809
2023-11-01 03:05:09,314 | train | INFO | batch: 1300/1371 loss: 0.008904137648642063
2023-11-01 03:06:52,267 | train | INFO | --Val 7/30
2023-11-01 03:06:53,465 | train | INFO | batch: 0/125 loss: 0.01162349246442318
2023-11-01 03:08:54,977 | train | INFO | batch: 100/125 loss: 0.01174036506563425
2023-11-01 03:09:24,114 | train | INFO | Write row 7
2023-11-01 03:09:24,644 | train | INFO | --Train 8/30
2023-11-01 03:09:25,870 | train | INFO | batch: 0/1371 loss: 0.008869844488799572
2023-11-01 03:11:53,707 | train | INFO | batch: 100/1371 loss: 0.007393494248390198
2023-11-01 03:14:21,478 | train | INFO | batch: 200/1371 loss: 0.008173828944563866
2023-11-01 03:16:49,751 | train | INFO | batch: 300/1371 loss: 0.009505079127848148
2023-11-01 03:19:17,772 | train | INFO | batch: 400/1371 loss: 0.008185113780200481
2023-11-01 03:21:45,657 | train | INFO | batch: 500/1371 loss: 0.007585620041936636
2023-11-01 03:24:13,319 | train | INFO | batch: 600/1371 loss: 0.008477198891341686
2023-11-01 03:26:41,480 | train | INFO | batch: 700/1371 loss: 0.17142117023468018
2023-11-01 03:29:11,301 | train | INFO | batch: 800/1371 loss: 0.03846438229084015
2023-11-01 03:31:40,436 | train | INFO | batch: 900/1371 loss: 0.00932911317795515
2023-11-01 03:34:09,045 | train | INFO | batch: 1000/1371 loss: 0.014620793052017689
2023-11-01 03:36:37,946 | train | INFO | batch: 1100/1371 loss: 0.009770291857421398
2023-11-01 03:39:06,246 | train | INFO | batch: 1200/1371 loss: 0.00813106819987297
2023-11-01 03:41:34,461 | train | INFO | batch: 1300/1371 loss: 0.008646532893180847
2023-11-01 03:43:17,317 | train | INFO | --Val 8/30
2023-11-01 03:43:18,520 | train | INFO | batch: 0/125 loss: 0.012590101920068264
2023-11-01 03:45:20,498 | train | INFO | batch: 100/125 loss: 0.013055469840765
2023-11-01 03:45:49,806 | train | INFO | Write row 8
2023-11-01 03:45:50,346 | train | INFO | --Train 9/30
2023-11-01 03:45:51,539 | train | INFO | batch: 0/1371 loss: 0.0064733088947832584
2023-11-01 03:48:19,197 | train | INFO | batch: 100/1371 loss: 0.006558052729815245
2023-11-01 03:50:47,820 | train | INFO | batch: 200/1371 loss: 0.012284239754080772
2023-11-01 03:53:16,361 | train | INFO | batch: 300/1371 loss: 0.011301274411380291
2023-11-01 03:55:45,018 | train | INFO | batch: 400/1371 loss: 0.011078190989792347
2023-11-01 03:58:13,910 | train | INFO | batch: 500/1371 loss: 0.016923068091273308
2023-11-01 04:00:42,276 | train | INFO | batch: 600/1371 loss: 0.006968877278268337
2023-11-01 04:03:10,553 | train | INFO | batch: 700/1371 loss: 0.01079544983804226
2023-11-01 04:05:38,839 | train | INFO | batch: 800/1371 loss: 0.007095174863934517
2023-11-01 04:08:06,895 | train | INFO | batch: 900/1371 loss: 0.006738250143826008
2023-11-01 04:10:35,484 | train | INFO | batch: 1000/1371 loss: 0.0074843172915279865
2023-11-01 04:13:03,557 | train | INFO | batch: 1100/1371 loss: 0.009714779444038868
2023-11-01 04:15:31,819 | train | INFO | batch: 1200/1371 loss: 0.011614617891609669
2023-11-01 04:17:59,604 | train | INFO | batch: 1300/1371 loss: 0.007878588512539864
2023-11-01 04:19:42,889 | train | INFO | --Val 9/30
2023-11-01 04:19:44,074 | train | INFO | batch: 0/125 loss: 0.010711131617426872
2023-11-01 04:21:42,328 | train | INFO | batch: 100/125 loss: 0.012540169060230255
2023-11-01 04:22:10,644 | train | INFO | Write row 9
2023-11-01 04:22:11,182 | train | INFO | --Train 10/30
2023-11-01 04:22:12,374 | train | INFO | batch: 0/1371 loss: 0.009032377041876316
2023-11-01 04:24:40,740 | train | INFO | batch: 100/1371 loss: 0.008657163940370083
2023-11-01 04:27:08,910 | train | INFO | batch: 200/1371 loss: 0.00763726094737649
2023-11-01 04:29:36,802 | train | INFO | batch: 300/1371 loss: 0.006750492379069328
2023-11-01 04:32:05,276 | train | INFO | batch: 400/1371 loss: 0.007940064184367657
2023-11-01 04:34:32,989 | train | INFO | batch: 500/1371 loss: 0.007420712616294622
2023-11-01 04:37:00,592 | train | INFO | batch: 600/1371 loss: 0.007435285486280918
2023-11-01 04:39:28,591 | train | INFO | batch: 700/1371 loss: 0.009310420602560043
2023-11-01 04:41:56,564 | train | INFO | batch: 800/1371 loss: 0.007992755621671677
2023-11-01 04:44:24,345 | train | INFO | batch: 900/1371 loss: 0.006253192666918039
2023-11-01 04:46:51,784 | train | INFO | batch: 1000/1371 loss: 0.007897668518126011
2023-11-01 04:49:19,658 | train | INFO | batch: 1100/1371 loss: 0.007869343273341656
2023-11-01 04:51:47,833 | train | INFO | batch: 1200/1371 loss: 0.006902122404426336
2023-11-01 04:54:16,000 | train | INFO | batch: 1300/1371 loss: 0.008382179774343967
2023-11-01 04:55:58,944 | train | INFO | --Val 10/30
2023-11-01 04:56:00,148 | train | INFO | batch: 0/125 loss: 0.010391090996563435
2023-11-01 04:58:01,737 | train | INFO | batch: 100/125 loss: 0.012265278957784176
2023-11-01 04:58:30,781 | train | INFO | Write row 10
2023-11-01 04:58:31,336 | train | INFO | --Train 11/30
2023-11-01 04:58:32,510 | train | INFO | batch: 0/1371 loss: 0.0058155362494289875
2023-11-01 05:01:00,374 | train | INFO | batch: 100/1371 loss: 0.007433382794260979
2023-11-01 05:03:28,471 | train | INFO | batch: 200/1371 loss: 0.008725117892026901
2023-11-01 05:05:56,878 | train | INFO | batch: 300/1371 loss: 0.005965339485555887
2023-11-01 05:08:24,648 | train | INFO | batch: 400/1371 loss: 0.007372700143605471
2023-11-01 05:10:52,897 | train | INFO | batch: 500/1371 loss: 0.008425962179899216
2023-11-01 05:13:20,514 | train | INFO | batch: 600/1371 loss: 0.005637502297759056
2023-11-01 05:15:48,369 | train | INFO | batch: 700/1371 loss: 0.007954522036015987
2023-11-01 05:18:16,400 | train | INFO | batch: 800/1371 loss: 0.00819623563438654
2023-11-01 05:20:44,864 | train | INFO | batch: 900/1371 loss: 0.007955682463943958
2023-11-01 05:23:12,899 | train | INFO | batch: 1000/1371 loss: 0.006930585019290447
2023-11-01 05:25:41,265 | train | INFO | batch: 1100/1371 loss: 0.007633894681930542
2023-11-01 05:28:09,012 | train | INFO | batch: 1200/1371 loss: 0.007474965415894985
2023-11-01 05:30:37,393 | train | INFO | batch: 1300/1371 loss: 0.006441333331167698
2023-11-01 05:32:20,443 | train | INFO | --Val 11/30
2023-11-01 05:32:21,661 | train | INFO | batch: 0/125 loss: 0.009402510710060596
2023-11-01 05:34:23,606 | train | INFO | batch: 100/125 loss: 0.012656799517571926
2023-11-01 05:34:52,863 | train | INFO | Write row 11
2023-11-01 05:34:53,423 | train | INFO | --Train 12/30
2023-11-01 05:34:54,632 | train | INFO | batch: 0/1371 loss: 0.006965921260416508
2023-11-01 05:37:22,603 | train | INFO | batch: 100/1371 loss: 0.007005109451711178
2023-11-01 05:39:50,347 | train | INFO | batch: 200/1371 loss: 0.00834476388990879
2023-11-01 05:42:19,329 | train | INFO | batch: 300/1371 loss: 0.007699355948716402
2023-11-01 05:44:47,420 | train | INFO | batch: 400/1371 loss: 0.008124897256493568
2023-11-01 05:47:16,667 | train | INFO | batch: 500/1371 loss: 0.020017579197883606
2023-11-01 05:49:45,368 | train | INFO | batch: 600/1371 loss: 0.009841248393058777
2023-11-01 05:52:13,801 | train | INFO | batch: 700/1371 loss: 0.008381607010960579
2023-11-01 05:54:42,480 | train | INFO | batch: 800/1371 loss: 0.007520598825067282
2023-11-01 05:57:10,841 | train | INFO | batch: 900/1371 loss: 0.00725237000733614
2023-11-01 05:59:38,865 | train | INFO | batch: 1000/1371 loss: 0.007604891899973154
2023-11-01 06:02:07,269 | train | INFO | batch: 1100/1371 loss: 0.0066854385659098625
2023-11-01 06:04:35,369 | train | INFO | batch: 1200/1371 loss: 0.008830434642732143
2023-11-01 06:07:03,593 | train | INFO | batch: 1300/1371 loss: 0.006282423157244921
2023-11-01 06:08:46,390 | train | INFO | --Val 12/30
2023-11-01 06:08:47,588 | train | INFO | batch: 0/125 loss: 0.010594195686280727
2023-11-01 06:10:47,945 | train | INFO | batch: 100/125 loss: 0.011930342763662338
2023-11-01 06:11:17,276 | train | INFO | Write row 12
2023-11-01 06:11:17,845 | train | INFO | --Train 13/30
2023-11-01 06:11:19,085 | train | INFO | batch: 0/1371 loss: 0.006806272082030773
2023-11-01 06:13:47,355 | train | INFO | batch: 100/1371 loss: 0.007992180064320564
2023-11-01 06:16:16,067 | train | INFO | batch: 200/1371 loss: 0.007882831618189812
2023-11-01 06:18:44,142 | train | INFO | batch: 300/1371 loss: 0.007223157212138176
2023-11-01 06:21:12,007 | train | INFO | batch: 400/1371 loss: 0.009127921424806118
2023-11-01 06:23:39,945 | train | INFO | batch: 500/1371 loss: 0.005217200145125389
2023-11-01 06:26:08,043 | train | INFO | batch: 600/1371 loss: 0.009710460901260376
2023-11-01 06:28:36,041 | train | INFO | batch: 700/1371 loss: 0.008293039165437222
2023-11-01 06:31:03,791 | train | INFO | batch: 800/1371 loss: 0.00738953985273838
2023-11-01 06:33:31,928 | train | INFO | batch: 900/1371 loss: 0.0050697787664830685
2023-11-01 06:35:59,970 | train | INFO | batch: 1000/1371 loss: 0.008171429857611656
2023-11-01 06:38:28,249 | train | INFO | batch: 1100/1371 loss: 0.009269505739212036
2023-11-01 06:40:57,076 | train | INFO | batch: 1200/1371 loss: 0.007886024191975594
2023-11-01 06:43:25,808 | train | INFO | batch: 1300/1371 loss: 0.008150146342813969
2023-11-01 06:45:08,687 | train | INFO | --Val 13/30
2023-11-01 06:45:09,893 | train | INFO | batch: 0/125 loss: 0.01256467867642641
2023-11-01 06:47:11,852 | train | INFO | batch: 100/125 loss: 0.011741941794753075
2023-11-01 06:47:41,179 | train | INFO | Write row 13
2023-11-01 06:47:42,032 | train | INFO | --Train 14/30
2023-11-01 06:47:43,248 | train | INFO | batch: 0/1371 loss: 0.008392296731472015
2023-11-01 06:50:11,284 | train | INFO | batch: 100/1371 loss: 0.0061781094409525394
2023-11-01 06:52:39,579 | train | INFO | batch: 200/1371 loss: 0.006236410699784756
2023-11-01 06:55:07,477 | train | INFO | batch: 300/1371 loss: 0.006781314499676228
2023-11-01 06:57:35,329 | train | INFO | batch: 400/1371 loss: 0.007351725362241268
2023-11-01 07:00:02,896 | train | INFO | batch: 500/1371 loss: 0.00610447907820344
2023-11-01 07:02:30,659 | train | INFO | batch: 600/1371 loss: 0.008458337746560574
2023-11-01 07:04:58,637 | train | INFO | batch: 700/1371 loss: 0.007068214472383261
2023-11-01 07:07:26,781 | train | INFO | batch: 800/1371 loss: 0.006587496493011713
2023-11-01 07:09:55,125 | train | INFO | batch: 900/1371 loss: 0.007231804076582193
2023-11-01 07:12:23,676 | train | INFO | batch: 1000/1371 loss: 0.006853205151855946
2023-11-01 07:14:51,389 | train | INFO | batch: 1100/1371 loss: 0.006949681788682938
2023-11-01 07:17:18,811 | train | INFO | batch: 1200/1371 loss: 0.006272830534726381
2023-11-01 07:19:47,329 | train | INFO | batch: 1300/1371 loss: 0.006808721926063299
2023-11-01 07:21:30,203 | train | INFO | --Val 14/30
2023-11-01 07:21:31,412 | train | INFO | batch: 0/125 loss: 0.012522599659860134
2023-11-01 07:23:32,708 | train | INFO | batch: 100/125 loss: 0.010718978010118008
2023-11-01 07:24:01,684 | train | INFO | Write row 14
2023-11-01 07:24:02,556 | train | INFO | --Train 15/30
2023-11-01 07:24:03,773 | train | INFO | batch: 0/1371 loss: 0.008098741061985493
2023-11-01 07:26:31,380 | train | INFO | batch: 100/1371 loss: 0.0065448894165456295
2023-11-01 07:28:59,479 | train | INFO | batch: 200/1371 loss: 0.006291558034718037
2023-11-01 07:31:27,228 | train | INFO | batch: 300/1371 loss: 0.007961994968354702
2023-11-01 07:33:55,107 | train | INFO | batch: 400/1371 loss: 0.006000484339892864
2023-11-01 07:36:23,052 | train | INFO | batch: 500/1371 loss: 0.006690950598567724
2023-11-01 07:38:50,998 | train | INFO | batch: 600/1371 loss: 0.006930338218808174
2023-11-01 07:41:19,227 | train | INFO | batch: 700/1371 loss: 0.006937799509614706
2023-11-01 07:43:46,553 | train | INFO | batch: 800/1371 loss: 0.007954467087984085
2023-11-01 07:46:14,258 | train | INFO | batch: 900/1371 loss: 0.005960005335509777
2023-11-01 07:48:41,756 | train | INFO | batch: 1000/1371 loss: 0.006695831660181284
2023-11-01 07:51:09,781 | train | INFO | batch: 1100/1371 loss: 0.008720600046217442
2023-11-01 07:53:37,865 | train | INFO | batch: 1200/1371 loss: 0.0069916690699756145
2023-11-01 07:56:05,949 | train | INFO | batch: 1300/1371 loss: 0.007479955442249775
2023-11-01 07:57:48,569 | train | INFO | --Val 15/30
2023-11-01 07:57:49,764 | train | INFO | batch: 0/125 loss: 0.00909348949790001
2023-11-01 07:59:51,255 | train | INFO | batch: 100/125 loss: 0.01085825078189373
2023-11-01 08:00:20,383 | train | INFO | Write row 15
2023-11-01 08:00:20,973 | train | INFO | --Train 16/30
2023-11-01 08:00:22,167 | train | INFO | batch: 0/1371 loss: 0.005732112564146519
2023-11-01 08:02:49,877 | train | INFO | batch: 100/1371 loss: 0.006176845170557499
2023-11-01 08:05:17,651 | train | INFO | batch: 200/1371 loss: 0.005504600238054991
2023-11-01 08:07:45,646 | train | INFO | batch: 300/1371 loss: 0.005655999295413494
2023-11-01 08:10:13,944 | train | INFO | batch: 400/1371 loss: 0.005959447007626295
2023-11-01 08:12:41,798 | train | INFO | batch: 500/1371 loss: 0.006166554521769285
2023-11-01 08:15:09,709 | train | INFO | batch: 600/1371 loss: 0.0058960868045687675
2023-11-01 08:17:37,603 | train | INFO | batch: 700/1371 loss: 0.006257912609726191
2023-11-01 08:20:05,842 | train | INFO | batch: 800/1371 loss: 0.006240048445761204
2023-11-01 08:22:34,415 | train | INFO | batch: 900/1371 loss: 0.0072433906607329845
2023-11-01 08:25:02,335 | train | INFO | batch: 1000/1371 loss: 0.0076759736984968185
2023-11-01 08:27:30,143 | train | INFO | batch: 1100/1371 loss: 0.006661253981292248
2023-11-01 08:29:58,585 | train | INFO | batch: 1200/1371 loss: 0.008928077295422554
2023-11-01 08:32:26,570 | train | INFO | batch: 1300/1371 loss: 0.008090407587587833
2023-11-01 08:34:09,444 | train | INFO | --Val 16/30
2023-11-01 08:34:10,628 | train | INFO | batch: 0/125 loss: 0.010425145737826824
2023-11-01 08:36:12,536 | train | INFO | batch: 100/125 loss: 0.010663684457540512
2023-11-01 08:36:41,738 | train | INFO | Write row 16
2023-11-01 08:36:42,338 | train | INFO | --Train 17/30
2023-11-01 08:36:43,554 | train | INFO | batch: 0/1371 loss: 0.007484396919608116
2023-11-01 08:39:11,718 | train | INFO | batch: 100/1371 loss: 0.0070978133007884026
2023-11-01 08:41:39,863 | train | INFO | batch: 200/1371 loss: 0.00621101725846529
2023-11-01 08:44:08,359 | train | INFO | batch: 300/1371 loss: 0.005666293203830719
2023-11-01 08:46:36,694 | train | INFO | batch: 400/1371 loss: 0.005037760827690363
2023-11-01 08:49:04,443 | train | INFO | batch: 500/1371 loss: 0.0064649623818695545
2023-11-01 08:51:32,577 | train | INFO | batch: 600/1371 loss: 0.007783254608511925
2023-11-01 08:54:00,835 | train | INFO | batch: 700/1371 loss: 0.0056235576048493385
2023-11-01 08:56:28,502 | train | INFO | batch: 800/1371 loss: 0.005222404841333628
2023-11-01 08:58:56,493 | train | INFO | batch: 900/1371 loss: 0.010166487656533718
2023-11-01 09:01:24,558 | train | INFO | batch: 1000/1371 loss: 0.006437917705625296
2023-11-01 09:03:52,422 | train | INFO | batch: 1100/1371 loss: 0.007397857494652271
2023-11-01 09:06:20,407 | train | INFO | batch: 1200/1371 loss: 0.006613662466406822
2023-11-01 09:08:48,402 | train | INFO | batch: 1300/1371 loss: 0.006197846960276365
2023-11-01 09:10:31,553 | train | INFO | --Val 17/30
2023-11-01 09:10:32,737 | train | INFO | batch: 0/125 loss: 0.009832934476435184
2023-11-01 09:12:30,933 | train | INFO | batch: 100/125 loss: 0.009627875871956348
2023-11-01 09:12:59,372 | train | INFO | Write row 17
2023-11-01 09:12:59,971 | train | INFO | --Train 18/30
2023-11-01 09:13:01,132 | train | INFO | batch: 0/1371 loss: 0.007481484208256006
2023-11-01 09:15:29,710 | train | INFO | batch: 100/1371 loss: 0.0059621636755764484
2023-11-01 09:17:58,037 | train | INFO | batch: 200/1371 loss: 0.006091977935284376
2023-11-01 09:20:25,612 | train | INFO | batch: 300/1371 loss: 0.0077599454671144485
2023-11-01 09:22:53,355 | train | INFO | batch: 400/1371 loss: 0.005533737130463123
2023-11-01 09:25:20,767 | train | INFO | batch: 500/1371 loss: 0.006151104811578989
2023-11-01 09:27:49,377 | train | INFO | batch: 600/1371 loss: 0.007039416115731001
2023-11-01 09:30:17,353 | train | INFO | batch: 700/1371 loss: 0.006295932922512293
2023-11-01 09:32:45,865 | train | INFO | batch: 800/1371 loss: 0.005969530437141657
2023-11-01 09:35:14,383 | train | INFO | batch: 900/1371 loss: 0.00579842971637845
2023-11-01 09:37:42,080 | train | INFO | batch: 1000/1371 loss: 0.004705879837274551
2023-11-01 09:40:10,497 | train | INFO | batch: 1100/1371 loss: 0.005981976632028818
2023-11-01 09:42:38,527 | train | INFO | batch: 1200/1371 loss: 0.005454543512314558
2023-11-01 09:45:06,598 | train | INFO | batch: 1300/1371 loss: 0.004661344923079014
2023-11-01 09:46:49,330 | train | INFO | --Val 18/30
2023-11-01 09:46:50,528 | train | INFO | batch: 0/125 loss: 0.010053439065814018
2023-11-01 09:48:52,029 | train | INFO | batch: 100/125 loss: 0.011186085641384125
2023-11-01 09:49:21,137 | train | INFO | Write row 18
2023-11-01 09:49:21,752 | train | INFO | --Train 19/30
2023-11-01 09:49:22,958 | train | INFO | batch: 0/1371 loss: 0.00512443482875824
2023-11-01 09:51:50,545 | train | INFO | batch: 100/1371 loss: 0.005072382744401693
2023-11-01 09:54:18,366 | train | INFO | batch: 200/1371 loss: 0.005773412995040417
2023-11-01 09:56:46,194 | train | INFO | batch: 300/1371 loss: 0.005283657927066088
2023-11-01 09:59:13,805 | train | INFO | batch: 400/1371 loss: 0.006075866986066103
2023-11-01 10:01:41,811 | train | INFO | batch: 500/1371 loss: 0.007008970249444246
2023-11-01 10:04:09,757 | train | INFO | batch: 600/1371 loss: 0.005379038862884045
2023-11-01 10:06:37,684 | train | INFO | batch: 700/1371 loss: 0.007258168887346983
2023-11-01 10:09:05,345 | train | INFO | batch: 800/1371 loss: 0.005575447343289852
2023-11-01 10:11:33,538 | train | INFO | batch: 900/1371 loss: 0.007244440261274576
2023-11-01 10:14:01,493 | train | INFO | batch: 1000/1371 loss: 0.004846974741667509
2023-11-01 10:16:29,493 | train | INFO | batch: 1100/1371 loss: 0.005276703741401434
2023-11-01 10:18:57,622 | train | INFO | batch: 1200/1371 loss: 0.0060268584638834
2023-11-01 10:21:26,088 | train | INFO | batch: 1300/1371 loss: 0.0066609433852136135
2023-11-01 10:23:09,341 | train | INFO | --Val 19/30
2023-11-01 10:23:10,551 | train | INFO | batch: 0/125 loss: 0.009450921788811684
2023-11-01 10:25:12,354 | train | INFO | batch: 100/125 loss: 0.009753401391208172
2023-11-01 10:25:41,554 | train | INFO | Write row 19
2023-11-01 10:25:42,174 | train | INFO | --Train 20/30
2023-11-01 10:25:43,418 | train | INFO | batch: 0/1371 loss: 0.006661940366029739
2023-11-01 10:28:11,106 | train | INFO | batch: 100/1371 loss: 0.0037698429077863693
2023-11-01 10:30:38,875 | train | INFO | batch: 200/1371 loss: 0.0043807015754282475
2023-11-01 10:33:06,809 | train | INFO | batch: 300/1371 loss: 0.004143181256949902
2023-11-01 10:35:34,315 | train | INFO | batch: 400/1371 loss: 0.00658746063709259
2023-11-01 10:38:01,862 | train | INFO | batch: 500/1371 loss: 0.004543127026408911
2023-11-01 10:40:30,337 | train | INFO | batch: 600/1371 loss: 0.006239756941795349
2023-11-01 10:42:58,427 | train | INFO | batch: 700/1371 loss: 0.006014579441398382
2023-11-01 10:45:25,981 | train | INFO | batch: 800/1371 loss: 0.005801753606647253
2023-11-01 10:47:54,291 | train | INFO | batch: 900/1371 loss: 0.007603794801980257
2023-11-01 10:50:22,621 | train | INFO | batch: 1000/1371 loss: 0.005179009400308132
2023-11-01 10:52:50,431 | train | INFO | batch: 1100/1371 loss: 0.006331806071102619
2023-11-01 10:55:17,950 | train | INFO | batch: 1200/1371 loss: 0.007500805892050266
2023-11-01 10:57:45,889 | train | INFO | batch: 1300/1371 loss: 0.006672632414847612
2023-11-01 10:59:29,141 | train | INFO | --Val 20/30
2023-11-01 10:59:30,337 | train | INFO | batch: 0/125 loss: 0.010894294828176498
2023-11-01 11:01:32,323 | train | INFO | batch: 100/125 loss: 0.010650765150785446
2023-11-01 11:02:01,593 | train | INFO | Write row 20
2023-11-01 11:02:02,575 | train | INFO | --Train 21/30
2023-11-01 11:02:03,744 | train | INFO | batch: 0/1371 loss: 0.005351344123482704
2023-11-01 11:04:32,072 | train | INFO | batch: 100/1371 loss: 0.005735808052122593
2023-11-01 11:07:00,145 | train | INFO | batch: 200/1371 loss: 0.005296131130307913
2023-11-01 11:09:28,620 | train | INFO | batch: 300/1371 loss: 0.00640483433380723
2023-11-01 11:11:56,457 | train | INFO | batch: 400/1371 loss: 0.005219853948801756
2023-11-01 11:14:24,322 | train | INFO | batch: 500/1371 loss: 0.004811442922800779
2023-11-01 11:16:52,108 | train | INFO | batch: 600/1371 loss: 0.005030481610447168
2023-11-01 11:19:20,270 | train | INFO | batch: 700/1371 loss: 0.006913207937031984
2023-11-01 11:21:48,098 | train | INFO | batch: 800/1371 loss: 0.005891949869692326
2023-11-01 11:24:16,306 | train | INFO | batch: 900/1371 loss: 0.005865585058927536
2023-11-01 11:26:44,744 | train | INFO | batch: 1000/1371 loss: 0.005724878050386906
2023-11-01 11:29:12,510 | train | INFO | batch: 1100/1371 loss: 0.005911934655159712
2023-11-01 11:31:41,024 | train | INFO | batch: 1200/1371 loss: 0.006831933278590441
2023-11-01 11:34:08,846 | train | INFO | batch: 1300/1371 loss: 0.004958581179380417
2023-11-01 11:35:52,381 | train | INFO | --Val 21/30
2023-11-01 11:35:53,585 | train | INFO | batch: 0/125 loss: 0.009678289294242859
2023-11-01 11:37:51,696 | train | INFO | batch: 100/125 loss: 0.009875943884253502
2023-11-01 11:38:20,051 | train | INFO | Write row 21
2023-11-01 11:38:20,687 | train | INFO | --Train 22/30
2023-11-01 11:38:21,901 | train | INFO | batch: 0/1371 loss: 0.006038197781890631
2023-11-01 11:40:50,023 | train | INFO | batch: 100/1371 loss: 0.005469679366797209
2023-11-01 11:43:18,170 | train | INFO | batch: 200/1371 loss: 0.004793296102434397
2023-11-01 11:45:46,401 | train | INFO | batch: 300/1371 loss: 0.005879234056919813
2023-11-01 11:48:14,422 | train | INFO | batch: 400/1371 loss: 0.005056147463619709
2023-11-01 11:50:42,402 | train | INFO | batch: 500/1371 loss: 0.004758449736982584
2023-11-01 11:53:10,385 | train | INFO | batch: 600/1371 loss: 0.004014821257442236
2023-11-01 11:55:38,302 | train | INFO | batch: 700/1371 loss: 0.004733581095933914
2023-11-01 11:58:06,652 | train | INFO | batch: 800/1371 loss: 0.005459615960717201
2023-11-01 12:00:34,480 | train | INFO | batch: 900/1371 loss: 0.005268878303468227
2023-11-01 12:03:02,415 | train | INFO | batch: 1000/1371 loss: 0.005525966174900532
2023-11-01 12:05:30,285 | train | INFO | batch: 1100/1371 loss: 0.006595604121685028
2023-11-01 12:07:58,370 | train | INFO | batch: 1200/1371 loss: 0.005749277770519257
2023-11-01 12:10:26,477 | train | INFO | batch: 1300/1371 loss: 0.00675585912540555
2023-11-01 12:12:09,004 | train | INFO | --Val 22/30
2023-11-01 12:12:10,212 | train | INFO | batch: 0/125 loss: 0.01001223549246788
2023-11-01 12:14:11,765 | train | INFO | batch: 100/125 loss: 0.009878281503915787
2023-11-01 12:14:40,861 | train | INFO | Write row 22
2023-11-01 12:14:41,506 | train | INFO | --Train 23/30
2023-11-01 12:14:42,690 | train | INFO | batch: 0/1371 loss: 0.0045838444493710995
2023-11-01 12:17:10,546 | train | INFO | batch: 100/1371 loss: 0.004273838829249144
2023-11-01 12:19:38,728 | train | INFO | batch: 200/1371 loss: 0.004835139028728008
2023-11-01 12:22:06,767 | train | INFO | batch: 300/1371 loss: 0.0037610549479722977
2023-11-01 12:24:34,916 | train | INFO | batch: 400/1371 loss: 0.005855946335941553
2023-11-01 12:27:02,854 | train | INFO | batch: 500/1371 loss: 0.006010432727634907
2023-11-01 12:29:30,449 | train | INFO | batch: 600/1371 loss: 0.00696183554828167
2023-11-01 12:31:58,380 | train | INFO | batch: 700/1371 loss: 0.005010178778320551
2023-11-01 12:34:26,743 | train | INFO | batch: 800/1371 loss: 0.004920036066323519
2023-11-01 12:36:54,725 | train | INFO | batch: 900/1371 loss: 0.004401239566504955
2023-11-01 12:39:22,578 | train | INFO | batch: 1000/1371 loss: 0.005423580761998892
2023-11-01 12:41:50,610 | train | INFO | batch: 1100/1371 loss: 0.0045895809307694435
2023-11-01 12:44:19,312 | train | INFO | batch: 1200/1371 loss: 0.004054141230881214
2023-11-01 12:46:46,577 | train | INFO | batch: 1300/1371 loss: 0.005155814811587334
2023-11-01 12:48:29,400 | train | INFO | --Val 23/30
2023-11-01 12:48:30,595 | train | INFO | batch: 0/125 loss: 0.008924131281673908
2023-11-01 12:50:32,547 | train | INFO | batch: 100/125 loss: 0.010278819128870964
2023-11-01 12:51:01,832 | train | INFO | Write row 23
2023-11-01 12:51:02,484 | train | INFO | --Train 24/30
2023-11-01 12:51:03,694 | train | INFO | batch: 0/1371 loss: 0.0048877280205488205
2023-11-01 12:53:31,377 | train | INFO | batch: 100/1371 loss: 0.004862152971327305
2023-11-01 12:55:59,506 | train | INFO | batch: 200/1371 loss: 0.005461953580379486
2023-11-01 12:58:27,332 | train | INFO | batch: 300/1371 loss: 0.004054635763168335
2023-11-01 13:00:55,471 | train | INFO | batch: 400/1371 loss: 0.00442431541159749
2023-11-01 13:03:23,606 | train | INFO | batch: 500/1371 loss: 0.004672440234571695
2023-11-01 13:05:51,920 | train | INFO | batch: 600/1371 loss: 0.0047108023427426815
2023-11-01 13:08:19,894 | train | INFO | batch: 700/1371 loss: 0.004390283953398466
2023-11-01 13:10:47,457 | train | INFO | batch: 800/1371 loss: 0.004994112532585859
2023-11-01 13:13:15,559 | train | INFO | batch: 900/1371 loss: 0.005472833290696144
2023-11-01 13:15:43,313 | train | INFO | batch: 1000/1371 loss: 0.005347900558263063
2023-11-01 13:18:11,420 | train | INFO | batch: 1100/1371 loss: 0.0056159235537052155
2023-11-01 13:20:39,208 | train | INFO | batch: 1200/1371 loss: 0.006119284778833389
2023-11-01 13:23:07,380 | train | INFO | batch: 1300/1371 loss: 0.006295977160334587
2023-11-01 13:24:50,110 | train | INFO | --Val 24/30
2023-11-01 13:24:51,267 | train | INFO | batch: 0/125 loss: 0.010001389309763908
2023-11-01 13:26:49,388 | train | INFO | batch: 100/125 loss: 0.011328917928040028
2023-11-01 13:27:17,725 | train | INFO | Write row 24
2023-11-01 13:27:18,389 | train | INFO | --Train 25/30
2023-11-01 13:27:19,582 | train | INFO | batch: 0/1371 loss: 0.006247664336115122
2023-11-01 13:29:47,579 | train | INFO | batch: 100/1371 loss: 0.004028279334306717
2023-11-01 13:32:16,158 | train | INFO | batch: 200/1371 loss: 0.004791877698153257
2023-11-01 13:34:44,203 | train | INFO | batch: 300/1371 loss: 0.005497484002262354
2023-11-01 13:37:11,958 | train | INFO | batch: 400/1371 loss: 0.0038339707534760237
2023-11-01 13:39:39,647 | train | INFO | batch: 500/1371 loss: 0.0066735404543578625
2023-11-01 13:42:07,812 | train | INFO | batch: 600/1371 loss: 0.0052593243308365345
2023-11-01 13:44:35,946 | train | INFO | batch: 700/1371 loss: 0.004620831925421953
2023-11-01 13:47:04,556 | train | INFO | batch: 800/1371 loss: 0.004690458532422781
2023-11-01 13:49:32,967 | train | INFO | batch: 900/1371 loss: 0.005001692101359367
2023-11-01 13:52:01,063 | train | INFO | batch: 1000/1371 loss: 0.0057732523418962955
2023-11-01 13:54:28,981 | train | INFO | batch: 1100/1371 loss: 0.004984050989151001
2023-11-01 13:56:57,172 | train | INFO | batch: 1200/1371 loss: 0.005133642815053463
2023-11-01 13:59:25,417 | train | INFO | batch: 1300/1371 loss: 0.0029310097452253103
2023-11-01 14:01:08,675 | train | INFO | --Val 25/30
2023-11-01 14:01:09,862 | train | INFO | batch: 0/125 loss: 0.011056275106966496
2023-11-01 14:03:08,002 | train | INFO | batch: 100/125 loss: 0.00866295862942934
2023-11-01 14:03:36,382 | train | INFO | Write row 25
2023-11-01 14:03:37,048 | train | INFO | --Train 26/30
2023-11-01 14:03:38,238 | train | INFO | batch: 0/1371 loss: 0.004487558268010616
2023-11-01 14:06:06,195 | train | INFO | batch: 100/1371 loss: 0.00466913403943181
2023-11-01 14:08:34,133 | train | INFO | batch: 200/1371 loss: 0.0060872831381857395
2023-11-01 14:11:01,678 | train | INFO | batch: 300/1371 loss: 0.00403672456741333
2023-11-01 14:13:29,694 | train | INFO | batch: 400/1371 loss: 0.004485322628170252
2023-11-01 14:15:57,340 | train | INFO | batch: 500/1371 loss: 0.004895724356174469
2023-11-01 14:18:25,413 | train | INFO | batch: 600/1371 loss: 0.0047821407206356525
2023-11-01 14:20:53,433 | train | INFO | batch: 700/1371 loss: 0.004524335730820894
2023-11-01 14:23:20,703 | train | INFO | batch: 800/1371 loss: 0.005135378334671259
2023-11-01 14:25:48,778 | train | INFO | batch: 900/1371 loss: 0.005465433467179537
2023-11-01 14:28:16,983 | train | INFO | batch: 1000/1371 loss: 0.004469717852771282
2023-11-01 14:30:45,789 | train | INFO | batch: 1100/1371 loss: 0.006073557306081057
2023-11-01 14:33:13,618 | train | INFO | batch: 1200/1371 loss: 0.0041992622427642345
2023-11-01 14:35:41,986 | train | INFO | batch: 1300/1371 loss: 0.005580853205174208
2023-11-01 14:37:24,824 | train | INFO | --Val 26/30
2023-11-01 14:37:26,044 | train | INFO | batch: 0/125 loss: 0.008572922088205814
2023-11-01 14:39:27,605 | train | INFO | batch: 100/125 loss: 0.010507036000490189
2023-11-01 14:39:56,773 | train | INFO | Write row 26
2023-11-01 14:39:57,448 | train | INFO | --Train 27/30
2023-11-01 14:39:58,686 | train | INFO | batch: 0/1371 loss: 0.004352430813014507
2023-11-01 14:42:26,503 | train | INFO | batch: 100/1371 loss: 0.005285847000777721
2023-11-01 14:44:54,401 | train | INFO | batch: 200/1371 loss: 0.004406201187521219
2023-11-01 14:47:22,542 | train | INFO | batch: 300/1371 loss: 0.005109603516757488
2023-11-01 14:49:50,760 | train | INFO | batch: 400/1371 loss: 0.004456480965018272
2023-11-01 14:52:18,353 | train | INFO | batch: 500/1371 loss: 0.0047921654768288136
2023-11-01 14:54:46,325 | train | INFO | batch: 600/1371 loss: 0.0034231115132570267
2023-11-01 14:57:14,609 | train | INFO | batch: 700/1371 loss: 0.006089421920478344
2023-11-01 14:59:42,638 | train | INFO | batch: 800/1371 loss: 0.004673314746469259
2023-11-01 15:02:10,724 | train | INFO | batch: 900/1371 loss: 0.00555298151448369
2023-11-01 15:04:38,899 | train | INFO | batch: 1000/1371 loss: 0.004738267976790667
2023-11-01 15:07:06,880 | train | INFO | batch: 1100/1371 loss: 0.004497048445045948
2023-11-01 15:09:35,093 | train | INFO | batch: 1200/1371 loss: 0.004121873062103987
2023-11-01 15:12:02,761 | train | INFO | batch: 1300/1371 loss: 0.005438061431050301
2023-11-01 15:13:45,277 | train | INFO | --Val 27/30
2023-11-01 15:13:46,489 | train | INFO | batch: 0/125 loss: 0.008969195187091827
2023-11-01 15:15:48,190 | train | INFO | batch: 100/125 loss: 0.009550401009619236
2023-11-01 15:16:17,458 | train | INFO | Write row 27
2023-11-01 15:16:18,142 | train | INFO | --Train 28/30
2023-11-01 15:16:19,334 | train | INFO | batch: 0/1371 loss: 0.004634495358914137
2023-11-01 15:18:47,419 | train | INFO | batch: 100/1371 loss: 0.006303116679191589
2023-11-01 15:21:15,196 | train | INFO | batch: 200/1371 loss: 0.003865842241793871
2023-11-01 15:23:43,320 | train | INFO | batch: 300/1371 loss: 0.004303907975554466
2023-11-01 15:26:11,846 | train | INFO | batch: 400/1371 loss: 0.004034687764942646
2023-11-01 15:28:39,888 | train | INFO | batch: 500/1371 loss: 0.005075307097285986
2023-11-01 15:31:07,727 | train | INFO | batch: 600/1371 loss: 0.004913379438221455
2023-11-01 15:33:35,606 | train | INFO | batch: 700/1371 loss: 0.00578307406976819
2023-11-01 15:36:03,439 | train | INFO | batch: 800/1371 loss: 0.0040651108138263226
2023-11-01 15:38:30,932 | train | INFO | batch: 900/1371 loss: 0.004737516865134239
2023-11-01 15:40:59,323 | train | INFO | batch: 1000/1371 loss: 0.004009611438959837
2023-11-01 15:43:26,717 | train | INFO | batch: 1100/1371 loss: 0.0046186563558876514
2023-11-01 15:45:53,976 | train | INFO | batch: 1200/1371 loss: 0.0038356243167072535
2023-11-01 15:48:21,631 | train | INFO | batch: 1300/1371 loss: 0.006045678164809942
2023-11-01 15:50:04,483 | train | INFO | --Val 28/30
2023-11-01 15:50:05,694 | train | INFO | batch: 0/125 loss: 0.00901719555258751
2023-11-01 15:52:07,647 | train | INFO | batch: 100/125 loss: 0.00799921527504921
2023-11-01 15:52:36,945 | train | INFO | Write row 28
2023-11-01 15:52:37,637 | train | INFO | --Train 29/30
2023-11-01 15:52:38,839 | train | INFO | batch: 0/1371 loss: 0.0033104263711720705
2023-11-01 15:55:06,778 | train | INFO | batch: 100/1371 loss: 0.004056922160089016
2023-11-01 15:57:35,297 | train | INFO | batch: 200/1371 loss: 0.0038785485085099936
2023-11-01 16:00:03,565 | train | INFO | batch: 300/1371 loss: 0.005332879722118378
2023-11-01 16:02:31,423 | train | INFO | batch: 400/1371 loss: 0.004689276684075594
2023-11-01 16:04:59,244 | train | INFO | batch: 500/1371 loss: 0.005080550909042358
2023-11-01 16:07:27,033 | train | INFO | batch: 600/1371 loss: 0.0039809527806937695
2023-11-01 16:09:54,805 | train | INFO | batch: 700/1371 loss: 0.004240488167852163
2023-11-01 16:12:22,898 | train | INFO | batch: 800/1371 loss: 0.004341801628470421
2023-11-01 16:14:50,791 | train | INFO | batch: 900/1371 loss: 0.005015629343688488
2023-11-01 16:17:18,547 | train | INFO | batch: 1000/1371 loss: 0.0037281557451933622
2023-11-01 16:19:46,230 | train | INFO | batch: 1100/1371 loss: 0.004682411439716816
2023-11-01 16:22:14,125 | train | INFO | batch: 1200/1371 loss: 0.0044598449021577835
2023-11-01 16:24:42,048 | train | INFO | batch: 1300/1371 loss: 0.003420947352424264
2023-11-01 16:26:24,983 | train | INFO | --Val 29/30
2023-11-01 16:26:26,175 | train | INFO | batch: 0/125 loss: 0.008597512729465961
2023-11-01 16:28:24,325 | train | INFO | batch: 100/125 loss: 0.010632617399096489
2023-11-01 16:28:52,641 | train | INFO | Write row 29
2023-11-01 16:28:53,728 | train | INFO | Recorder, epoch 29 Model saved: /home/kwy00/ysy/results/train/20231031_222054/model.pt
