2023-10-18 04:22:40,995 | train | INFO | Set Logger /home/kwy00/ysy/results/train/20231018_042240
2023-10-18 04:22:41,029 | train | INFO | Load data, train:5481 val:1000
2023-10-18 04:22:41,030 | train | INFO | Initiated early stopper, mode: min, best score: inf, patience: 10
2023-10-18 04:22:51,512 | train | INFO | --Train 0/30
2023-10-18 04:22:59,353 | train | INFO | batch: 0/343 loss: 1.8069407939910889
2023-10-18 04:26:40,497 | train | INFO | batch: 100/343 loss: 0.12368186563253403
2023-10-18 04:30:15,277 | train | INFO | batch: 200/343 loss: 0.05025669187307358
2023-10-18 04:33:48,438 | train | INFO | batch: 300/343 loss: 0.025781827047467232
2023-10-18 04:35:20,798 | train | INFO | --Val 0/30
2023-10-18 04:35:22,509 | train | INFO | batch: 0/63 loss: 0.05513082817196846
2023-10-18 04:37:10,550 | train | INFO | Write row 0
2023-10-18 04:37:10,972 | train | INFO | --Train 1/30
2023-10-18 04:37:12,710 | train | INFO | batch: 0/343 loss: 0.04645292088389397
2023-10-18 04:40:45,297 | train | INFO | batch: 100/343 loss: 0.018819788470864296
2023-10-18 04:44:17,771 | train | INFO | batch: 200/343 loss: 0.02445485256612301
2023-10-18 04:47:50,735 | train | INFO | batch: 300/343 loss: 0.024880796670913696
2023-10-18 04:49:19,264 | train | INFO | --Val 1/30
2023-10-18 04:49:20,992 | train | INFO | batch: 0/63 loss: 0.01938876323401928
2023-10-18 04:51:05,589 | train | INFO | Write row 1
2023-10-18 04:51:06,221 | train | INFO | --Train 2/30
2023-10-18 04:51:07,959 | train | INFO | batch: 0/343 loss: 0.020711727440357208
2023-10-18 04:54:39,239 | train | INFO | batch: 100/343 loss: 0.016211012378335
2023-10-18 04:58:09,912 | train | INFO | batch: 200/343 loss: 0.015251721255481243
2023-10-18 05:01:40,520 | train | INFO | batch: 300/343 loss: 0.016217997297644615
2023-10-18 05:03:08,359 | train | INFO | --Val 2/30
2023-10-18 05:03:10,060 | train | INFO | batch: 0/63 loss: 0.01721493899822235
2023-10-18 05:04:53,449 | train | INFO | Write row 2
2023-10-18 05:04:53,938 | train | INFO | --Train 3/30
2023-10-18 05:04:55,705 | train | INFO | batch: 0/343 loss: 0.013639213517308235
2023-10-18 05:08:26,170 | train | INFO | batch: 100/343 loss: 0.01671481318771839
2023-10-18 05:11:56,382 | train | INFO | batch: 200/343 loss: 0.012932786718010902
2023-10-18 05:15:26,634 | train | INFO | batch: 300/343 loss: 0.013945179060101509
2023-10-18 05:16:54,281 | train | INFO | --Val 3/30
2023-10-18 05:16:55,982 | train | INFO | batch: 0/63 loss: 0.012918481603264809
2023-10-18 05:18:39,423 | train | INFO | Write row 3
2023-10-18 05:18:40,095 | train | INFO | --Train 4/30
2023-10-18 05:18:41,856 | train | INFO | batch: 0/343 loss: 0.01130021084100008
2023-10-18 05:22:11,873 | train | INFO | batch: 100/343 loss: 0.01183772087097168
2023-10-18 05:25:41,966 | train | INFO | batch: 200/343 loss: 0.012129712849855423
2023-10-18 05:29:12,074 | train | INFO | batch: 300/343 loss: 0.011981300078332424
2023-10-18 05:30:39,678 | train | INFO | --Val 4/30
2023-10-18 05:30:41,342 | train | INFO | batch: 0/63 loss: 0.04151212424039841
2023-10-18 05:32:24,576 | train | INFO | Write row 4
2023-10-18 05:32:25,081 | train | INFO | --Train 5/30
2023-10-18 05:32:26,823 | train | INFO | batch: 0/343 loss: 0.012297186069190502
2023-10-18 05:35:56,646 | train | INFO | batch: 100/343 loss: 0.011378291994333267
2023-10-18 05:39:26,686 | train | INFO | batch: 200/343 loss: 0.0105134854093194
2023-10-18 05:42:56,382 | train | INFO | batch: 300/343 loss: 0.009500064887106419
2023-10-18 05:44:24,073 | train | INFO | --Val 5/30
2023-10-18 05:44:25,779 | train | INFO | batch: 0/63 loss: 0.014288272708654404
2023-10-18 05:46:08,612 | train | INFO | Write row 5
2023-10-18 05:46:09,118 | train | INFO | --Train 6/30
2023-10-18 05:46:10,851 | train | INFO | batch: 0/343 loss: 0.010022247210144997
2023-10-18 05:49:39,939 | train | INFO | batch: 100/343 loss: 0.00904258992522955
2023-10-18 05:53:09,295 | train | INFO | batch: 200/343 loss: 0.009722191840410233
2023-10-18 05:56:38,571 | train | INFO | batch: 300/343 loss: 0.010030566714704037
2023-10-18 05:58:06,142 | train | INFO | --Val 6/30
2023-10-18 05:58:07,822 | train | INFO | batch: 0/63 loss: 0.0128941610455513
2023-10-18 05:59:51,062 | train | INFO | Write row 6
2023-10-18 05:59:51,578 | train | INFO | --Train 7/30
2023-10-18 05:59:53,311 | train | INFO | batch: 0/343 loss: 0.008185789920389652
2023-10-18 06:03:22,556 | train | INFO | batch: 100/343 loss: 0.009538755752146244
2023-10-18 06:06:51,732 | train | INFO | batch: 200/343 loss: 0.008843859657645226
2023-10-18 06:10:20,925 | train | INFO | batch: 300/343 loss: 0.008425919339060783
2023-10-18 06:11:48,321 | train | INFO | --Val 7/30
2023-10-18 06:11:50,041 | train | INFO | batch: 0/63 loss: 0.014011267572641373
2023-10-18 06:13:33,258 | train | INFO | Write row 7
2023-10-18 06:13:33,781 | train | INFO | --Train 8/30
2023-10-18 06:13:35,525 | train | INFO | batch: 0/343 loss: 0.010766918770968914
2023-10-18 06:17:04,815 | train | INFO | batch: 100/343 loss: 0.008264299482107162
2023-10-18 06:20:34,207 | train | INFO | batch: 200/343 loss: 0.008049877360463142
2023-10-18 06:24:03,271 | train | INFO | batch: 300/343 loss: 0.009455603547394276
2023-10-18 06:25:30,531 | train | INFO | --Val 8/30
2023-10-18 06:25:32,231 | train | INFO | batch: 0/63 loss: 0.012382536195218563
2023-10-18 06:27:15,295 | train | INFO | Write row 8
2023-10-18 06:27:15,822 | train | INFO | --Train 9/30
2023-10-18 06:27:17,558 | train | INFO | batch: 0/343 loss: 0.008398524485528469
2023-10-18 06:30:47,079 | train | INFO | batch: 100/343 loss: 0.008825804106891155
2023-10-18 06:34:16,036 | train | INFO | batch: 200/343 loss: 0.0074721635319292545
2023-10-18 06:37:45,129 | train | INFO | batch: 300/343 loss: 0.007393972482532263
2023-10-18 06:39:12,543 | train | INFO | --Val 9/30
2023-10-18 06:39:14,247 | train | INFO | batch: 0/63 loss: 0.013922413811087608
2023-10-18 06:40:57,386 | train | INFO | Write row 9
2023-10-18 06:40:57,923 | train | INFO | --Train 10/30
2023-10-18 06:40:59,657 | train | INFO | batch: 0/343 loss: 0.009053248912096024
2023-10-18 06:44:28,858 | train | INFO | batch: 100/343 loss: 0.007454555016011
2023-10-18 06:47:58,081 | train | INFO | batch: 200/343 loss: 0.007181395776569843
2023-10-18 06:51:27,129 | train | INFO | batch: 300/343 loss: 0.006528225727379322
2023-10-18 06:52:54,359 | train | INFO | --Val 10/30
2023-10-18 06:52:56,051 | train | INFO | batch: 0/63 loss: 0.01203180756419897
2023-10-18 06:54:39,012 | train | INFO | Write row 10
2023-10-18 06:54:39,556 | train | INFO | --Train 11/30
2023-10-18 06:54:41,304 | train | INFO | batch: 0/343 loss: 0.0077030248939991
2023-10-18 06:58:10,666 | train | INFO | batch: 100/343 loss: 0.006239506881684065
2023-10-18 07:01:39,483 | train | INFO | batch: 200/343 loss: 0.0061256238259375095
2023-10-18 07:05:08,588 | train | INFO | batch: 300/343 loss: 0.006875465624034405
2023-10-18 07:06:35,847 | train | INFO | --Val 11/30
2023-10-18 07:06:37,524 | train | INFO | batch: 0/63 loss: 0.01155468076467514
2023-10-18 07:08:20,932 | train | INFO | Write row 11
2023-10-18 07:08:21,484 | train | INFO | --Train 12/30
2023-10-18 07:08:23,218 | train | INFO | batch: 0/343 loss: 0.007599617820233107
2023-10-18 07:11:52,193 | train | INFO | batch: 100/343 loss: 0.0067046815529465675
2023-10-18 07:15:21,625 | train | INFO | batch: 200/343 loss: 0.007879874669015408
2023-10-18 07:18:50,672 | train | INFO | batch: 300/343 loss: 0.006289343349635601
2023-10-18 07:20:18,001 | train | INFO | --Val 12/30
2023-10-18 07:20:19,690 | train | INFO | batch: 0/63 loss: 0.010147251188755035
2023-10-18 07:22:02,598 | train | INFO | Write row 12
2023-10-18 07:22:03,157 | train | INFO | --Train 13/30
2023-10-18 07:22:04,891 | train | INFO | batch: 0/343 loss: 0.0059446487575769424
2023-10-18 07:25:34,192 | train | INFO | batch: 100/343 loss: 0.00816143024712801
2023-10-18 07:29:03,208 | train | INFO | batch: 200/343 loss: 0.005775315687060356
2023-10-18 07:32:32,111 | train | INFO | batch: 300/343 loss: 0.008138584904372692
2023-10-18 07:33:59,634 | train | INFO | --Val 13/30
2023-10-18 07:34:01,339 | train | INFO | batch: 0/63 loss: 0.01048547774553299
2023-10-18 07:35:44,593 | train | INFO | Write row 13
2023-10-18 07:35:45,161 | train | INFO | --Train 14/30
2023-10-18 07:35:46,905 | train | INFO | batch: 0/343 loss: 0.0064526027999818325
2023-10-18 07:39:15,787 | train | INFO | batch: 100/343 loss: 0.006804211065173149
2023-10-18 07:42:44,809 | train | INFO | batch: 200/343 loss: 0.006428275257349014
2023-10-18 07:46:13,821 | train | INFO | batch: 300/343 loss: 0.0066091627813875675
2023-10-18 07:47:41,241 | train | INFO | --Val 14/30
2023-10-18 07:47:42,911 | train | INFO | batch: 0/63 loss: 0.011318730190396309
2023-10-18 07:49:25,646 | train | INFO | Write row 14
2023-10-18 07:49:26,217 | train | INFO | --Train 15/30
2023-10-18 07:49:27,952 | train | INFO | batch: 0/343 loss: 0.006877430249005556
2023-10-18 07:52:57,231 | train | INFO | batch: 100/343 loss: 0.006713494658470154
2023-10-18 07:56:25,917 | train | INFO | batch: 200/343 loss: 0.007105340249836445
2023-10-18 07:59:54,938 | train | INFO | batch: 300/343 loss: 0.005843012593686581
2023-10-18 08:01:22,197 | train | INFO | --Val 15/30
2023-10-18 08:01:23,906 | train | INFO | batch: 0/63 loss: 0.012651167809963226
2023-10-18 08:03:07,302 | train | INFO | Write row 15
2023-10-18 08:03:07,882 | train | INFO | --Train 16/30
2023-10-18 08:03:09,629 | train | INFO | batch: 0/343 loss: 0.007422836031764746
2023-10-18 08:06:38,772 | train | INFO | batch: 100/343 loss: 0.006406862288713455
2023-10-18 08:10:07,717 | train | INFO | batch: 200/343 loss: 0.00554640730842948
2023-10-18 08:13:36,899 | train | INFO | batch: 300/343 loss: 0.00572684733197093
2023-10-18 08:15:04,226 | train | INFO | --Val 16/30
2023-10-18 08:15:05,933 | train | INFO | batch: 0/63 loss: 0.011076386086642742
2023-10-18 08:16:48,678 | train | INFO | Write row 16
2023-10-18 08:16:49,266 | train | INFO | --Train 17/30
2023-10-18 08:16:51,010 | train | INFO | batch: 0/343 loss: 0.00677340105175972
2023-10-18 08:20:20,366 | train | INFO | batch: 100/343 loss: 0.005850623827427626
2023-10-18 08:23:49,029 | train | INFO | batch: 200/343 loss: 0.004914337769150734
2023-10-18 08:27:18,012 | train | INFO | batch: 300/343 loss: 0.00549901369959116
2023-10-18 08:28:45,249 | train | INFO | --Val 17/30
2023-10-18 08:28:46,921 | train | INFO | batch: 0/63 loss: 0.011180169880390167
2023-10-18 08:30:29,975 | train | INFO | Write row 17
2023-10-18 08:30:30,882 | train | INFO | --Train 18/30
2023-10-18 08:30:32,619 | train | INFO | batch: 0/343 loss: 0.007576372008770704
2023-10-18 08:34:01,487 | train | INFO | batch: 100/343 loss: 0.005919165909290314
2023-10-18 08:37:32,556 | train | INFO | batch: 200/343 loss: 0.0148245170712471
2023-10-18 08:41:04,363 | train | INFO | batch: 300/343 loss: 0.015417548827826977
2023-10-18 08:42:32,362 | train | INFO | --Val 18/30
2023-10-18 08:42:34,047 | train | INFO | batch: 0/63 loss: 0.013559417799115181
2023-10-18 08:44:17,516 | train | INFO | Write row 18
2023-10-18 08:44:18,120 | train | INFO | --Train 19/30
2023-10-18 08:44:19,844 | train | INFO | batch: 0/343 loss: 0.00918291974812746
2023-10-18 08:47:50,300 | train | INFO | batch: 100/343 loss: 0.008820799179375172
2023-10-18 08:51:20,536 | train | INFO | batch: 200/343 loss: 0.009280558675527573
2023-10-18 08:54:51,006 | train | INFO | batch: 300/343 loss: 0.009107998572289944
2023-10-18 08:56:18,961 | train | INFO | --Val 19/30
2023-10-18 08:56:20,676 | train | INFO | batch: 0/63 loss: 0.011944059282541275
2023-10-18 08:58:04,448 | train | INFO | Write row 19
2023-10-18 08:58:05,058 | train | INFO | --Train 20/30
2023-10-18 08:58:06,784 | train | INFO | batch: 0/343 loss: 0.007479148451238871
2023-10-18 09:01:36,566 | train | INFO | batch: 100/343 loss: 0.006811932660639286
2023-10-18 09:05:06,580 | train | INFO | batch: 200/343 loss: 0.006754609756171703
2023-10-18 09:08:36,195 | train | INFO | batch: 300/343 loss: 0.006989693269133568
2023-10-18 09:10:03,879 | train | INFO | --Val 20/30
2023-10-18 09:10:05,589 | train | INFO | batch: 0/63 loss: 0.00986096914857626
2023-10-18 09:11:48,826 | train | INFO | Write row 20
2023-10-18 09:11:49,444 | train | INFO | --Train 21/30
2023-10-18 09:11:51,183 | train | INFO | batch: 0/343 loss: 0.006172242574393749
2023-10-18 09:15:21,225 | train | INFO | batch: 100/343 loss: 0.006342762149870396
2023-10-18 09:18:51,011 | train | INFO | batch: 200/343 loss: 0.007494042161852121
2023-10-18 09:22:20,630 | train | INFO | batch: 300/343 loss: 0.007218965794891119
2023-10-18 09:23:48,188 | train | INFO | --Val 21/30
2023-10-18 09:23:49,912 | train | INFO | batch: 0/63 loss: 0.011469832621514797
2023-10-18 09:25:33,238 | train | INFO | Write row 21
2023-10-18 09:25:34,220 | train | INFO | --Train 22/30
2023-10-18 09:25:35,953 | train | INFO | batch: 0/343 loss: 0.005376650020480156
2023-10-18 09:29:05,410 | train | INFO | batch: 100/343 loss: 0.006062030326575041
2023-10-18 09:32:34,642 | train | INFO | batch: 200/343 loss: 0.007037537172436714
2023-10-18 09:36:04,307 | train | INFO | batch: 300/343 loss: 0.005677954759448767
2023-10-18 09:37:31,708 | train | INFO | --Val 22/30
2023-10-18 09:37:33,401 | train | INFO | batch: 0/63 loss: 0.00909216795116663
2023-10-18 09:39:16,438 | train | INFO | Write row 22
2023-10-18 09:39:17,082 | train | INFO | --Train 23/30
2023-10-18 09:39:18,817 | train | INFO | batch: 0/343 loss: 0.005124893970787525
2023-10-18 09:42:47,825 | train | INFO | batch: 100/343 loss: 0.005635312758386135
2023-10-18 09:46:17,143 | train | INFO | batch: 200/343 loss: 0.004899590276181698
2023-10-18 09:49:46,263 | train | INFO | batch: 300/343 loss: 0.0050419229082763195
2023-10-18 09:51:13,642 | train | INFO | --Val 23/30
2023-10-18 09:51:15,339 | train | INFO | batch: 0/63 loss: 0.010535862296819687
2023-10-18 09:52:58,570 | train | INFO | Write row 23
2023-10-18 09:52:59,223 | train | INFO | --Train 24/30
2023-10-18 09:53:00,980 | train | INFO | batch: 0/343 loss: 0.0047818380407989025
2023-10-18 09:56:30,242 | train | INFO | batch: 100/343 loss: 0.0046372609212994576
2023-10-18 09:59:59,600 | train | INFO | batch: 200/343 loss: 0.00471540167927742
2023-10-18 10:03:29,197 | train | INFO | batch: 300/343 loss: 0.005398313049226999
2023-10-18 10:04:56,997 | train | INFO | --Val 24/30
2023-10-18 10:04:58,679 | train | INFO | batch: 0/63 loss: 0.01036079041659832
2023-10-18 10:06:41,530 | train | INFO | Write row 24
2023-10-18 10:06:42,180 | train | INFO | --Train 25/30
2023-10-18 10:06:43,921 | train | INFO | batch: 0/343 loss: 0.005187556147575378
2023-10-18 10:10:13,445 | train | INFO | batch: 100/343 loss: 0.004053756128996611
2023-10-18 10:13:42,723 | train | INFO | batch: 200/343 loss: 0.004241501912474632
2023-10-18 10:17:12,652 | train | INFO | batch: 300/343 loss: 0.00461924821138382
2023-10-18 10:18:40,013 | train | INFO | --Val 25/30
2023-10-18 10:18:41,706 | train | INFO | batch: 0/63 loss: 0.010092786513268948
2023-10-18 10:20:24,566 | train | INFO | Write row 25
2023-10-18 10:20:25,226 | train | INFO | --Train 26/30
2023-10-18 10:20:26,969 | train | INFO | batch: 0/343 loss: 0.004130301997065544
2023-10-18 10:23:56,305 | train | INFO | batch: 100/343 loss: 0.003985501825809479
2023-10-18 10:27:25,673 | train | INFO | batch: 200/343 loss: 0.00425697723403573
2023-10-18 10:30:55,471 | train | INFO | batch: 300/343 loss: 0.004367867484688759
2023-10-18 10:32:22,969 | train | INFO | --Val 26/30
2023-10-18 10:32:24,665 | train | INFO | batch: 0/63 loss: 0.009849974885582924
2023-10-18 10:34:07,550 | train | INFO | Write row 26
2023-10-18 10:34:08,220 | train | INFO | --Train 27/30
2023-10-18 10:34:09,969 | train | INFO | batch: 0/343 loss: 0.003968345001339912
2023-10-18 10:37:39,063 | train | INFO | batch: 100/343 loss: 0.004014016594737768
2023-10-18 10:41:08,556 | train | INFO | batch: 200/343 loss: 0.0035523446276783943
2023-10-18 10:44:38,102 | train | INFO | batch: 300/343 loss: 0.0038522141985595226
2023-10-18 10:46:05,591 | train | INFO | --Val 27/30
2023-10-18 10:46:07,296 | train | INFO | batch: 0/63 loss: 0.010033998638391495
2023-10-18 10:47:50,128 | train | INFO | Write row 27
2023-10-18 10:47:50,797 | train | INFO | --Train 28/30
2023-10-18 10:47:52,519 | train | INFO | batch: 0/343 loss: 0.004009940195828676
2023-10-18 10:51:21,552 | train | INFO | batch: 100/343 loss: 0.004234318621456623
2023-10-18 10:54:50,655 | train | INFO | batch: 200/343 loss: 0.0037959646433591843
2023-10-18 10:58:20,334 | train | INFO | batch: 300/343 loss: 0.003969018813222647
2023-10-18 10:59:47,854 | train | INFO | --Val 28/30
2023-10-18 10:59:49,544 | train | INFO | batch: 0/63 loss: 0.009626228362321854
2023-10-18 11:01:32,430 | train | INFO | Write row 28
2023-10-18 11:01:33,111 | train | INFO | --Train 29/30
2023-10-18 11:01:34,858 | train | INFO | batch: 0/343 loss: 0.003609268693253398
2023-10-18 11:05:04,124 | train | INFO | batch: 100/343 loss: 0.004028222523629665
2023-10-18 11:08:33,472 | train | INFO | batch: 200/343 loss: 0.00467309495434165
2023-10-18 11:12:02,660 | train | INFO | batch: 300/343 loss: 0.003851614659652114
2023-10-18 11:13:30,532 | train | INFO | --Val 29/30
2023-10-18 11:13:32,228 | train | INFO | batch: 0/63 loss: 0.01005827821791172
2023-10-18 11:15:14,975 | train | INFO | Write row 29
2023-10-18 11:15:16,067 | train | INFO | Recorder, epoch 29 Model saved: /home/kwy00/ysy/results/train/20231018_042240/model.pt
