2023-10-28 23:48:54,268 | train | INFO | Set Logger /home/kwy00/ysy/results/train/20231028_234854
2023-10-28 23:48:54,325 | train | INFO | Load data, train:10962 val:1000
2023-10-28 23:48:54,325 | train | INFO | Initiated early stopper, mode: min, best score: inf, patience: 10
2023-10-28 23:48:54,831 | train | INFO | --Train 0/30
2023-10-28 23:49:01,340 | train | INFO | batch: 0/1371 loss: 2.0418972969055176
2023-10-28 23:51:40,336 | train | INFO | batch: 100/1371 loss: 0.5199106335639954
2023-10-28 23:54:17,403 | train | INFO | batch: 200/1371 loss: 0.301447331905365
2023-10-28 23:56:52,911 | train | INFO | batch: 300/1371 loss: 0.11195409297943115
2023-10-28 23:59:27,334 | train | INFO | batch: 400/1371 loss: 0.11632323265075684
2023-10-29 00:02:01,767 | train | INFO | batch: 500/1371 loss: 0.024051394313573837
2023-10-29 00:04:35,606 | train | INFO | batch: 600/1371 loss: 0.0285443477332592
2023-10-29 00:07:09,493 | train | INFO | batch: 700/1371 loss: 0.027562778443098068
2023-10-29 00:09:43,762 | train | INFO | batch: 800/1371 loss: 0.028467576950788498
2023-10-29 00:12:18,111 | train | INFO | batch: 900/1371 loss: 0.051952049136161804
2023-10-29 00:14:52,394 | train | INFO | batch: 1000/1371 loss: 0.020212676376104355
2023-10-29 00:17:25,646 | train | INFO | batch: 1100/1371 loss: 0.023600008338689804
2023-10-29 00:19:59,373 | train | INFO | batch: 1200/1371 loss: 0.017921797931194305
2023-10-29 00:22:32,698 | train | INFO | batch: 1300/1371 loss: 0.021703243255615234
2023-10-29 00:24:22,642 | train | INFO | --Val 0/30
2023-10-29 00:24:23,867 | train | INFO | batch: 0/125 loss: 0.043207645416259766
2023-10-29 00:26:25,643 | train | INFO | batch: 100/125 loss: 0.016153907403349876
2023-10-29 00:26:55,029 | train | INFO | Write row 0
2023-10-29 00:26:55,464 | train | INFO | --Train 1/30
2023-10-29 00:26:56,747 | train | INFO | batch: 0/1371 loss: 0.016783161088824272
2023-10-29 00:29:29,287 | train | INFO | batch: 100/1371 loss: 0.04178725183010101
2023-10-29 00:32:02,447 | train | INFO | batch: 200/1371 loss: 0.017340267077088356
2023-10-29 00:34:36,005 | train | INFO | batch: 300/1371 loss: 0.020852401852607727
2023-10-29 00:37:09,570 | train | INFO | batch: 400/1371 loss: 0.019546493887901306
2023-10-29 00:39:42,953 | train | INFO | batch: 500/1371 loss: 0.07976078242063522
2023-10-29 00:42:16,962 | train | INFO | batch: 600/1371 loss: 0.016007838770747185
2023-10-29 00:44:50,180 | train | INFO | batch: 700/1371 loss: 0.0147394435480237
2023-10-29 00:47:23,149 | train | INFO | batch: 800/1371 loss: 0.015849901363253593
2023-10-29 00:49:56,206 | train | INFO | batch: 900/1371 loss: 0.01677342690527439
2023-10-29 00:52:30,021 | train | INFO | batch: 1000/1371 loss: 0.023482725024223328
2023-10-29 00:55:03,571 | train | INFO | batch: 1100/1371 loss: 0.02824542485177517
2023-10-29 00:57:38,131 | train | INFO | batch: 1200/1371 loss: 0.019987067207694054
2023-10-29 01:00:11,810 | train | INFO | batch: 1300/1371 loss: 0.01729106530547142
2023-10-29 01:01:57,870 | train | INFO | --Val 1/30
2023-10-29 01:01:59,075 | train | INFO | batch: 0/125 loss: 0.017759928479790688
2023-10-29 01:03:59,901 | train | INFO | batch: 100/125 loss: 0.016879618167877197
2023-10-29 01:04:28,870 | train | INFO | Write row 1
2023-10-29 01:04:29,359 | train | INFO | --Train 2/30
2023-10-29 01:04:30,626 | train | INFO | batch: 0/1371 loss: 0.016379324719309807
2023-10-29 01:07:03,880 | train | INFO | batch: 100/1371 loss: 0.01502448320388794
2023-10-29 01:09:37,161 | train | INFO | batch: 200/1371 loss: 0.015510380268096924
2023-10-29 01:12:10,654 | train | INFO | batch: 300/1371 loss: 0.017063798382878304
2023-10-29 01:14:43,651 | train | INFO | batch: 400/1371 loss: 0.011863567866384983
2023-10-29 01:17:17,011 | train | INFO | batch: 500/1371 loss: 0.015883173793554306
2023-10-29 01:19:50,420 | train | INFO | batch: 600/1371 loss: 0.012584133073687553
2023-10-29 01:22:23,225 | train | INFO | batch: 700/1371 loss: 0.019556554034352303
2023-10-29 01:24:56,384 | train | INFO | batch: 800/1371 loss: 0.014354041777551174
2023-10-29 01:27:29,333 | train | INFO | batch: 900/1371 loss: 0.01597849279642105
2023-10-29 01:30:02,456 | train | INFO | batch: 1000/1371 loss: 0.07104064524173737
2023-10-29 01:32:36,420 | train | INFO | batch: 1100/1371 loss: 0.014758115634322166
2023-10-29 01:35:09,366 | train | INFO | batch: 1200/1371 loss: 0.01619390770792961
2023-10-29 01:37:42,791 | train | INFO | batch: 1300/1371 loss: 0.017186788842082024
2023-10-29 01:39:28,877 | train | INFO | --Val 2/30
2023-10-29 01:39:30,090 | train | INFO | batch: 0/125 loss: 0.014819235540926456
2023-10-29 01:41:31,421 | train | INFO | batch: 100/125 loss: 0.011884115636348724
2023-10-29 01:42:00,540 | train | INFO | Write row 2
2023-10-29 01:42:01,039 | train | INFO | --Train 3/30
2023-10-29 01:42:02,294 | train | INFO | batch: 0/1371 loss: 0.013757946901023388
2023-10-29 01:44:35,155 | train | INFO | batch: 100/1371 loss: 0.013712631538510323
2023-10-29 01:47:07,381 | train | INFO | batch: 200/1371 loss: 0.013818839564919472
2023-10-29 01:49:40,244 | train | INFO | batch: 300/1371 loss: 0.012447085231542587
2023-10-29 01:52:13,784 | train | INFO | batch: 400/1371 loss: 0.023548029363155365
2023-10-29 01:54:47,191 | train | INFO | batch: 500/1371 loss: 0.01490035466849804
2023-10-29 01:57:19,805 | train | INFO | batch: 600/1371 loss: 0.01789283938705921
2023-10-29 01:59:52,580 | train | INFO | batch: 700/1371 loss: 0.014909714460372925
2023-10-29 02:02:25,539 | train | INFO | batch: 800/1371 loss: 0.013127168640494347
2023-10-29 02:04:58,445 | train | INFO | batch: 900/1371 loss: 0.014450944028794765
2023-10-29 02:07:32,092 | train | INFO | batch: 1000/1371 loss: 0.06870482116937637
2023-10-29 02:10:05,792 | train | INFO | batch: 1100/1371 loss: 0.015059537254273891
2023-10-29 02:12:38,899 | train | INFO | batch: 1200/1371 loss: 0.14240996539592743
2023-10-29 02:15:12,177 | train | INFO | batch: 1300/1371 loss: 0.017399094998836517
2023-10-29 02:16:58,704 | train | INFO | --Val 3/30
2023-10-29 02:16:59,915 | train | INFO | batch: 0/125 loss: 0.012420382350683212
2023-10-29 02:19:01,720 | train | INFO | batch: 100/125 loss: 0.014114228077232838
2023-10-29 02:19:30,916 | train | INFO | Write row 3
2023-10-29 02:19:31,605 | train | INFO | --Train 4/30
2023-10-29 02:19:32,840 | train | INFO | batch: 0/1371 loss: 0.013626825995743275
2023-10-29 02:22:06,000 | train | INFO | batch: 100/1371 loss: 0.011357290670275688
2023-10-29 02:24:38,931 | train | INFO | batch: 200/1371 loss: 0.03277774527668953
2023-10-29 02:27:12,146 | train | INFO | batch: 300/1371 loss: 0.013900218531489372
2023-10-29 02:29:44,907 | train | INFO | batch: 400/1371 loss: 0.019102707505226135
2023-10-29 02:32:18,441 | train | INFO | batch: 500/1371 loss: 0.06247228756546974
2023-10-29 02:34:51,270 | train | INFO | batch: 600/1371 loss: 0.01749780774116516
2023-10-29 02:37:24,002 | train | INFO | batch: 700/1371 loss: 0.014759039506316185
2023-10-29 02:39:56,637 | train | INFO | batch: 800/1371 loss: 0.011806025169789791
2023-10-29 02:42:29,513 | train | INFO | batch: 900/1371 loss: 0.01258685439825058
2023-10-29 02:45:02,324 | train | INFO | batch: 1000/1371 loss: 0.014226522296667099
2023-10-29 02:47:34,979 | train | INFO | batch: 1100/1371 loss: 0.03255036845803261
2023-10-29 02:50:07,324 | train | INFO | batch: 1200/1371 loss: 0.026726048439741135
2023-10-29 02:52:40,663 | train | INFO | batch: 1300/1371 loss: 0.03890940919518471
2023-10-29 02:54:27,429 | train | INFO | --Val 4/30
2023-10-29 02:54:28,627 | train | INFO | batch: 0/125 loss: 0.011109184473752975
2023-10-29 02:56:30,841 | train | INFO | batch: 100/125 loss: 0.012614399194717407
2023-10-29 02:57:00,171 | train | INFO | Write row 4
2023-10-29 02:57:00,685 | train | INFO | --Train 5/30
2023-10-29 02:57:01,913 | train | INFO | batch: 0/1371 loss: 0.02867520973086357
2023-10-29 02:59:34,871 | train | INFO | batch: 100/1371 loss: 0.01231093518435955
2023-10-29 03:02:08,068 | train | INFO | batch: 200/1371 loss: 0.058854591101408005
2023-10-29 03:04:40,895 | train | INFO | batch: 300/1371 loss: 0.016262762248516083
2023-10-29 03:07:13,722 | train | INFO | batch: 400/1371 loss: 0.011755619198083878
2023-10-29 03:09:46,441 | train | INFO | batch: 500/1371 loss: 0.010010718367993832
2023-10-29 03:12:19,132 | train | INFO | batch: 600/1371 loss: 0.009271502494812012
2023-10-29 03:14:51,711 | train | INFO | batch: 700/1371 loss: 0.01218093279749155
2023-10-29 03:17:24,507 | train | INFO | batch: 800/1371 loss: 0.01874871924519539
2023-10-29 03:19:58,626 | train | INFO | batch: 900/1371 loss: 0.013497143983840942
2023-10-29 03:22:31,711 | train | INFO | batch: 1000/1371 loss: 0.013267315924167633
2023-10-29 03:25:04,774 | train | INFO | batch: 1100/1371 loss: 0.009768917225301266
2023-10-29 03:27:37,700 | train | INFO | batch: 1200/1371 loss: 0.01908152922987938
2023-10-29 03:30:10,857 | train | INFO | batch: 1300/1371 loss: 0.012958620674908161
2023-10-29 03:31:57,140 | train | INFO | --Val 5/30
2023-10-29 03:31:58,355 | train | INFO | batch: 0/125 loss: 0.011409502476453781
2023-10-29 03:34:00,477 | train | INFO | batch: 100/125 loss: 0.012793074361979961
2023-10-29 03:34:29,821 | train | INFO | Write row 5
2023-10-29 03:34:30,345 | train | INFO | --Train 6/30
2023-10-29 03:34:31,612 | train | INFO | batch: 0/1371 loss: 0.011295845732092857
2023-10-29 03:37:04,180 | train | INFO | batch: 100/1371 loss: 0.012723066844046116
2023-10-29 03:39:36,998 | train | INFO | batch: 200/1371 loss: 0.013049847446382046
2023-10-29 03:42:10,245 | train | INFO | batch: 300/1371 loss: 0.01315324380993843
2023-10-29 03:44:42,740 | train | INFO | batch: 400/1371 loss: 0.013104683719575405
2023-10-29 03:47:15,713 | train | INFO | batch: 500/1371 loss: 0.014622218906879425
2023-10-29 03:49:48,677 | train | INFO | batch: 600/1371 loss: 0.011903508566319942
2023-10-29 03:52:21,488 | train | INFO | batch: 700/1371 loss: 0.012995097786188126
2023-10-29 03:54:54,179 | train | INFO | batch: 800/1371 loss: 0.010535682551562786
2023-10-29 03:57:27,000 | train | INFO | batch: 900/1371 loss: 0.012517198920249939
2023-10-29 03:59:59,818 | train | INFO | batch: 1000/1371 loss: 0.012481722980737686
2023-10-29 04:02:32,811 | train | INFO | batch: 1100/1371 loss: 0.010261094197630882
2023-10-29 04:05:05,440 | train | INFO | batch: 1200/1371 loss: 0.009469609707593918
2023-10-29 04:07:38,018 | train | INFO | batch: 1300/1371 loss: 0.0128837451338768
2023-10-29 04:09:24,173 | train | INFO | --Val 6/30
2023-10-29 04:09:25,386 | train | INFO | batch: 0/125 loss: 0.011259892024099827
2023-10-29 04:11:27,422 | train | INFO | batch: 100/125 loss: 0.010770785622298717
2023-10-29 04:11:56,677 | train | INFO | Write row 6
2023-10-29 04:11:57,206 | train | INFO | --Train 7/30
2023-10-29 04:11:58,431 | train | INFO | batch: 0/1371 loss: 0.011638088151812553
2023-10-29 04:14:31,458 | train | INFO | batch: 100/1371 loss: 0.017895931378006935
2023-10-29 04:17:05,137 | train | INFO | batch: 200/1371 loss: 0.011910400353372097
2023-10-29 04:19:38,045 | train | INFO | batch: 300/1371 loss: 0.014086163602769375
2023-10-29 04:22:11,113 | train | INFO | batch: 400/1371 loss: 0.010871409438550472
2023-10-29 04:24:44,052 | train | INFO | batch: 500/1371 loss: 0.010709471069276333
2023-10-29 04:27:16,607 | train | INFO | batch: 600/1371 loss: 0.014462999999523163
2023-10-29 04:29:49,372 | train | INFO | batch: 700/1371 loss: 0.107005774974823
2023-10-29 04:32:22,994 | train | INFO | batch: 800/1371 loss: 0.019611477851867676
2023-10-29 04:34:56,403 | train | INFO | batch: 900/1371 loss: 0.011621463112533092
2023-10-29 04:37:29,228 | train | INFO | batch: 1000/1371 loss: 0.013145974837243557
2023-10-29 04:40:02,301 | train | INFO | batch: 1100/1371 loss: 0.011271975934505463
2023-10-29 04:42:35,129 | train | INFO | batch: 1200/1371 loss: 0.011368873529136181
2023-10-29 04:45:08,157 | train | INFO | batch: 1300/1371 loss: 0.017037391662597656
2023-10-29 04:46:54,308 | train | INFO | --Val 7/30
2023-10-29 04:46:55,498 | train | INFO | batch: 0/125 loss: 0.01239478774368763
2023-10-29 04:48:57,890 | train | INFO | batch: 100/125 loss: 0.021748751401901245
2023-10-29 04:49:27,251 | train | INFO | Write row 7
2023-10-29 04:49:27,783 | train | INFO | --Train 8/30
2023-10-29 04:49:29,003 | train | INFO | batch: 0/1371 loss: 0.01297362893819809
2023-10-29 04:52:02,847 | train | INFO | batch: 100/1371 loss: 0.012351269833743572
2023-10-29 04:54:36,184 | train | INFO | batch: 200/1371 loss: 0.011885825544595718
2023-10-29 04:57:09,229 | train | INFO | batch: 300/1371 loss: 0.011626836843788624
2023-10-29 04:59:42,696 | train | INFO | batch: 400/1371 loss: 0.015081726014614105
2023-10-29 05:02:15,452 | train | INFO | batch: 500/1371 loss: 0.011344607919454575
2023-10-29 05:04:48,089 | train | INFO | batch: 600/1371 loss: 0.011835403740406036
2023-10-29 05:07:20,888 | train | INFO | batch: 700/1371 loss: 0.011061110533773899
2023-10-29 05:09:53,926 | train | INFO | batch: 800/1371 loss: 0.011410852894186974
2023-10-29 05:12:26,655 | train | INFO | batch: 900/1371 loss: 0.011606159619987011
2023-10-29 05:14:59,362 | train | INFO | batch: 1000/1371 loss: 0.010977514088153839
2023-10-29 05:17:32,308 | train | INFO | batch: 1100/1371 loss: 0.010569756850600243
2023-10-29 05:20:05,483 | train | INFO | batch: 1200/1371 loss: 0.01017005555331707
2023-10-29 05:22:37,914 | train | INFO | batch: 1300/1371 loss: 0.009833022020757198
2023-10-29 05:24:24,017 | train | INFO | --Val 8/30
2023-10-29 05:24:25,440 | train | INFO | batch: 0/125 loss: 0.010420124977827072
2023-10-29 05:26:27,321 | train | INFO | batch: 100/125 loss: 0.009979025460779667
2023-10-29 05:26:56,655 | train | INFO | Write row 8
2023-10-29 05:26:57,200 | train | INFO | --Train 9/30
2023-10-29 05:26:58,447 | train | INFO | batch: 0/1371 loss: 0.010311511345207691
2023-10-29 05:29:30,847 | train | INFO | batch: 100/1371 loss: 0.010367952287197113
2023-10-29 05:32:03,413 | train | INFO | batch: 200/1371 loss: 0.011260248720645905
2023-10-29 05:34:36,024 | train | INFO | batch: 300/1371 loss: 0.008553960360586643
2023-10-29 05:37:08,492 | train | INFO | batch: 400/1371 loss: 0.012073005549609661
2023-10-29 05:39:41,109 | train | INFO | batch: 500/1371 loss: 0.011395374312996864
2023-10-29 05:42:13,833 | train | INFO | batch: 600/1371 loss: 0.010569931007921696
2023-10-29 05:44:46,743 | train | INFO | batch: 700/1371 loss: 0.012569870799779892
2023-10-29 05:47:19,654 | train | INFO | batch: 800/1371 loss: 0.011046250350773335
2023-10-29 05:49:53,146 | train | INFO | batch: 900/1371 loss: 0.017042897641658783
2023-10-29 05:52:26,519 | train | INFO | batch: 1000/1371 loss: 0.012455417774617672
2023-10-29 05:54:59,198 | train | INFO | batch: 1100/1371 loss: 0.010912376455962658
2023-10-29 05:57:31,814 | train | INFO | batch: 1200/1371 loss: 0.011161315254867077
2023-10-29 06:00:04,874 | train | INFO | batch: 1300/1371 loss: 0.010158566758036613
2023-10-29 06:01:51,143 | train | INFO | --Val 9/30
2023-10-29 06:01:52,351 | train | INFO | batch: 0/125 loss: 0.010148211382329464
2023-10-29 06:03:54,510 | train | INFO | batch: 100/125 loss: 0.011185151524841785
2023-10-29 06:04:23,824 | train | INFO | Write row 9
2023-10-29 06:04:24,376 | train | INFO | --Train 10/30
2023-10-29 06:04:25,642 | train | INFO | batch: 0/1371 loss: 0.010140215046703815
2023-10-29 06:06:58,350 | train | INFO | batch: 100/1371 loss: 0.010378733277320862
2023-10-29 06:09:31,346 | train | INFO | batch: 200/1371 loss: 0.0112936245277524
2023-10-29 06:12:03,613 | train | INFO | batch: 300/1371 loss: 0.009845445863902569
2023-10-29 06:14:36,582 | train | INFO | batch: 400/1371 loss: 0.010356917046010494
2023-10-29 06:17:09,391 | train | INFO | batch: 500/1371 loss: 0.012814990244805813
2023-10-29 06:19:42,014 | train | INFO | batch: 600/1371 loss: 0.011431974358856678
2023-10-29 06:22:14,390 | train | INFO | batch: 700/1371 loss: 0.010382695123553276
2023-10-29 06:24:47,194 | train | INFO | batch: 800/1371 loss: 0.009275189600884914
2023-10-29 06:27:19,348 | train | INFO | batch: 900/1371 loss: 0.010940099135041237
2023-10-29 06:29:51,474 | train | INFO | batch: 1000/1371 loss: 0.010378691367805004
2023-10-29 06:32:24,014 | train | INFO | batch: 1100/1371 loss: 0.009302740916609764
2023-10-29 06:34:56,275 | train | INFO | batch: 1200/1371 loss: 0.008841706439852715
2023-10-29 06:37:28,737 | train | INFO | batch: 1300/1371 loss: 0.010147757828235626
2023-10-29 06:39:14,685 | train | INFO | --Val 10/30
2023-10-29 06:39:15,892 | train | INFO | batch: 0/125 loss: 0.010642077773809433
2023-10-29 06:41:17,664 | train | INFO | batch: 100/125 loss: 0.010499109514057636
2023-10-29 06:41:46,749 | train | INFO | Write row 10
2023-10-29 06:41:47,308 | train | INFO | --Train 11/30
2023-10-29 06:41:48,538 | train | INFO | batch: 0/1371 loss: 0.010611509904265404
2023-10-29 06:44:20,929 | train | INFO | batch: 100/1371 loss: 0.008370928466320038
2023-10-29 06:46:53,648 | train | INFO | batch: 200/1371 loss: 0.010026620700955391
2023-10-29 06:49:26,143 | train | INFO | batch: 300/1371 loss: 0.010080487467348576
2023-10-29 06:51:58,478 | train | INFO | batch: 400/1371 loss: 0.008588697761297226
2023-10-29 06:54:30,977 | train | INFO | batch: 500/1371 loss: 0.01133174728602171
2023-10-29 06:57:03,815 | train | INFO | batch: 600/1371 loss: 0.010244003497064114
2023-10-29 06:59:36,721 | train | INFO | batch: 700/1371 loss: 0.02615826576948166
2023-10-29 07:02:09,430 | train | INFO | batch: 800/1371 loss: 0.010118122212588787
2023-10-29 07:04:42,329 | train | INFO | batch: 900/1371 loss: 0.008716849610209465
2023-10-29 07:07:14,797 | train | INFO | batch: 1000/1371 loss: 0.010467102751135826
2023-10-29 07:09:47,411 | train | INFO | batch: 1100/1371 loss: 0.009329934604465961
2023-10-29 07:12:19,552 | train | INFO | batch: 1200/1371 loss: 0.010862095281481743
2023-10-29 07:14:52,194 | train | INFO | batch: 1300/1371 loss: 0.008662830106914043
2023-10-29 07:16:38,063 | train | INFO | --Val 11/30
2023-10-29 07:16:39,278 | train | INFO | batch: 0/125 loss: 0.009307021275162697
2023-10-29 07:18:41,189 | train | INFO | batch: 100/125 loss: 0.010255382396280766
2023-10-29 07:19:10,403 | train | INFO | Write row 11
2023-10-29 07:19:10,968 | train | INFO | --Train 12/30
2023-10-29 07:19:12,211 | train | INFO | batch: 0/1371 loss: 0.00905952975153923
2023-10-29 07:21:45,235 | train | INFO | batch: 100/1371 loss: 0.007349869702011347
2023-10-29 07:24:17,515 | train | INFO | batch: 200/1371 loss: 0.012294407933950424
2023-10-29 07:26:50,309 | train | INFO | batch: 300/1371 loss: 0.009836126118898392
2023-10-29 07:29:22,838 | train | INFO | batch: 400/1371 loss: 0.009550699964165688
2023-10-29 07:31:55,874 | train | INFO | batch: 500/1371 loss: 0.009989420883357525
2023-10-29 07:34:28,603 | train | INFO | batch: 600/1371 loss: 0.009885046631097794
2023-10-29 07:37:01,319 | train | INFO | batch: 700/1371 loss: 0.010477841831743717
2023-10-29 07:39:34,266 | train | INFO | batch: 800/1371 loss: 0.011634369380772114
2023-10-29 07:42:07,140 | train | INFO | batch: 900/1371 loss: 0.010829221457242966
2023-10-29 07:44:40,329 | train | INFO | batch: 1000/1371 loss: 0.0096974428743124
2023-10-29 07:47:13,211 | train | INFO | batch: 1100/1371 loss: 0.009457307867705822
2023-10-29 07:49:45,991 | train | INFO | batch: 1200/1371 loss: 0.011528096161782742
2023-10-29 07:52:18,447 | train | INFO | batch: 1300/1371 loss: 0.010904080234467983
2023-10-29 07:54:04,579 | train | INFO | --Val 12/30
2023-10-29 07:54:05,761 | train | INFO | batch: 0/125 loss: 0.010885865427553654
2023-10-29 07:56:07,468 | train | INFO | batch: 100/125 loss: 0.0100364089012146
2023-10-29 07:56:36,564 | train | INFO | Write row 12
2023-10-29 07:56:37,132 | train | INFO | --Train 13/30
2023-10-29 07:56:38,400 | train | INFO | batch: 0/1371 loss: 0.008462455123662949
2023-10-29 07:59:11,566 | train | INFO | batch: 100/1371 loss: 0.009802285581827164
2023-10-29 08:01:44,187 | train | INFO | batch: 200/1371 loss: 0.008550661616027355
2023-10-29 08:04:16,609 | train | INFO | batch: 300/1371 loss: 0.00989694893360138
2023-10-29 08:06:48,897 | train | INFO | batch: 400/1371 loss: 0.009661491960287094
2023-10-29 08:09:21,045 | train | INFO | batch: 500/1371 loss: 0.010509412735700607
2023-10-29 08:11:53,472 | train | INFO | batch: 600/1371 loss: 0.009498067200183868
2023-10-29 08:14:25,939 | train | INFO | batch: 700/1371 loss: 0.009718603454530239
2023-10-29 08:16:58,802 | train | INFO | batch: 800/1371 loss: 0.010474173352122307
2023-10-29 08:19:31,181 | train | INFO | batch: 900/1371 loss: 0.010226400569081306
2023-10-29 08:22:04,146 | train | INFO | batch: 1000/1371 loss: 0.00991838239133358
2023-10-29 08:24:37,036 | train | INFO | batch: 1100/1371 loss: 0.011158854700624943
2023-10-29 08:27:09,665 | train | INFO | batch: 1200/1371 loss: 0.00962719414383173
2023-10-29 08:29:42,427 | train | INFO | batch: 1300/1371 loss: 0.012079806067049503
2023-10-29 08:31:28,240 | train | INFO | --Val 13/30
2023-10-29 08:31:29,381 | train | INFO | batch: 0/125 loss: 0.009218513034284115
2023-10-29 08:33:27,311 | train | INFO | batch: 100/125 loss: 0.009927863255143166
2023-10-29 08:33:55,724 | train | INFO | Write row 13
2023-10-29 08:33:56,299 | train | INFO | --Train 14/30
2023-10-29 08:33:57,516 | train | INFO | batch: 0/1371 loss: 0.010199053213000298
2023-10-29 08:36:30,126 | train | INFO | batch: 100/1371 loss: 0.009431789629161358
2023-10-29 08:39:02,510 | train | INFO | batch: 200/1371 loss: 0.00927178468555212
2023-10-29 08:41:34,844 | train | INFO | batch: 300/1371 loss: 0.00783842895179987
2023-10-29 08:44:07,307 | train | INFO | batch: 400/1371 loss: 0.008617646992206573
2023-10-29 08:46:39,771 | train | INFO | batch: 500/1371 loss: 0.009235752746462822
2023-10-29 08:49:11,855 | train | INFO | batch: 600/1371 loss: 0.007942566648125648
2023-10-29 08:51:44,266 | train | INFO | batch: 700/1371 loss: 0.009085876867175102
2023-10-29 08:54:16,782 | train | INFO | batch: 800/1371 loss: 0.01004700642079115
2023-10-29 08:56:49,700 | train | INFO | batch: 900/1371 loss: 0.00880254153162241
2023-10-29 08:59:22,074 | train | INFO | batch: 1000/1371 loss: 0.009631774388253689
2023-10-29 09:01:54,697 | train | INFO | batch: 1100/1371 loss: 0.00928935594856739
2023-10-29 09:04:27,762 | train | INFO | batch: 1200/1371 loss: 0.008371232077479362
2023-10-29 09:07:00,114 | train | INFO | batch: 1300/1371 loss: 0.01009404007345438
2023-10-29 09:08:46,340 | train | INFO | --Val 14/30
2023-10-29 09:08:47,536 | train | INFO | batch: 0/125 loss: 0.0114689189940691
2023-10-29 09:10:49,394 | train | INFO | batch: 100/125 loss: 0.01038432028144598
2023-10-29 09:11:18,676 | train | INFO | Write row 14
2023-10-29 09:11:19,264 | train | INFO | --Train 15/30
2023-10-29 09:11:20,506 | train | INFO | batch: 0/1371 loss: 0.011301979422569275
2023-10-29 09:13:53,015 | train | INFO | batch: 100/1371 loss: 0.007470090873539448
2023-10-29 09:16:25,118 | train | INFO | batch: 200/1371 loss: 0.008004947565495968
2023-10-29 09:18:57,453 | train | INFO | batch: 300/1371 loss: 0.010110793635249138
2023-10-29 09:21:29,879 | train | INFO | batch: 400/1371 loss: 0.009416415356099606
2023-10-29 09:24:02,549 | train | INFO | batch: 500/1371 loss: 0.007352519780397415
2023-10-29 09:26:35,261 | train | INFO | batch: 600/1371 loss: 0.008316420018672943
2023-10-29 09:29:07,507 | train | INFO | batch: 700/1371 loss: 0.007948952727019787
2023-10-29 09:31:39,887 | train | INFO | batch: 800/1371 loss: 0.008960960432887077
2023-10-29 09:34:12,468 | train | INFO | batch: 900/1371 loss: 0.008053671568632126
2023-10-29 09:36:44,319 | train | INFO | batch: 1000/1371 loss: 0.009094803594052792
2023-10-29 09:39:15,636 | train | INFO | batch: 1100/1371 loss: 0.008135597221553326
2023-10-29 09:41:47,035 | train | INFO | batch: 1200/1371 loss: 0.012742806226015091
2023-10-29 09:44:18,633 | train | INFO | batch: 1300/1371 loss: 0.010164009407162666
2023-10-29 09:46:03,630 | train | INFO | --Val 15/30
2023-10-29 09:46:04,830 | train | INFO | batch: 0/125 loss: 0.00818747840821743
2023-10-29 09:48:05,782 | train | INFO | batch: 100/125 loss: 0.010549782775342464
2023-10-29 09:48:34,764 | train | INFO | Write row 15
2023-10-29 09:48:35,354 | train | INFO | --Train 16/30
2023-10-29 09:48:36,616 | train | INFO | batch: 0/1371 loss: 0.008974875323474407
2023-10-29 09:51:09,200 | train | INFO | batch: 100/1371 loss: 0.008849971927702427
2023-10-29 09:53:41,890 | train | INFO | batch: 200/1371 loss: 0.008992979303002357
2023-10-29 09:56:14,274 | train | INFO | batch: 300/1371 loss: 0.007819348014891148
2023-10-29 09:58:46,752 | train | INFO | batch: 400/1371 loss: 0.00831126980483532
2023-10-29 10:01:19,430 | train | INFO | batch: 500/1371 loss: 0.0102841816842556
2023-10-29 10:03:52,000 | train | INFO | batch: 600/1371 loss: 0.009187258780002594
2023-10-29 10:06:24,431 | train | INFO | batch: 700/1371 loss: 0.008282259106636047
2023-10-29 10:08:57,516 | train | INFO | batch: 800/1371 loss: 0.008996357209980488
2023-10-29 10:11:29,970 | train | INFO | batch: 900/1371 loss: 0.008839193731546402
2023-10-29 10:14:02,811 | train | INFO | batch: 1000/1371 loss: 0.008410155773162842
2023-10-29 10:16:35,754 | train | INFO | batch: 1100/1371 loss: 0.007467957213521004
2023-10-29 10:19:08,400 | train | INFO | batch: 1200/1371 loss: 0.00822367426007986
2023-10-29 10:21:41,232 | train | INFO | batch: 1300/1371 loss: 0.008730508387088776
2023-10-29 10:23:27,061 | train | INFO | --Val 16/30
2023-10-29 10:23:28,264 | train | INFO | batch: 0/125 loss: 0.011160869151353836
2023-10-29 10:25:30,302 | train | INFO | batch: 100/125 loss: 0.009291477501392365
2023-10-29 10:25:59,573 | train | INFO | Write row 16
2023-10-29 10:26:00,178 | train | INFO | --Train 17/30
2023-10-29 10:26:01,423 | train | INFO | batch: 0/1371 loss: 0.008684172295033932
2023-10-29 10:28:34,337 | train | INFO | batch: 100/1371 loss: 0.008073502220213413
2023-10-29 10:31:06,640 | train | INFO | batch: 200/1371 loss: 0.006571865640580654
2023-10-29 10:33:39,454 | train | INFO | batch: 300/1371 loss: 0.00735904136672616
2023-10-29 10:36:11,725 | train | INFO | batch: 400/1371 loss: 0.007666528224945068
2023-10-29 10:38:44,158 | train | INFO | batch: 500/1371 loss: 0.008526734076440334
2023-10-29 10:41:16,962 | train | INFO | batch: 600/1371 loss: 0.00949025433510542
2023-10-29 10:43:49,899 | train | INFO | batch: 700/1371 loss: 0.00824317242950201
2023-10-29 10:46:22,777 | train | INFO | batch: 800/1371 loss: 0.00803997553884983
2023-10-29 10:48:55,239 | train | INFO | batch: 900/1371 loss: 0.008235913701355457
2023-10-29 10:51:27,867 | train | INFO | batch: 1000/1371 loss: 0.008128131739795208
2023-10-29 10:54:00,783 | train | INFO | batch: 1100/1371 loss: 0.008350586518645287
2023-10-29 10:56:33,182 | train | INFO | batch: 1200/1371 loss: 0.008842422626912594
2023-10-29 10:59:05,728 | train | INFO | batch: 1300/1371 loss: 0.008217678405344486
2023-10-29 11:00:51,770 | train | INFO | --Val 17/30
2023-10-29 11:00:52,976 | train | INFO | batch: 0/125 loss: 0.008877597749233246
2023-10-29 11:02:54,971 | train | INFO | batch: 100/125 loss: 0.011089535430073738
2023-10-29 11:03:24,303 | train | INFO | Write row 17
2023-10-29 11:03:24,915 | train | INFO | --Train 18/30
2023-10-29 11:03:26,186 | train | INFO | batch: 0/1371 loss: 0.007050918415188789
2023-10-29 11:05:58,778 | train | INFO | batch: 100/1371 loss: 0.008578218519687653
2023-10-29 11:08:31,449 | train | INFO | batch: 200/1371 loss: 0.007182094734162092
2023-10-29 11:11:03,713 | train | INFO | batch: 300/1371 loss: 0.007810387294739485
2023-10-29 11:13:36,257 | train | INFO | batch: 400/1371 loss: 0.006418908014893532
2023-10-29 11:16:09,051 | train | INFO | batch: 500/1371 loss: 0.007261277642101049
2023-10-29 11:18:41,913 | train | INFO | batch: 600/1371 loss: 0.00837160088121891
2023-10-29 11:21:14,342 | train | INFO | batch: 700/1371 loss: 0.008426232263445854
2023-10-29 11:23:47,010 | train | INFO | batch: 800/1371 loss: 0.007138942833989859
2023-10-29 11:26:19,256 | train | INFO | batch: 900/1371 loss: 0.009493252262473106
2023-10-29 11:28:51,462 | train | INFO | batch: 1000/1371 loss: 0.008732898160815239
2023-10-29 11:31:23,987 | train | INFO | batch: 1100/1371 loss: 0.007868664339184761
2023-10-29 11:33:56,732 | train | INFO | batch: 1200/1371 loss: 0.008143178187310696
2023-10-29 11:36:29,520 | train | INFO | batch: 1300/1371 loss: 0.007993626408278942
2023-10-29 11:38:15,279 | train | INFO | --Val 18/30
2023-10-29 11:38:16,467 | train | INFO | batch: 0/125 loss: 0.010450037196278572
2023-10-29 11:40:18,497 | train | INFO | batch: 100/125 loss: 0.009756269864737988
2023-10-29 11:40:47,664 | train | INFO | Write row 18
2023-10-29 11:40:48,290 | train | INFO | --Train 19/30
2023-10-29 11:40:49,503 | train | INFO | batch: 0/1371 loss: 0.00921466201543808
2023-10-29 11:43:22,327 | train | INFO | batch: 100/1371 loss: 0.005665683653205633
2023-10-29 11:45:54,681 | train | INFO | batch: 200/1371 loss: 0.012956495396792889
2023-10-29 11:48:27,051 | train | INFO | batch: 300/1371 loss: 0.011991899460554123
2023-10-29 11:50:59,486 | train | INFO | batch: 400/1371 loss: 0.007627587765455246
2023-10-29 11:53:32,262 | train | INFO | batch: 500/1371 loss: 0.007569335401058197
2023-10-29 11:56:04,770 | train | INFO | batch: 600/1371 loss: 0.009389481507241726
2023-10-29 11:58:37,462 | train | INFO | batch: 700/1371 loss: 0.00888054259121418
2023-10-29 12:01:10,086 | train | INFO | batch: 800/1371 loss: 0.0071058571338653564
2023-10-29 12:03:42,395 | train | INFO | batch: 900/1371 loss: 0.007373167667537928
2023-10-29 12:06:15,090 | train | INFO | batch: 1000/1371 loss: 0.007410586811602116
2023-10-29 12:08:47,744 | train | INFO | batch: 1100/1371 loss: 0.008247212506830692
2023-10-29 12:11:20,284 | train | INFO | batch: 1200/1371 loss: 0.008472621440887451
2023-10-29 12:13:52,903 | train | INFO | batch: 1300/1371 loss: 0.0076343291439116
2023-10-29 12:15:39,137 | train | INFO | --Val 19/30
2023-10-29 12:15:40,345 | train | INFO | batch: 0/125 loss: 0.011865397915244102
2023-10-29 12:17:42,328 | train | INFO | batch: 100/125 loss: 0.011021919548511505
2023-10-29 12:18:11,629 | train | INFO | Write row 19
2023-10-29 12:18:12,600 | train | INFO | --Train 20/30
2023-10-29 12:18:13,855 | train | INFO | batch: 0/1371 loss: 0.00918373093008995
2023-10-29 12:20:46,375 | train | INFO | batch: 100/1371 loss: 0.0064670671708881855
2023-10-29 12:23:19,199 | train | INFO | batch: 200/1371 loss: 0.007868328131735325
2023-10-29 12:25:51,591 | train | INFO | batch: 300/1371 loss: 0.007059894502162933
2023-10-29 12:28:24,106 | train | INFO | batch: 400/1371 loss: 0.010301032103598118
2023-10-29 12:30:56,720 | train | INFO | batch: 500/1371 loss: 0.006734868045896292
2023-10-29 12:33:29,222 | train | INFO | batch: 600/1371 loss: 0.007413513492792845
2023-10-29 12:36:02,022 | train | INFO | batch: 700/1371 loss: 0.007930577732622623
2023-10-29 12:38:34,546 | train | INFO | batch: 800/1371 loss: 0.007227753754705191
2023-10-29 12:41:07,314 | train | INFO | batch: 900/1371 loss: 0.007706973701715469
2023-10-29 12:43:39,777 | train | INFO | batch: 1000/1371 loss: 0.00791668426245451
2023-10-29 12:46:12,127 | train | INFO | batch: 1100/1371 loss: 0.00763655686751008
2023-10-29 12:48:44,139 | train | INFO | batch: 1200/1371 loss: 0.006845555733889341
2023-10-29 12:51:16,834 | train | INFO | batch: 1300/1371 loss: 0.007919037714600563
2023-10-29 12:53:02,772 | train | INFO | --Val 20/30
2023-10-29 12:53:03,984 | train | INFO | batch: 0/125 loss: 0.008827882818877697
2023-10-29 12:55:05,422 | train | INFO | batch: 100/125 loss: 0.009244605898857117
2023-10-29 12:55:34,564 | train | INFO | Write row 20
2023-10-29 12:55:35,199 | train | INFO | --Train 21/30
2023-10-29 12:55:36,435 | train | INFO | batch: 0/1371 loss: 0.008149407804012299
2023-10-29 12:58:08,771 | train | INFO | batch: 100/1371 loss: 0.007578611373901367
2023-10-29 13:00:41,574 | train | INFO | batch: 200/1371 loss: 0.007931067608296871
2023-10-29 13:03:14,230 | train | INFO | batch: 300/1371 loss: 0.007515896111726761
2023-10-29 13:05:47,070 | train | INFO | batch: 400/1371 loss: 0.008160480298101902
2023-10-29 13:08:19,350 | train | INFO | batch: 500/1371 loss: 0.006789656355977058
2023-10-29 13:10:51,654 | train | INFO | batch: 600/1371 loss: 0.006188056897372007
2023-10-29 13:13:23,815 | train | INFO | batch: 700/1371 loss: 0.006621451582759619
2023-10-29 13:15:56,250 | train | INFO | batch: 800/1371 loss: 0.007725909817963839
2023-10-29 13:18:28,213 | train | INFO | batch: 900/1371 loss: 0.007171332836151123
2023-10-29 13:21:00,851 | train | INFO | batch: 1000/1371 loss: 0.0062248180620372295
2023-10-29 13:23:33,686 | train | INFO | batch: 1100/1371 loss: 0.00785287469625473
2023-10-29 13:26:05,999 | train | INFO | batch: 1200/1371 loss: 0.008199570700526237
2023-10-29 13:28:38,658 | train | INFO | batch: 1300/1371 loss: 0.006834886036813259
2023-10-29 13:30:24,427 | train | INFO | --Val 21/30
2023-10-29 13:30:25,626 | train | INFO | batch: 0/125 loss: 0.008753173053264618
2023-10-29 13:32:27,631 | train | INFO | batch: 100/125 loss: 0.008525580167770386
2023-10-29 13:32:56,881 | train | INFO | Write row 21
2023-10-29 13:32:57,524 | train | INFO | --Train 22/30
2023-10-29 13:32:58,738 | train | INFO | batch: 0/1371 loss: 0.006700839847326279
2023-10-29 13:35:31,295 | train | INFO | batch: 100/1371 loss: 0.006970764137804508
2023-10-29 13:38:03,618 | train | INFO | batch: 200/1371 loss: 0.006900727283209562
2023-10-29 13:40:36,216 | train | INFO | batch: 300/1371 loss: 0.005691207479685545
2023-10-29 13:43:08,610 | train | INFO | batch: 400/1371 loss: 0.00820908322930336
2023-10-29 13:45:40,903 | train | INFO | batch: 500/1371 loss: 0.006116281729191542
2023-10-29 13:48:12,679 | train | INFO | batch: 600/1371 loss: 0.005966837052255869
2023-10-29 13:50:45,216 | train | INFO | batch: 700/1371 loss: 0.005862650461494923
2023-10-29 13:53:17,552 | train | INFO | batch: 800/1371 loss: 0.005811174400150776
2023-10-29 13:55:49,606 | train | INFO | batch: 900/1371 loss: 0.007319368422031403
2023-10-29 13:58:21,461 | train | INFO | batch: 1000/1371 loss: 0.00910527165979147
2023-10-29 14:00:53,780 | train | INFO | batch: 1100/1371 loss: 0.005575208459049463
2023-10-29 14:03:26,036 | train | INFO | batch: 1200/1371 loss: 0.006769311614334583
2023-10-29 14:05:58,421 | train | INFO | batch: 1300/1371 loss: 0.006621952168643475
2023-10-29 14:07:44,219 | train | INFO | --Val 22/30
2023-10-29 14:07:45,388 | train | INFO | batch: 0/125 loss: 0.007971441373229027
2023-10-29 14:09:46,016 | train | INFO | batch: 100/125 loss: 0.009095536544919014
2023-10-29 14:10:14,752 | train | INFO | Write row 22
2023-10-29 14:10:15,386 | train | INFO | --Train 23/30
2023-10-29 14:10:16,623 | train | INFO | batch: 0/1371 loss: 0.007922070100903511
2023-10-29 14:12:48,235 | train | INFO | batch: 100/1371 loss: 0.006866397336125374
2023-10-29 14:15:20,054 | train | INFO | batch: 200/1371 loss: 0.008702212944626808
2023-10-29 14:17:51,606 | train | INFO | batch: 300/1371 loss: 0.006165657192468643
2023-10-29 14:20:23,616 | train | INFO | batch: 400/1371 loss: 0.006360555998980999
2023-10-29 14:22:54,822 | train | INFO | batch: 500/1371 loss: 0.00712910620495677
2023-10-29 14:25:26,308 | train | INFO | batch: 600/1371 loss: 0.006695382762700319
2023-10-29 14:27:57,894 | train | INFO | batch: 700/1371 loss: 0.00891509186476469
2023-10-29 14:30:29,604 | train | INFO | batch: 800/1371 loss: 0.005443005822598934
2023-10-29 14:33:01,591 | train | INFO | batch: 900/1371 loss: 0.00685484241694212
2023-10-29 14:35:33,234 | train | INFO | batch: 1000/1371 loss: 0.008378781378269196
2023-10-29 14:38:04,539 | train | INFO | batch: 1100/1371 loss: 0.006201862823218107
2023-10-29 14:40:36,934 | train | INFO | batch: 1200/1371 loss: 0.007102479692548513
2023-10-29 14:43:08,855 | train | INFO | batch: 1300/1371 loss: 0.006606320384889841
2023-10-29 14:44:54,475 | train | INFO | --Val 23/30
2023-10-29 14:44:55,659 | train | INFO | batch: 0/125 loss: 0.009719337336719036
2023-10-29 14:46:56,216 | train | INFO | batch: 100/125 loss: 0.00799348670989275
2023-10-29 14:47:25,546 | train | INFO | Write row 23
2023-10-29 14:47:26,204 | train | INFO | --Train 24/30
2023-10-29 14:47:27,451 | train | INFO | batch: 0/1371 loss: 0.006817562971264124
2023-10-29 14:49:59,880 | train | INFO | batch: 100/1371 loss: 0.006894530728459358
2023-10-29 14:52:32,699 | train | INFO | batch: 200/1371 loss: 0.007612825836986303
2023-10-29 14:55:05,066 | train | INFO | batch: 300/1371 loss: 0.0064684608951210976
2023-10-29 14:57:37,544 | train | INFO | batch: 400/1371 loss: 0.006034332327544689
2023-10-29 15:00:10,189 | train | INFO | batch: 500/1371 loss: 0.006942144129425287
2023-10-29 15:02:42,524 | train | INFO | batch: 600/1371 loss: 0.007370336912572384
2023-10-29 15:05:15,406 | train | INFO | batch: 700/1371 loss: 0.007262754254043102
2023-10-29 15:07:48,174 | train | INFO | batch: 800/1371 loss: 0.007204841356724501
2023-10-29 15:10:20,785 | train | INFO | batch: 900/1371 loss: 0.00665888050571084
2023-10-29 15:12:53,110 | train | INFO | batch: 1000/1371 loss: 0.008096941746771336
2023-10-29 15:15:25,808 | train | INFO | batch: 1100/1371 loss: 0.006704298779368401
2023-10-29 15:17:58,152 | train | INFO | batch: 1200/1371 loss: 0.012178067117929459
2023-10-29 15:20:30,865 | train | INFO | batch: 1300/1371 loss: 0.008924496360123158
2023-10-29 15:22:17,025 | train | INFO | --Val 24/30
2023-10-29 15:22:18,242 | train | INFO | batch: 0/125 loss: 0.009774194099009037
2023-10-29 15:24:19,954 | train | INFO | batch: 100/125 loss: 0.009374909102916718
2023-10-29 15:24:49,176 | train | INFO | Write row 24
2023-10-29 15:24:50,228 | train | INFO | --Train 25/30
2023-10-29 15:24:51,476 | train | INFO | batch: 0/1371 loss: 0.006038612686097622
2023-10-29 15:27:24,193 | train | INFO | batch: 100/1371 loss: 0.006472535897046328
2023-10-29 15:29:56,845 | train | INFO | batch: 200/1371 loss: 0.005676258821040392
2023-10-29 15:32:29,688 | train | INFO | batch: 300/1371 loss: 0.006376675330102444
2023-10-29 15:35:01,901 | train | INFO | batch: 400/1371 loss: 0.0067086657509207726
2023-10-29 15:37:34,440 | train | INFO | batch: 500/1371 loss: 0.006534398999065161
2023-10-29 15:40:07,220 | train | INFO | batch: 600/1371 loss: 0.005821799393743277
2023-10-29 15:42:39,737 | train | INFO | batch: 700/1371 loss: 0.007140844129025936
2023-10-29 15:45:12,705 | train | INFO | batch: 800/1371 loss: 0.006496730260550976
2023-10-29 15:47:45,224 | train | INFO | batch: 900/1371 loss: 0.0058854082599282265
2023-10-29 15:50:17,743 | train | INFO | batch: 1000/1371 loss: 0.006539556663483381
2023-10-29 15:52:50,334 | train | INFO | batch: 1100/1371 loss: 0.006506457459181547
2023-10-29 15:55:22,890 | train | INFO | batch: 1200/1371 loss: 0.008766692131757736
2023-10-29 15:57:55,263 | train | INFO | batch: 1300/1371 loss: 0.005141772795468569
2023-10-29 15:59:41,310 | train | INFO | --Val 25/30
2023-10-29 15:59:42,515 | train | INFO | batch: 0/125 loss: 0.00860329158604145
2023-10-29 16:01:44,541 | train | INFO | batch: 100/125 loss: 0.008503766730427742
2023-10-29 16:02:13,811 | train | INFO | Write row 25
2023-10-29 16:02:14,485 | train | INFO | --Train 26/30
2023-10-29 16:02:15,760 | train | INFO | batch: 0/1371 loss: 0.0047037177719175816
2023-10-29 16:04:48,288 | train | INFO | batch: 100/1371 loss: 0.00579811492934823
2023-10-29 16:07:21,050 | train | INFO | batch: 200/1371 loss: 0.005452374927699566
2023-10-29 16:09:53,711 | train | INFO | batch: 300/1371 loss: 0.006625462789088488
2023-10-29 16:12:26,467 | train | INFO | batch: 400/1371 loss: 0.006772720720618963
2023-10-29 16:14:59,020 | train | INFO | batch: 500/1371 loss: 0.0055397446267306805
2023-10-29 16:17:31,237 | train | INFO | batch: 600/1371 loss: 0.004249006975442171
2023-10-29 16:20:03,536 | train | INFO | batch: 700/1371 loss: 0.006142818834632635
2023-10-29 16:22:36,328 | train | INFO | batch: 800/1371 loss: 0.007126218639314175
2023-10-29 16:25:09,029 | train | INFO | batch: 900/1371 loss: 0.006376390345394611
2023-10-29 16:27:41,377 | train | INFO | batch: 1000/1371 loss: 0.006797920446842909
2023-10-29 16:30:13,728 | train | INFO | batch: 1100/1371 loss: 0.006365636829286814
2023-10-29 16:32:46,832 | train | INFO | batch: 1200/1371 loss: 0.006683763582259417
2023-10-29 16:35:19,051 | train | INFO | batch: 1300/1371 loss: 0.007507674396038055
2023-10-29 16:37:04,962 | train | INFO | --Val 26/30
2023-10-29 16:37:06,179 | train | INFO | batch: 0/125 loss: 0.008210331201553345
2023-10-29 16:39:07,819 | train | INFO | batch: 100/125 loss: 0.00886065885424614
2023-10-29 16:39:36,943 | train | INFO | Write row 26
2023-10-29 16:39:37,629 | train | INFO | --Train 27/30
2023-10-29 16:39:38,887 | train | INFO | batch: 0/1371 loss: 0.005404944531619549
2023-10-29 16:42:11,512 | train | INFO | batch: 100/1371 loss: 0.00592074217274785
2023-10-29 16:44:44,100 | train | INFO | batch: 200/1371 loss: 0.007127015385776758
2023-10-29 16:47:16,318 | train | INFO | batch: 300/1371 loss: 0.005435615312308073
2023-10-29 16:49:49,065 | train | INFO | batch: 400/1371 loss: 0.00695228623226285
2023-10-29 16:52:21,522 | train | INFO | batch: 500/1371 loss: 0.0054715946316719055
2023-10-29 16:54:54,238 | train | INFO | batch: 600/1371 loss: 0.008361577056348324
2023-10-29 16:57:27,213 | train | INFO | batch: 700/1371 loss: 0.005733538884669542
2023-10-29 17:00:00,286 | train | INFO | batch: 800/1371 loss: 0.005766517482697964
2023-10-29 17:02:32,441 | train | INFO | batch: 900/1371 loss: 0.005369707476347685
2023-10-29 17:05:04,842 | train | INFO | batch: 1000/1371 loss: 0.006639245431870222
2023-10-29 17:07:37,096 | train | INFO | batch: 1100/1371 loss: 0.00665264343842864
2023-10-29 17:10:10,092 | train | INFO | batch: 1200/1371 loss: 0.007178214378654957
2023-10-29 17:12:42,565 | train | INFO | batch: 1300/1371 loss: 0.0061844452284276485
2023-10-29 17:14:28,525 | train | INFO | --Val 27/30
2023-10-29 17:14:29,734 | train | INFO | batch: 0/125 loss: 0.009219488129019737
2023-10-29 17:16:31,285 | train | INFO | batch: 100/125 loss: 0.007397450972348452
2023-10-29 17:17:00,343 | train | INFO | Write row 27
2023-10-29 17:17:01,458 | train | INFO | --Train 28/30
2023-10-29 17:17:02,709 | train | INFO | batch: 0/1371 loss: 0.005775972735136747
2023-10-29 17:19:35,261 | train | INFO | batch: 100/1371 loss: 0.00596516951918602
2023-10-29 17:22:07,942 | train | INFO | batch: 200/1371 loss: 0.006527048535645008
2023-10-29 17:24:40,728 | train | INFO | batch: 300/1371 loss: 0.004977094940841198
2023-10-29 17:27:13,105 | train | INFO | batch: 400/1371 loss: 0.007125010248273611
2023-10-29 17:29:45,617 | train | INFO | batch: 500/1371 loss: 0.004514347296208143
2023-10-29 17:32:17,906 | train | INFO | batch: 600/1371 loss: 0.005393920000642538
2023-10-29 17:34:50,582 | train | INFO | batch: 700/1371 loss: 0.006808899808675051
2023-10-29 17:37:23,212 | train | INFO | batch: 800/1371 loss: 0.006957177072763443
2023-10-29 17:39:55,476 | train | INFO | batch: 900/1371 loss: 0.007820178754627705
2023-10-29 17:42:27,763 | train | INFO | batch: 1000/1371 loss: 0.0062693338841199875
2023-10-29 17:45:00,354 | train | INFO | batch: 1100/1371 loss: 0.0044510578736662865
2023-10-29 17:47:32,752 | train | INFO | batch: 1200/1371 loss: 0.0063419947400689125
2023-10-29 17:50:05,144 | train | INFO | batch: 1300/1371 loss: 0.005201349500566721
2023-10-29 17:51:51,108 | train | INFO | --Val 28/30
2023-10-29 17:51:52,313 | train | INFO | batch: 0/125 loss: 0.008442928083240986
2023-10-29 17:53:54,202 | train | INFO | batch: 100/125 loss: 0.00817288551479578
2023-10-29 17:54:23,444 | train | INFO | Write row 28
2023-10-29 17:54:24,141 | train | INFO | --Train 29/30
2023-10-29 17:54:25,371 | train | INFO | batch: 0/1371 loss: 0.007172596175223589
2023-10-29 17:56:57,999 | train | INFO | batch: 100/1371 loss: 0.0057120537385344505
2023-10-29 17:59:30,982 | train | INFO | batch: 200/1371 loss: 0.0048256865702569485
2023-10-29 18:02:03,821 | train | INFO | batch: 300/1371 loss: 0.005712458398193121
2023-10-29 18:04:36,932 | train | INFO | batch: 400/1371 loss: 0.005701123736798763
2023-10-29 18:07:09,182 | train | INFO | batch: 500/1371 loss: 0.00546623021364212
2023-10-29 18:09:40,732 | train | INFO | batch: 600/1371 loss: 0.006989840418100357
2023-10-29 18:12:11,880 | train | INFO | batch: 700/1371 loss: 0.0065310243517160416
2023-10-29 18:14:43,346 | train | INFO | batch: 800/1371 loss: 0.005123153328895569
2023-10-29 18:17:14,531 | train | INFO | batch: 900/1371 loss: 0.005486846901476383
2023-10-29 18:19:45,919 | train | INFO | batch: 1000/1371 loss: 0.006452737841755152
2023-10-29 18:22:16,791 | train | INFO | batch: 1100/1371 loss: 0.006596492137759924
2023-10-29 18:24:48,417 | train | INFO | batch: 1200/1371 loss: 0.0070052980445325375
2023-10-29 18:27:19,887 | train | INFO | batch: 1300/1371 loss: 0.006047884467989206
2023-10-29 18:29:04,948 | train | INFO | --Val 29/30
2023-10-29 18:29:06,140 | train | INFO | batch: 0/125 loss: 0.008670522831380367
2023-10-29 18:31:07,144 | train | INFO | batch: 100/125 loss: 0.009275411255657673
2023-10-29 18:31:36,161 | train | INFO | Write row 29
2023-10-29 18:31:37,262 | train | INFO | Recorder, epoch 29 Model saved: /home/kwy00/ysy/results/train/20231028_234854/model.pt
