2023-10-28 03:42:09,588 | train | INFO | Set Logger /home/kwy00/ysy/results/train/20231028_034209
2023-10-28 03:42:09,644 | train | INFO | Load data, train:10962 val:1000
2023-10-28 03:42:09,644 | train | INFO | Initiated early stopper, mode: min, best score: inf, patience: 10
2023-10-28 03:42:10,135 | train | INFO | --Train 0/30
2023-10-28 03:42:11,556 | train | INFO | batch: 0/1371 loss: 1.778242588043213
2023-10-28 03:44:57,747 | train | INFO | batch: 100/1371 loss: 0.4230278730392456
2023-10-28 03:47:40,286 | train | INFO | batch: 200/1371 loss: 0.24301686882972717
2023-10-28 03:50:21,354 | train | INFO | batch: 300/1371 loss: 0.12241809815168381
2023-10-28 03:53:02,192 | train | INFO | batch: 400/1371 loss: 0.0657564252614975
2023-10-28 03:55:41,031 | train | INFO | batch: 500/1371 loss: 0.08302430063486099
2023-10-28 03:58:19,661 | train | INFO | batch: 600/1371 loss: 0.02511974237859249
2023-10-28 04:00:59,221 | train | INFO | batch: 700/1371 loss: 0.038173314183950424
2023-10-28 04:03:38,169 | train | INFO | batch: 800/1371 loss: 0.03795764222741127
2023-10-28 04:06:17,912 | train | INFO | batch: 900/1371 loss: 0.0252130888402462
2023-10-28 04:08:57,218 | train | INFO | batch: 1000/1371 loss: 0.01902068592607975
2023-10-28 04:11:36,062 | train | INFO | batch: 1100/1371 loss: 0.04544055834412575
2023-10-28 04:14:14,979 | train | INFO | batch: 1200/1371 loss: 0.030061569064855576
2023-10-28 04:16:55,329 | train | INFO | batch: 1300/1371 loss: 0.020033052191138268
2023-10-28 04:18:45,546 | train | INFO | --Val 0/30
2023-10-28 04:18:46,674 | train | INFO | batch: 0/125 loss: 0.07248330861330032
2023-10-28 04:20:42,841 | train | INFO | batch: 100/125 loss: 0.026294421404600143
2023-10-28 04:21:10,751 | train | INFO | Write row 0
2023-10-28 04:21:11,170 | train | INFO | --Train 1/30
2023-10-28 04:21:12,426 | train | INFO | batch: 0/1371 loss: 0.017479654401540756
2023-10-28 04:23:51,492 | train | INFO | batch: 100/1371 loss: 0.016017792746424675
2023-10-28 04:26:29,827 | train | INFO | batch: 200/1371 loss: 0.019304737448692322
2023-10-28 04:29:08,880 | train | INFO | batch: 300/1371 loss: 0.017732633277773857
2023-10-28 04:31:47,499 | train | INFO | batch: 400/1371 loss: 0.016035297885537148
2023-10-28 04:34:26,975 | train | INFO | batch: 500/1371 loss: 0.09125281870365143
2023-10-28 04:37:06,006 | train | INFO | batch: 600/1371 loss: 0.016496259719133377
2023-10-28 04:39:43,998 | train | INFO | batch: 700/1371 loss: 0.014700126834213734
2023-10-28 04:42:22,032 | train | INFO | batch: 800/1371 loss: 0.016763797029852867
2023-10-28 04:44:59,473 | train | INFO | batch: 900/1371 loss: 0.015345323830842972
2023-10-28 04:47:37,495 | train | INFO | batch: 1000/1371 loss: 0.012741612270474434
2023-10-28 04:50:15,198 | train | INFO | batch: 1100/1371 loss: 0.014027261175215244
2023-10-28 04:52:52,390 | train | INFO | batch: 1200/1371 loss: 0.011544553562998772
2023-10-28 04:55:31,270 | train | INFO | batch: 1300/1371 loss: 0.03157137706875801
2023-10-28 04:57:21,573 | train | INFO | --Val 1/30
2023-10-28 04:57:22,702 | train | INFO | batch: 0/125 loss: 0.013979802839457989
2023-10-28 04:59:18,196 | train | INFO | batch: 100/125 loss: 0.015350057743489742
2023-10-28 04:59:45,966 | train | INFO | Write row 1
2023-10-28 04:59:46,446 | train | INFO | --Train 2/30
2023-10-28 04:59:47,651 | train | INFO | batch: 0/1371 loss: 0.015460158698260784
2023-10-28 05:02:27,278 | train | INFO | batch: 100/1371 loss: 0.02324938215315342
2023-10-28 05:05:05,705 | train | INFO | batch: 200/1371 loss: 0.015476655215024948
2023-10-28 05:07:44,108 | train | INFO | batch: 300/1371 loss: 0.016785362735390663
2023-10-28 05:10:22,720 | train | INFO | batch: 400/1371 loss: 0.015524509362876415
2023-10-28 05:13:02,122 | train | INFO | batch: 500/1371 loss: 0.014013555832207203
2023-10-28 05:15:41,072 | train | INFO | batch: 600/1371 loss: 0.012454839423298836
2023-10-28 05:18:20,502 | train | INFO | batch: 700/1371 loss: 0.017087070271372795
2023-10-28 05:20:58,609 | train | INFO | batch: 800/1371 loss: 0.016334692016243935
2023-10-28 05:23:37,832 | train | INFO | batch: 900/1371 loss: 0.026819702237844467
2023-10-28 05:26:16,746 | train | INFO | batch: 1000/1371 loss: 0.016460634768009186
2023-10-28 05:28:54,960 | train | INFO | batch: 1100/1371 loss: 0.01711999624967575
2023-10-28 05:31:32,673 | train | INFO | batch: 1200/1371 loss: 0.01450292393565178
2023-10-28 05:34:10,847 | train | INFO | batch: 1300/1371 loss: 0.012534582987427711
2023-10-28 05:36:01,233 | train | INFO | --Val 2/30
2023-10-28 05:36:02,372 | train | INFO | batch: 0/125 loss: 0.012867226265370846
2023-10-28 05:37:57,669 | train | INFO | batch: 100/125 loss: 0.015236496925354004
2023-10-28 05:38:25,307 | train | INFO | Write row 2
2023-10-28 05:38:25,794 | train | INFO | --Train 3/30
2023-10-28 05:38:27,097 | train | INFO | batch: 0/1371 loss: 0.01269010454416275
2023-10-28 05:41:04,785 | train | INFO | batch: 100/1371 loss: 0.011812040582299232
2023-10-28 05:43:43,685 | train | INFO | batch: 200/1371 loss: 0.014176818542182446
2023-10-28 05:46:22,342 | train | INFO | batch: 300/1371 loss: 0.01192138809710741
2023-10-28 05:49:00,213 | train | INFO | batch: 400/1371 loss: 0.014116178266704082
2023-10-28 05:51:37,764 | train | INFO | batch: 500/1371 loss: 0.011389334686100483
2023-10-28 05:54:16,330 | train | INFO | batch: 600/1371 loss: 0.02874447964131832
2023-10-28 05:56:56,073 | train | INFO | batch: 700/1371 loss: 0.0152367502450943
2023-10-28 05:59:33,698 | train | INFO | batch: 800/1371 loss: 0.01577530987560749
2023-10-28 06:02:12,020 | train | INFO | batch: 900/1371 loss: 0.03563638776540756
2023-10-28 06:04:51,033 | train | INFO | batch: 1000/1371 loss: 0.018951307982206345
2023-10-28 06:07:31,245 | train | INFO | batch: 1100/1371 loss: 0.02377391792833805
2023-10-28 06:10:09,134 | train | INFO | batch: 1200/1371 loss: 0.012387985363602638
2023-10-28 06:12:48,062 | train | INFO | batch: 1300/1371 loss: 0.016739938408136368
2023-10-28 06:14:39,009 | train | INFO | --Val 3/30
2023-10-28 06:14:40,152 | train | INFO | batch: 0/125 loss: 0.013652455061674118
2023-10-28 06:16:36,193 | train | INFO | batch: 100/125 loss: 0.014655658975243568
2023-10-28 06:17:03,970 | train | INFO | Write row 3
2023-10-28 06:17:04,465 | train | INFO | --Train 4/30
2023-10-28 06:17:05,742 | train | INFO | batch: 0/1371 loss: 0.01755879446864128
2023-10-28 06:19:43,722 | train | INFO | batch: 100/1371 loss: 0.0296718068420887
2023-10-28 06:22:22,506 | train | INFO | batch: 200/1371 loss: 0.017763011157512665
2023-10-28 06:25:00,270 | train | INFO | batch: 300/1371 loss: 0.010695205070078373
2023-10-28 06:27:38,332 | train | INFO | batch: 400/1371 loss: 0.013435275293886662
2023-10-28 06:30:16,505 | train | INFO | batch: 500/1371 loss: 0.012241284362971783
2023-10-28 06:32:54,602 | train | INFO | batch: 600/1371 loss: 0.011131636798381805
2023-10-28 06:35:32,746 | train | INFO | batch: 700/1371 loss: 0.012789608910679817
2023-10-28 06:38:10,631 | train | INFO | batch: 800/1371 loss: 0.01572606898844242
2023-10-28 06:40:49,212 | train | INFO | batch: 900/1371 loss: 0.01166960597038269
2023-10-28 06:43:27,466 | train | INFO | batch: 1000/1371 loss: 0.010827881284058094
2023-10-28 06:46:05,594 | train | INFO | batch: 1100/1371 loss: 0.015166101045906544
2023-10-28 06:48:43,559 | train | INFO | batch: 1200/1371 loss: 0.012008490972220898
2023-10-28 06:51:21,397 | train | INFO | batch: 1300/1371 loss: 0.011907966807484627
2023-10-28 06:53:10,697 | train | INFO | --Val 4/30
2023-10-28 06:53:11,840 | train | INFO | batch: 0/125 loss: 0.019991084933280945
2023-10-28 06:55:07,874 | train | INFO | batch: 100/125 loss: 0.05803286284208298
2023-10-28 06:55:35,686 | train | INFO | Write row 4
2023-10-28 06:55:36,189 | train | INFO | --Train 5/30
2023-10-28 06:55:37,486 | train | INFO | batch: 0/1371 loss: 0.021314721554517746
2023-10-28 06:58:16,677 | train | INFO | batch: 100/1371 loss: 0.013428404927253723
2023-10-28 07:00:54,825 | train | INFO | batch: 200/1371 loss: 0.012275866232812405
2023-10-28 07:03:33,602 | train | INFO | batch: 300/1371 loss: 0.012666033580899239
2023-10-28 07:06:11,329 | train | INFO | batch: 400/1371 loss: 0.012812717817723751
2023-10-28 07:08:49,522 | train | INFO | batch: 500/1371 loss: 0.010772996582090855
2023-10-28 07:11:27,025 | train | INFO | batch: 600/1371 loss: 0.013028937391936779
2023-10-28 07:14:04,815 | train | INFO | batch: 700/1371 loss: 0.01013551838696003
2023-10-28 07:16:43,781 | train | INFO | batch: 800/1371 loss: 0.013612138107419014
2023-10-28 07:19:22,000 | train | INFO | batch: 900/1371 loss: 0.011349747888743877
2023-10-28 07:21:59,380 | train | INFO | batch: 1000/1371 loss: 0.01132251974195242
2023-10-28 07:24:36,808 | train | INFO | batch: 1100/1371 loss: 0.009962853044271469
2023-10-28 07:27:15,112 | train | INFO | batch: 1200/1371 loss: 0.011273202486336231
2023-10-28 07:29:52,226 | train | INFO | batch: 1300/1371 loss: 0.012885639443993568
2023-10-28 07:31:42,641 | train | INFO | --Val 5/30
2023-10-28 07:31:43,772 | train | INFO | batch: 0/125 loss: 0.011904271319508553
2023-10-28 07:33:38,976 | train | INFO | batch: 100/125 loss: 0.011392450891435146
2023-10-28 07:34:06,628 | train | INFO | Write row 5
2023-10-28 07:34:07,137 | train | INFO | --Train 6/30
2023-10-28 07:34:08,432 | train | INFO | batch: 0/1371 loss: 0.010327355936169624
2023-10-28 07:36:46,582 | train | INFO | batch: 100/1371 loss: 0.009786969982087612
2023-10-28 07:39:24,219 | train | INFO | batch: 200/1371 loss: 0.010607042349874973
2023-10-28 07:42:02,090 | train | INFO | batch: 300/1371 loss: 0.011738554574549198
2023-10-28 07:44:39,968 | train | INFO | batch: 400/1371 loss: 0.011570246890187263
2023-10-28 07:47:18,544 | train | INFO | batch: 500/1371 loss: 0.010831398889422417
2023-10-28 07:49:56,770 | train | INFO | batch: 600/1371 loss: 0.01137092337012291
2023-10-28 07:52:35,610 | train | INFO | batch: 700/1371 loss: 0.010629097931087017
2023-10-28 07:55:13,925 | train | INFO | batch: 800/1371 loss: 0.009107112884521484
2023-10-28 07:57:51,587 | train | INFO | batch: 900/1371 loss: 0.010608881711959839
2023-10-28 08:00:29,286 | train | INFO | batch: 1000/1371 loss: 0.01188310980796814
2023-10-28 08:03:07,652 | train | INFO | batch: 1100/1371 loss: 0.013100611045956612
2023-10-28 08:05:45,387 | train | INFO | batch: 1200/1371 loss: 0.027780473232269287
2023-10-28 08:08:23,219 | train | INFO | batch: 1300/1371 loss: 0.010592629201710224
2023-10-28 08:10:13,025 | train | INFO | --Val 6/30
2023-10-28 08:10:14,149 | train | INFO | batch: 0/125 loss: 0.012761632911860943
2023-10-28 08:12:09,154 | train | INFO | batch: 100/125 loss: 0.010673725046217442
2023-10-28 08:12:36,759 | train | INFO | Write row 6
2023-10-28 08:12:37,279 | train | INFO | --Train 7/30
2023-10-28 08:12:38,704 | train | INFO | batch: 0/1371 loss: 0.014273226261138916
2023-10-28 08:15:16,426 | train | INFO | batch: 100/1371 loss: 0.011166921816766262
2023-10-28 08:17:54,155 | train | INFO | batch: 200/1371 loss: 0.008087716065347195
2023-10-28 08:20:31,609 | train | INFO | batch: 300/1371 loss: 0.010924262925982475
2023-10-28 08:23:09,824 | train | INFO | batch: 400/1371 loss: 0.011851023882627487
2023-10-28 08:25:47,602 | train | INFO | batch: 500/1371 loss: 0.008846679702401161
2023-10-28 08:28:25,880 | train | INFO | batch: 600/1371 loss: 0.008099338971078396
2023-10-28 08:31:03,327 | train | INFO | batch: 700/1371 loss: 0.01065763272345066
2023-10-28 08:33:40,401 | train | INFO | batch: 800/1371 loss: 0.011164513416588306
2023-10-28 08:36:18,404 | train | INFO | batch: 900/1371 loss: 0.011053381487727165
2023-10-28 08:38:57,608 | train | INFO | batch: 1000/1371 loss: 0.010436910204589367
2023-10-28 08:41:36,269 | train | INFO | batch: 1100/1371 loss: 0.01313740760087967
2023-10-28 08:44:14,668 | train | INFO | batch: 1200/1371 loss: 0.02727082371711731
2023-10-28 08:46:53,691 | train | INFO | batch: 1300/1371 loss: 0.024953626096248627
2023-10-28 08:48:44,331 | train | INFO | --Val 7/30
2023-10-28 08:48:45,463 | train | INFO | batch: 0/125 loss: 0.01192621048539877
2023-10-28 08:50:40,963 | train | INFO | batch: 100/125 loss: 0.012042565271258354
2023-10-28 08:51:08,659 | train | INFO | Write row 7
2023-10-28 08:51:09,185 | train | INFO | --Train 8/30
2023-10-28 08:51:10,541 | train | INFO | batch: 0/1371 loss: 0.011507386341691017
2023-10-28 08:53:47,826 | train | INFO | batch: 100/1371 loss: 0.010754176415503025
2023-10-28 08:56:26,220 | train | INFO | batch: 200/1371 loss: 0.010304978117346764
2023-10-28 08:59:04,142 | train | INFO | batch: 300/1371 loss: 0.009652153588831425
2023-10-28 09:01:42,117 | train | INFO | batch: 400/1371 loss: 0.014371907338500023
2023-10-28 09:04:20,812 | train | INFO | batch: 500/1371 loss: 0.010601642541587353
2023-10-28 09:06:59,176 | train | INFO | batch: 600/1371 loss: 0.008388211950659752
2023-10-28 09:09:37,850 | train | INFO | batch: 700/1371 loss: 0.010734173469245434
2023-10-28 09:12:16,173 | train | INFO | batch: 800/1371 loss: 0.009495465084910393
2023-10-28 09:14:54,259 | train | INFO | batch: 900/1371 loss: 0.009422154165804386
2023-10-28 09:17:31,785 | train | INFO | batch: 1000/1371 loss: 0.011728519573807716
2023-10-28 09:20:09,567 | train | INFO | batch: 1100/1371 loss: 0.012557410635054111
2023-10-28 09:22:46,854 | train | INFO | batch: 1200/1371 loss: 0.008748042397201061
2023-10-28 09:25:24,149 | train | INFO | batch: 1300/1371 loss: 0.010936743579804897
2023-10-28 09:27:14,436 | train | INFO | --Val 8/30
2023-10-28 09:27:15,575 | train | INFO | batch: 0/125 loss: 0.011866938322782516
2023-10-28 09:29:10,688 | train | INFO | batch: 100/125 loss: 0.011028804816305637
2023-10-28 09:29:38,324 | train | INFO | Write row 8
2023-10-28 09:29:38,859 | train | INFO | --Train 9/30
2023-10-28 09:29:40,121 | train | INFO | batch: 0/1371 loss: 0.010130343027412891
2023-10-28 09:32:18,587 | train | INFO | batch: 100/1371 loss: 0.008547360077500343
2023-10-28 09:34:55,870 | train | INFO | batch: 200/1371 loss: 0.009723383001983166
2023-10-28 09:37:33,635 | train | INFO | batch: 300/1371 loss: 0.01049434021115303
2023-10-28 09:40:11,841 | train | INFO | batch: 400/1371 loss: 0.010747253894805908
2023-10-28 09:42:50,345 | train | INFO | batch: 500/1371 loss: 0.011684130877256393
2023-10-28 09:45:28,750 | train | INFO | batch: 600/1371 loss: 0.010250122286379337
2023-10-28 09:48:06,739 | train | INFO | batch: 700/1371 loss: 0.0074882046319544315
2023-10-28 09:50:44,730 | train | INFO | batch: 800/1371 loss: 0.01045365259051323
2023-10-28 09:53:23,346 | train | INFO | batch: 900/1371 loss: 0.011895105242729187
2023-10-28 09:56:00,530 | train | INFO | batch: 1000/1371 loss: 0.013428100384771824
2023-10-28 09:58:39,607 | train | INFO | batch: 1100/1371 loss: 0.009324010461568832
2023-10-28 10:01:17,141 | train | INFO | batch: 1200/1371 loss: 0.010100094601511955
2023-10-28 10:03:55,924 | train | INFO | batch: 1300/1371 loss: 0.009000851772725582
2023-10-28 10:05:45,545 | train | INFO | --Val 9/30
2023-10-28 10:05:46,686 | train | INFO | batch: 0/125 loss: 0.011233886703848839
2023-10-28 10:07:42,137 | train | INFO | batch: 100/125 loss: 0.014413394033908844
2023-10-28 10:08:09,796 | train | INFO | Write row 9
2023-10-28 10:08:10,337 | train | INFO | --Train 10/30
2023-10-28 10:08:11,568 | train | INFO | batch: 0/1371 loss: 0.011179184541106224
2023-10-28 10:10:51,793 | train | INFO | batch: 100/1371 loss: 0.008896848186850548
2023-10-28 10:13:32,265 | train | INFO | batch: 200/1371 loss: 0.010323858819901943
2023-10-28 10:16:11,864 | train | INFO | batch: 300/1371 loss: 0.007700200192630291
2023-10-28 10:18:52,151 | train | INFO | batch: 400/1371 loss: 0.007567386142909527
2023-10-28 10:21:32,442 | train | INFO | batch: 500/1371 loss: 0.00916333869099617
2023-10-28 10:24:11,720 | train | INFO | batch: 600/1371 loss: 0.0076205371879041195
2023-10-28 10:26:51,590 | train | INFO | batch: 700/1371 loss: 0.00937542412430048
2023-10-28 10:29:32,212 | train | INFO | batch: 800/1371 loss: 0.007157405838370323
2023-10-28 10:32:12,378 | train | INFO | batch: 900/1371 loss: 0.009642712771892548
2023-10-28 10:34:52,377 | train | INFO | batch: 1000/1371 loss: 0.008766782470047474
2023-10-28 10:37:32,015 | train | INFO | batch: 1100/1371 loss: 0.008646265603601933
2023-10-28 10:40:11,876 | train | INFO | batch: 1200/1371 loss: 0.009120366536080837
2023-10-28 10:42:52,258 | train | INFO | batch: 1300/1371 loss: 0.009477676823735237
2023-10-28 10:44:43,449 | train | INFO | --Val 10/30
2023-10-28 10:44:44,610 | train | INFO | batch: 0/125 loss: 0.010903687216341496
2023-10-28 10:46:42,751 | train | INFO | batch: 100/125 loss: 0.010911863297224045
2023-10-28 10:47:11,014 | train | INFO | Write row 10
2023-10-28 10:47:11,842 | train | INFO | --Train 11/30
2023-10-28 10:47:13,182 | train | INFO | batch: 0/1371 loss: 0.008805643767118454
2023-10-28 10:49:55,922 | train | INFO | batch: 100/1371 loss: 0.009970573708415031
2023-10-28 10:52:38,022 | train | INFO | batch: 200/1371 loss: 0.008174756541848183
2023-10-28 10:55:20,100 | train | INFO | batch: 300/1371 loss: 0.007355398498475552
2023-10-28 10:58:01,903 | train | INFO | batch: 400/1371 loss: 0.011961917392909527
2023-10-28 11:00:44,540 | train | INFO | batch: 500/1371 loss: 0.009601140394806862
2023-10-28 11:03:27,158 | train | INFO | batch: 600/1371 loss: 0.0072596073150634766
2023-10-28 11:06:09,817 | train | INFO | batch: 700/1371 loss: 0.008755342103540897
2023-10-28 11:08:52,475 | train | INFO | batch: 800/1371 loss: 0.008972061797976494
2023-10-28 11:11:35,901 | train | INFO | batch: 900/1371 loss: 0.007484107278287411
2023-10-28 11:14:19,279 | train | INFO | batch: 1000/1371 loss: 0.007930463179945946
2023-10-28 11:17:01,985 | train | INFO | batch: 1100/1371 loss: 0.007932238280773163
2023-10-28 11:19:44,344 | train | INFO | batch: 1200/1371 loss: 0.017710013315081596
2023-10-28 11:22:27,172 | train | INFO | batch: 1300/1371 loss: 0.008543151430785656
2023-10-28 11:24:20,228 | train | INFO | --Val 11/30
2023-10-28 11:24:21,398 | train | INFO | batch: 0/125 loss: 0.0109404930844903
2023-10-28 11:26:22,699 | train | INFO | batch: 100/125 loss: 0.01230691745877266
2023-10-28 11:26:51,862 | train | INFO | Write row 11
2023-10-28 11:26:52,707 | train | INFO | --Train 12/30
2023-10-28 11:26:54,060 | train | INFO | batch: 0/1371 loss: 0.008121727965772152
2023-10-28 11:29:36,803 | train | INFO | batch: 100/1371 loss: 0.009288417175412178
2023-10-28 11:32:19,327 | train | INFO | batch: 200/1371 loss: 0.009138373658061028
2023-10-28 11:35:01,131 | train | INFO | batch: 300/1371 loss: 0.008577643893659115
2023-10-28 11:37:43,221 | train | INFO | batch: 400/1371 loss: 0.008219570852816105
2023-10-28 11:40:24,633 | train | INFO | batch: 500/1371 loss: 0.007007343228906393
2023-10-28 11:43:06,191 | train | INFO | batch: 600/1371 loss: 0.007704481016844511
2023-10-28 11:45:47,910 | train | INFO | batch: 700/1371 loss: 0.0074507929384708405
2023-10-28 11:48:29,657 | train | INFO | batch: 800/1371 loss: 0.00708947004750371
2023-10-28 11:51:12,590 | train | INFO | batch: 900/1371 loss: 0.13052798807621002
2023-10-28 11:53:54,291 | train | INFO | batch: 1000/1371 loss: 0.007708969060331583
2023-10-28 11:56:36,423 | train | INFO | batch: 1100/1371 loss: 0.008172083646059036
2023-10-28 11:59:18,801 | train | INFO | batch: 1200/1371 loss: 0.008687268942594528
2023-10-28 12:02:00,236 | train | INFO | batch: 1300/1371 loss: 0.006991232745349407
2023-10-28 12:03:52,612 | train | INFO | --Val 12/30
2023-10-28 12:03:53,802 | train | INFO | batch: 0/125 loss: 0.011948349885642529
2023-10-28 12:05:55,527 | train | INFO | batch: 100/125 loss: 0.010036401450634003
2023-10-28 12:06:24,776 | train | INFO | Write row 12
2023-10-28 12:06:25,646 | train | INFO | --Train 13/30
2023-10-28 12:06:26,930 | train | INFO | batch: 0/1371 loss: 0.0072461701929569244
2023-10-28 12:09:09,420 | train | INFO | batch: 100/1371 loss: 0.00801372341811657
2023-10-28 12:11:51,187 | train | INFO | batch: 200/1371 loss: 0.00728524150326848
2023-10-28 12:14:33,510 | train | INFO | batch: 300/1371 loss: 0.00881856121122837
2023-10-28 12:17:14,949 | train | INFO | batch: 400/1371 loss: 0.007814883254468441
2023-10-28 12:19:56,546 | train | INFO | batch: 500/1371 loss: 0.006782566197216511
2023-10-28 12:22:38,757 | train | INFO | batch: 600/1371 loss: 0.007980999536812305
2023-10-28 12:25:20,382 | train | INFO | batch: 700/1371 loss: 0.008351479656994343
2023-10-28 12:28:02,512 | train | INFO | batch: 800/1371 loss: 0.007855843752622604
2023-10-28 12:30:44,835 | train | INFO | batch: 900/1371 loss: 0.007953643798828125
2023-10-28 12:33:26,889 | train | INFO | batch: 1000/1371 loss: 0.007458142004907131
2023-10-28 12:36:08,673 | train | INFO | batch: 1100/1371 loss: 0.007719708606600761
2023-10-28 12:38:50,681 | train | INFO | batch: 1200/1371 loss: 0.008055672980844975
2023-10-28 12:41:32,435 | train | INFO | batch: 1300/1371 loss: 0.008436116389930248
2023-10-28 12:43:23,966 | train | INFO | --Val 13/30
2023-10-28 12:43:25,179 | train | INFO | batch: 0/125 loss: 0.009323894046247005
2023-10-28 12:45:26,778 | train | INFO | batch: 100/125 loss: 0.008926850743591785
2023-10-28 12:45:55,979 | train | INFO | Write row 13
2023-10-28 12:45:56,554 | train | INFO | --Train 14/30
2023-10-28 12:45:57,944 | train | INFO | batch: 0/1371 loss: 0.00831808615475893
2023-10-28 12:48:40,346 | train | INFO | batch: 100/1371 loss: 0.005614300724118948
2023-10-28 12:51:22,478 | train | INFO | batch: 200/1371 loss: 0.007633684203028679
2023-10-28 12:54:04,396 | train | INFO | batch: 300/1371 loss: 0.008874873630702496
2023-10-28 12:56:46,899 | train | INFO | batch: 400/1371 loss: 0.007589621469378471
2023-10-28 12:59:29,105 | train | INFO | batch: 500/1371 loss: 0.008128596469759941
2023-10-28 13:02:10,635 | train | INFO | batch: 600/1371 loss: 0.008360507898032665
2023-10-28 13:04:52,671 | train | INFO | batch: 700/1371 loss: 0.013089117594063282
2023-10-28 13:07:34,763 | train | INFO | batch: 800/1371 loss: 0.007864811457693577
2023-10-28 13:10:17,095 | train | INFO | batch: 900/1371 loss: 0.009031234309077263
2023-10-28 13:12:59,041 | train | INFO | batch: 1000/1371 loss: 0.007953603751957417
2023-10-28 13:15:41,499 | train | INFO | batch: 1100/1371 loss: 0.007023192010819912
2023-10-28 13:18:23,716 | train | INFO | batch: 1200/1371 loss: 0.008868425153195858
2023-10-28 13:21:04,882 | train | INFO | batch: 1300/1371 loss: 0.007503698114305735
2023-10-28 13:22:57,317 | train | INFO | --Val 14/30
2023-10-28 13:22:58,523 | train | INFO | batch: 0/125 loss: 0.010127205401659012
2023-10-28 13:24:59,616 | train | INFO | batch: 100/125 loss: 0.010401294566690922
2023-10-28 13:25:28,695 | train | INFO | Write row 14
2023-10-28 13:25:29,278 | train | INFO | --Train 15/30
2023-10-28 13:25:30,579 | train | INFO | batch: 0/1371 loss: 0.00751152029260993
2023-10-28 13:28:12,577 | train | INFO | batch: 100/1371 loss: 0.007394833955913782
2023-10-28 13:30:55,036 | train | INFO | batch: 200/1371 loss: 0.006507451646029949
2023-10-28 13:33:37,250 | train | INFO | batch: 300/1371 loss: 0.006939062383025885
2023-10-28 13:36:19,320 | train | INFO | batch: 400/1371 loss: 0.006626511458307505
2023-10-28 13:39:01,163 | train | INFO | batch: 500/1371 loss: 0.006375527009367943
2023-10-28 13:41:43,947 | train | INFO | batch: 600/1371 loss: 0.008672522380948067
2023-10-28 13:44:25,435 | train | INFO | batch: 700/1371 loss: 0.00540487514808774
2023-10-28 13:47:07,635 | train | INFO | batch: 800/1371 loss: 0.006562316324561834
2023-10-28 13:49:49,430 | train | INFO | batch: 900/1371 loss: 0.0071563636884093285
2023-10-28 13:52:31,047 | train | INFO | batch: 1000/1371 loss: 0.0059236823581159115
2023-10-28 13:55:12,781 | train | INFO | batch: 1100/1371 loss: 0.00608872901648283
2023-10-28 13:57:55,692 | train | INFO | batch: 1200/1371 loss: 0.005713659338653088
2023-10-28 14:00:38,138 | train | INFO | batch: 1300/1371 loss: 0.007879374548792839
2023-10-28 14:02:30,983 | train | INFO | --Val 15/30
2023-10-28 14:02:32,145 | train | INFO | batch: 0/125 loss: 0.010227574035525322
2023-10-28 14:04:30,360 | train | INFO | batch: 100/125 loss: 0.00972409825772047
2023-10-28 14:04:58,735 | train | INFO | Write row 15
2023-10-28 14:04:59,320 | train | INFO | --Train 16/30
2023-10-28 14:05:00,712 | train | INFO | batch: 0/1371 loss: 0.008167503401637077
2023-10-28 14:07:42,569 | train | INFO | batch: 100/1371 loss: 0.009185836650431156
2023-10-28 14:10:24,435 | train | INFO | batch: 200/1371 loss: 0.006763826590031385
2023-10-28 14:13:06,230 | train | INFO | batch: 300/1371 loss: 0.006458749994635582
2023-10-28 14:15:49,033 | train | INFO | batch: 400/1371 loss: 0.006590045522898436
2023-10-28 14:18:30,724 | train | INFO | batch: 500/1371 loss: 0.006859777960926294
2023-10-28 14:21:12,762 | train | INFO | batch: 600/1371 loss: 0.006048823241144419
2023-10-28 14:23:54,875 | train | INFO | batch: 700/1371 loss: 0.006614583544433117
2023-10-28 14:26:36,763 | train | INFO | batch: 800/1371 loss: 0.006887773051857948
2023-10-28 14:29:18,591 | train | INFO | batch: 900/1371 loss: 0.005941202864050865
2023-10-28 14:32:00,650 | train | INFO | batch: 1000/1371 loss: 0.006107435096055269
2023-10-28 14:34:42,475 | train | INFO | batch: 1100/1371 loss: 0.0063616810366511345
2023-10-28 14:37:23,871 | train | INFO | batch: 1200/1371 loss: 0.005098877940326929
2023-10-28 14:40:06,514 | train | INFO | batch: 1300/1371 loss: 0.006146295927464962
2023-10-28 14:41:59,121 | train | INFO | --Val 16/30
2023-10-28 14:42:00,328 | train | INFO | batch: 0/125 loss: 0.010248849168419838
2023-10-28 14:44:01,960 | train | INFO | batch: 100/125 loss: 0.00929366797208786
2023-10-28 14:44:31,176 | train | INFO | Write row 16
2023-10-28 14:44:31,779 | train | INFO | --Train 17/30
2023-10-28 14:44:33,062 | train | INFO | batch: 0/1371 loss: 0.005834770388901234
2023-10-28 14:47:14,541 | train | INFO | batch: 100/1371 loss: 0.0083500100299716
2023-10-28 14:49:55,885 | train | INFO | batch: 200/1371 loss: 0.00704637635499239
2023-10-28 14:52:38,345 | train | INFO | batch: 300/1371 loss: 0.007213767152279615
2023-10-28 14:55:20,961 | train | INFO | batch: 400/1371 loss: 0.0062697213143110275
2023-10-28 14:58:02,600 | train | INFO | batch: 500/1371 loss: 0.0056548211723566055
2023-10-28 15:00:43,839 | train | INFO | batch: 600/1371 loss: 0.0074379961006343365
2023-10-28 15:03:25,732 | train | INFO | batch: 700/1371 loss: 0.005675523541867733
2023-10-28 15:06:07,226 | train | INFO | batch: 800/1371 loss: 0.0048225861974060535
2023-10-28 15:08:48,824 | train | INFO | batch: 900/1371 loss: 0.00584385497495532
2023-10-28 15:11:31,156 | train | INFO | batch: 1000/1371 loss: 0.007213253062218428
2023-10-28 15:14:13,679 | train | INFO | batch: 1100/1371 loss: 0.005974399391561747
2023-10-28 15:16:55,147 | train | INFO | batch: 1200/1371 loss: 0.006459725555032492
2023-10-28 15:19:36,536 | train | INFO | batch: 1300/1371 loss: 0.006291075609624386
2023-10-28 15:21:29,275 | train | INFO | --Val 17/30
2023-10-28 15:21:30,479 | train | INFO | batch: 0/125 loss: 0.009999988600611687
2023-10-28 15:23:32,072 | train | INFO | batch: 100/125 loss: 0.010240086354315281
2023-10-28 15:24:01,299 | train | INFO | Write row 17
2023-10-28 15:24:01,905 | train | INFO | --Train 18/30
2023-10-28 15:24:03,245 | train | INFO | batch: 0/1371 loss: 0.005744069814682007
2023-10-28 15:26:45,400 | train | INFO | batch: 100/1371 loss: 0.008211039938032627
2023-10-28 15:29:27,277 | train | INFO | batch: 200/1371 loss: 0.007504574954509735
2023-10-28 15:32:08,867 | train | INFO | batch: 300/1371 loss: 0.005995544604957104
2023-10-28 15:34:50,569 | train | INFO | batch: 400/1371 loss: 0.005459276959300041
2023-10-28 15:37:31,927 | train | INFO | batch: 500/1371 loss: 0.0049743931740522385
2023-10-28 15:40:14,152 | train | INFO | batch: 600/1371 loss: 0.006278618238866329
2023-10-28 15:42:55,722 | train | INFO | batch: 700/1371 loss: 0.005523894913494587
2023-10-28 15:45:38,177 | train | INFO | batch: 800/1371 loss: 0.0057388534769415855
2023-10-28 15:48:19,379 | train | INFO | batch: 900/1371 loss: 0.005553867667913437
2023-10-28 15:51:01,139 | train | INFO | batch: 1000/1371 loss: 0.007049723993986845
2023-10-28 15:53:43,147 | train | INFO | batch: 1100/1371 loss: 0.007021766155958176
2023-10-28 15:56:24,748 | train | INFO | batch: 1200/1371 loss: 0.005904444493353367
2023-10-28 15:59:06,197 | train | INFO | batch: 1300/1371 loss: 0.007466459646821022
2023-10-28 16:00:58,097 | train | INFO | --Val 18/30
2023-10-28 16:00:59,296 | train | INFO | batch: 0/125 loss: 0.007951670326292515
2023-10-28 16:03:00,263 | train | INFO | batch: 100/125 loss: 0.008862730115652084
2023-10-28 16:03:29,381 | train | INFO | Write row 18
2023-10-28 16:03:30,356 | train | INFO | --Train 19/30
2023-10-28 16:03:31,660 | train | INFO | batch: 0/1371 loss: 0.00683486508205533
2023-10-28 16:06:13,581 | train | INFO | batch: 100/1371 loss: 0.006441052071750164
2023-10-28 16:08:55,548 | train | INFO | batch: 200/1371 loss: 0.005824517458677292
2023-10-28 16:11:37,255 | train | INFO | batch: 300/1371 loss: 0.007890831679105759
2023-10-28 16:14:18,912 | train | INFO | batch: 400/1371 loss: 0.004803727380931377
2023-10-28 16:17:00,884 | train | INFO | batch: 500/1371 loss: 0.00647282600402832
2023-10-28 16:19:43,737 | train | INFO | batch: 600/1371 loss: 0.007800293620675802
2023-10-28 16:22:24,557 | train | INFO | batch: 700/1371 loss: 0.006446687038987875
2023-10-28 16:25:05,991 | train | INFO | batch: 800/1371 loss: 0.006071125157177448
2023-10-28 16:27:47,812 | train | INFO | batch: 900/1371 loss: 0.006833299994468689
2023-10-28 16:30:29,377 | train | INFO | batch: 1000/1371 loss: 0.005871557630598545
2023-10-28 16:33:11,545 | train | INFO | batch: 1100/1371 loss: 0.006623784080147743
2023-10-28 16:35:53,305 | train | INFO | batch: 1200/1371 loss: 0.005281082354485989
2023-10-28 16:38:34,738 | train | INFO | batch: 1300/1371 loss: 0.00603875145316124
2023-10-28 16:40:27,108 | train | INFO | --Val 19/30
2023-10-28 16:40:28,277 | train | INFO | batch: 0/125 loss: 0.009383146651089191
2023-10-28 16:42:26,680 | train | INFO | batch: 100/125 loss: 0.00927535630762577
2023-10-28 16:42:55,094 | train | INFO | Write row 19
2023-10-28 16:42:55,709 | train | INFO | --Train 20/30
2023-10-28 16:42:57,010 | train | INFO | batch: 0/1371 loss: 0.005467775743454695
2023-10-28 16:45:38,991 | train | INFO | batch: 100/1371 loss: 0.0061025978066027164
2023-10-28 16:48:20,833 | train | INFO | batch: 200/1371 loss: 0.0046480693854391575
2023-10-28 16:51:02,110 | train | INFO | batch: 300/1371 loss: 0.005750356242060661
2023-10-28 16:53:43,933 | train | INFO | batch: 400/1371 loss: 0.004974168259650469
2023-10-28 16:56:26,486 | train | INFO | batch: 500/1371 loss: 0.004352828022092581
2023-10-28 16:59:08,625 | train | INFO | batch: 600/1371 loss: 0.006749128922820091
2023-10-28 17:01:50,247 | train | INFO | batch: 700/1371 loss: 0.005117080640047789
2023-10-28 17:04:32,249 | train | INFO | batch: 800/1371 loss: 0.004870074335485697
2023-10-28 17:07:14,041 | train | INFO | batch: 900/1371 loss: 0.005160792730748653
2023-10-28 17:09:55,635 | train | INFO | batch: 1000/1371 loss: 0.007085273042321205
2023-10-28 17:12:37,835 | train | INFO | batch: 1100/1371 loss: 0.005324704106897116
2023-10-28 17:15:19,571 | train | INFO | batch: 1200/1371 loss: 0.0055236476473510265
2023-10-28 17:18:01,482 | train | INFO | batch: 1300/1371 loss: 0.004380772355943918
2023-10-28 17:19:53,980 | train | INFO | --Val 20/30
2023-10-28 17:19:55,181 | train | INFO | batch: 0/125 loss: 0.007440998684614897
2023-10-28 17:21:56,908 | train | INFO | batch: 100/125 loss: 0.007609464228153229
2023-10-28 17:22:26,152 | train | INFO | Write row 20
2023-10-28 17:22:26,788 | train | INFO | --Train 21/30
2023-10-28 17:22:28,156 | train | INFO | batch: 0/1371 loss: 0.00532233202829957
2023-10-28 17:25:10,722 | train | INFO | batch: 100/1371 loss: 0.004940836690366268
2023-10-28 17:27:51,675 | train | INFO | batch: 200/1371 loss: 0.0042617470026016235
2023-10-28 17:30:32,554 | train | INFO | batch: 300/1371 loss: 0.0047451527789235115
2023-10-28 17:33:14,643 | train | INFO | batch: 400/1371 loss: 0.0038179652765393257
2023-10-28 17:35:55,829 | train | INFO | batch: 500/1371 loss: 0.005021624732762575
2023-10-28 17:38:37,174 | train | INFO | batch: 600/1371 loss: 0.006070118397474289
2023-10-28 17:41:18,709 | train | INFO | batch: 700/1371 loss: 0.005838437005877495
2023-10-28 17:44:00,239 | train | INFO | batch: 800/1371 loss: 0.005413709674030542
2023-10-28 17:46:41,505 | train | INFO | batch: 900/1371 loss: 0.004679485224187374
2023-10-28 17:49:22,915 | train | INFO | batch: 1000/1371 loss: 0.005195380188524723
2023-10-28 17:52:04,507 | train | INFO | batch: 1100/1371 loss: 0.004538613837212324
2023-10-28 17:54:46,434 | train | INFO | batch: 1200/1371 loss: 0.005233896896243095
2023-10-28 17:57:28,960 | train | INFO | batch: 1300/1371 loss: 0.033216677606105804
2023-10-28 17:59:20,871 | train | INFO | --Val 21/30
2023-10-28 17:59:22,085 | train | INFO | batch: 0/125 loss: 0.009318504482507706
2023-10-28 18:01:23,696 | train | INFO | batch: 100/125 loss: 0.008360357955098152
2023-10-28 18:01:52,883 | train | INFO | Write row 21
2023-10-28 18:01:53,532 | train | INFO | --Train 22/30
2023-10-28 18:01:54,870 | train | INFO | batch: 0/1371 loss: 0.005281363148242235
2023-10-28 18:04:35,689 | train | INFO | batch: 100/1371 loss: 0.005706149153411388
2023-10-28 18:07:17,429 | train | INFO | batch: 200/1371 loss: 0.005576037801802158
2023-10-28 18:09:59,222 | train | INFO | batch: 300/1371 loss: 0.0046709682792425156
2023-10-28 18:12:41,397 | train | INFO | batch: 400/1371 loss: 0.004971702117472887
2023-10-28 18:15:23,503 | train | INFO | batch: 500/1371 loss: 0.0047558629885315895
2023-10-28 18:18:05,129 | train | INFO | batch: 600/1371 loss: 0.00507228123024106
2023-10-28 18:20:46,996 | train | INFO | batch: 700/1371 loss: 0.004971405025571585
2023-10-28 18:23:28,131 | train | INFO | batch: 800/1371 loss: 0.005550576839596033
2023-10-28 18:26:09,497 | train | INFO | batch: 900/1371 loss: 0.004827855620533228
2023-10-28 18:28:51,046 | train | INFO | batch: 1000/1371 loss: 0.005227476358413696
2023-10-28 18:31:33,314 | train | INFO | batch: 1100/1371 loss: 0.005500528030097485
2023-10-28 18:34:14,856 | train | INFO | batch: 1200/1371 loss: 0.004835186526179314
2023-10-28 18:36:56,244 | train | INFO | batch: 1300/1371 loss: 0.004940512590110302
2023-10-28 18:38:49,125 | train | INFO | --Val 22/30
2023-10-28 18:38:50,333 | train | INFO | batch: 0/125 loss: 0.009134965017437935
2023-10-28 18:40:51,401 | train | INFO | batch: 100/125 loss: 0.009411239065229893
2023-10-28 18:41:20,445 | train | INFO | Write row 22
2023-10-28 18:41:21,091 | train | INFO | --Train 23/30
2023-10-28 18:41:22,431 | train | INFO | batch: 0/1371 loss: 0.005162872839719057
2023-10-28 18:44:03,678 | train | INFO | batch: 100/1371 loss: 0.003554274793714285
2023-10-28 18:46:45,176 | train | INFO | batch: 200/1371 loss: 0.004008266609162092
2023-10-28 18:49:27,077 | train | INFO | batch: 300/1371 loss: 0.0038911085575819016
2023-10-28 18:52:08,164 | train | INFO | batch: 400/1371 loss: 0.004341882187873125
2023-10-28 18:54:50,537 | train | INFO | batch: 500/1371 loss: 0.005395179148763418
2023-10-28 18:57:31,585 | train | INFO | batch: 600/1371 loss: 0.0040168147534132
2023-10-28 19:00:13,126 | train | INFO | batch: 700/1371 loss: 0.005461941938847303
2023-10-28 19:02:54,766 | train | INFO | batch: 800/1371 loss: 0.005673752166330814
2023-10-28 19:05:37,043 | train | INFO | batch: 900/1371 loss: 0.006715585011988878
2023-10-28 19:08:18,485 | train | INFO | batch: 1000/1371 loss: 0.004710364621132612
2023-10-28 19:11:00,824 | train | INFO | batch: 1100/1371 loss: 0.0040567670948803425
2023-10-28 19:13:41,915 | train | INFO | batch: 1200/1371 loss: 0.004100484307855368
2023-10-28 19:16:24,189 | train | INFO | batch: 1300/1371 loss: 0.004367210902273655
2023-10-28 19:18:16,741 | train | INFO | --Val 23/30
2023-10-28 19:18:17,922 | train | INFO | batch: 0/125 loss: 0.009439921006560326
2023-10-28 19:20:16,027 | train | INFO | batch: 100/125 loss: 0.008749947883188725
2023-10-28 19:20:44,430 | train | INFO | Write row 23
2023-10-28 19:20:45,081 | train | INFO | --Train 24/30
2023-10-28 19:20:46,414 | train | INFO | batch: 0/1371 loss: 0.005556280259042978
2023-10-28 19:23:27,956 | train | INFO | batch: 100/1371 loss: 0.005081747192889452
2023-10-28 19:26:10,280 | train | INFO | batch: 200/1371 loss: 0.005282213445752859
2023-10-28 19:28:52,667 | train | INFO | batch: 300/1371 loss: 0.00446717394515872
2023-10-28 19:31:35,182 | train | INFO | batch: 400/1371 loss: 0.0051351189613342285
2023-10-28 19:34:16,542 | train | INFO | batch: 500/1371 loss: 0.0040280940011143684
2023-10-28 19:36:58,089 | train | INFO | batch: 600/1371 loss: 0.004295591730624437
2023-10-28 19:39:40,320 | train | INFO | batch: 700/1371 loss: 0.0034746553283184767
2023-10-28 19:42:21,928 | train | INFO | batch: 800/1371 loss: 0.0051543028093874454
2023-10-28 19:45:03,195 | train | INFO | batch: 900/1371 loss: 0.00497984467074275
2023-10-28 19:47:45,088 | train | INFO | batch: 1000/1371 loss: 0.004417790099978447
2023-10-28 19:50:26,837 | train | INFO | batch: 1100/1371 loss: 0.004602296277880669
2023-10-28 19:53:09,213 | train | INFO | batch: 1200/1371 loss: 0.004410269670188427
2023-10-28 19:55:51,790 | train | INFO | batch: 1300/1371 loss: 0.003904876997694373
2023-10-28 19:57:45,032 | train | INFO | --Val 24/30
2023-10-28 19:57:46,217 | train | INFO | batch: 0/125 loss: 0.009050200693309307
2023-10-28 19:59:47,764 | train | INFO | batch: 100/125 loss: 0.008312671445310116
2023-10-28 20:00:17,013 | train | INFO | Write row 24
2023-10-28 20:00:17,675 | train | INFO | --Train 25/30
2023-10-28 20:00:19,022 | train | INFO | batch: 0/1371 loss: 0.0043191080912947655
2023-10-28 20:03:00,776 | train | INFO | batch: 100/1371 loss: 0.004601944703608751
2023-10-28 20:05:42,624 | train | INFO | batch: 200/1371 loss: 0.003674363484606147
2023-10-28 20:08:24,596 | train | INFO | batch: 300/1371 loss: 0.0036399876698851585
2023-10-28 20:11:06,776 | train | INFO | batch: 400/1371 loss: 0.0041100261732935905
2023-10-28 20:13:49,876 | train | INFO | batch: 500/1371 loss: 0.005746737588196993
2023-10-28 20:16:31,534 | train | INFO | batch: 600/1371 loss: 0.00386938382871449
2023-10-28 20:19:13,987 | train | INFO | batch: 700/1371 loss: 0.003746591042727232
2023-10-28 20:21:56,780 | train | INFO | batch: 800/1371 loss: 0.003435829421505332
2023-10-28 20:24:38,549 | train | INFO | batch: 900/1371 loss: 0.004900540225207806
2023-10-28 20:27:20,823 | train | INFO | batch: 1000/1371 loss: 0.0038972042966634035
2023-10-28 20:30:02,483 | train | INFO | batch: 1100/1371 loss: 0.0037571415305137634
2023-10-28 20:32:44,974 | train | INFO | batch: 1200/1371 loss: 0.004995962139219046
2023-10-28 20:35:26,802 | train | INFO | batch: 1300/1371 loss: 0.0035760877653956413
2023-10-28 20:37:19,253 | train | INFO | --Val 25/30
2023-10-28 20:37:20,453 | train | INFO | batch: 0/125 loss: 0.009401231072843075
2023-10-28 20:39:21,605 | train | INFO | batch: 100/125 loss: 0.009595049545168877
2023-10-28 20:39:50,698 | train | INFO | Write row 25
2023-10-28 20:39:51,374 | train | INFO | --Train 26/30
2023-10-28 20:39:52,751 | train | INFO | batch: 0/1371 loss: 0.004894237034022808
2023-10-28 20:42:34,329 | train | INFO | batch: 100/1371 loss: 0.0037092240527272224
2023-10-28 20:45:16,241 | train | INFO | batch: 200/1371 loss: 0.00504967849701643
2023-10-28 20:47:58,057 | train | INFO | batch: 300/1371 loss: 0.004374383483082056
2023-10-28 20:50:40,104 | train | INFO | batch: 400/1371 loss: 0.005293270107358694
2023-10-28 20:53:21,488 | train | INFO | batch: 500/1371 loss: 0.003975320607423782
2023-10-28 20:56:02,979 | train | INFO | batch: 600/1371 loss: 0.004771155770868063
2023-10-28 20:58:45,328 | train | INFO | batch: 700/1371 loss: 0.0038099871017038822
2023-10-28 21:01:26,480 | train | INFO | batch: 800/1371 loss: 0.0038940557278692722
2023-10-28 21:04:08,640 | train | INFO | batch: 900/1371 loss: 0.005119315814226866
2023-10-28 21:06:50,979 | train | INFO | batch: 1000/1371 loss: 0.004623983986675739
2023-10-28 21:09:32,545 | train | INFO | batch: 1100/1371 loss: 0.0034213922917842865
2023-10-28 21:12:13,430 | train | INFO | batch: 1200/1371 loss: 0.005001879762858152
2023-10-28 21:14:55,006 | train | INFO | batch: 1300/1371 loss: 0.004310294985771179
2023-10-28 21:16:47,461 | train | INFO | --Val 26/30
2023-10-28 21:16:48,636 | train | INFO | batch: 0/125 loss: 0.008784530684351921
2023-10-28 21:18:49,509 | train | INFO | batch: 100/125 loss: 0.010562965646386147
2023-10-28 21:19:18,540 | train | INFO | Write row 26
2023-10-28 21:19:19,217 | train | INFO | --Train 27/30
2023-10-28 21:19:20,587 | train | INFO | batch: 0/1371 loss: 0.005212603136897087
2023-10-28 21:22:02,207 | train | INFO | batch: 100/1371 loss: 0.003798841964453459
2023-10-28 21:24:44,271 | train | INFO | batch: 200/1371 loss: 0.0045744008384644985
2023-10-28 21:27:25,353 | train | INFO | batch: 300/1371 loss: 0.0037459651939570904
2023-10-28 21:30:07,389 | train | INFO | batch: 400/1371 loss: 0.003245073603466153
2023-10-28 21:32:49,295 | train | INFO | batch: 500/1371 loss: 0.0037442375905811787
2023-10-28 21:35:30,641 | train | INFO | batch: 600/1371 loss: 0.004501493647694588
2023-10-28 21:38:12,079 | train | INFO | batch: 700/1371 loss: 0.0042333356104791164
2023-10-28 21:40:53,413 | train | INFO | batch: 800/1371 loss: 0.003786651650443673
2023-10-28 21:43:35,742 | train | INFO | batch: 900/1371 loss: 0.004032098222523928
2023-10-28 21:46:17,575 | train | INFO | batch: 1000/1371 loss: 0.0034033542033284903
2023-10-28 21:48:58,928 | train | INFO | batch: 1100/1371 loss: 0.005171294789761305
2023-10-28 21:51:40,847 | train | INFO | batch: 1200/1371 loss: 0.004267928656190634
2023-10-28 21:54:22,651 | train | INFO | batch: 1300/1371 loss: 0.003194633638486266
2023-10-28 21:56:14,291 | train | INFO | --Val 27/30
2023-10-28 21:56:15,444 | train | INFO | batch: 0/125 loss: 0.008758281357586384
2023-10-28 21:58:13,747 | train | INFO | batch: 100/125 loss: 0.009779123589396477
2023-10-28 21:58:42,116 | train | INFO | Write row 27
2023-10-28 21:58:43,259 | train | INFO | --Train 28/30
2023-10-28 21:58:44,606 | train | INFO | batch: 0/1371 loss: 0.004657628946006298
2023-10-28 22:01:26,171 | train | INFO | batch: 100/1371 loss: 0.003953645005822182
2023-10-28 22:04:08,257 | train | INFO | batch: 200/1371 loss: 0.005168383475393057
2023-10-28 22:06:49,723 | train | INFO | batch: 300/1371 loss: 0.003370639868080616
2023-10-28 22:09:31,166 | train | INFO | batch: 400/1371 loss: 0.003446705173701048
2023-10-28 22:12:13,249 | train | INFO | batch: 500/1371 loss: 0.003147505922242999
2023-10-28 22:14:54,794 | train | INFO | batch: 600/1371 loss: 0.0038516654167324305
2023-10-28 22:17:35,956 | train | INFO | batch: 700/1371 loss: 0.004038134589791298
2023-10-28 22:20:17,316 | train | INFO | batch: 800/1371 loss: 0.003853630041703582
2023-10-28 22:22:58,897 | train | INFO | batch: 900/1371 loss: 0.0036935119424015284
2023-10-28 22:25:40,547 | train | INFO | batch: 1000/1371 loss: 0.0036313983146101236
2023-10-28 22:28:22,852 | train | INFO | batch: 1100/1371 loss: 0.004610144067555666
2023-10-28 22:31:04,387 | train | INFO | batch: 1200/1371 loss: 0.004027991089969873
2023-10-28 22:33:45,850 | train | INFO | batch: 1300/1371 loss: 0.004759358707815409
2023-10-28 22:35:38,131 | train | INFO | --Val 28/30
2023-10-28 22:35:39,324 | train | INFO | batch: 0/125 loss: 0.007144106552004814
2023-10-28 22:37:41,074 | train | INFO | batch: 100/125 loss: 0.00993542280048132
2023-10-28 22:38:10,254 | train | INFO | Write row 28
2023-10-28 22:38:10,947 | train | INFO | --Train 29/30
2023-10-28 22:38:12,274 | train | INFO | batch: 0/1371 loss: 0.003511554328724742
2023-10-28 22:40:54,056 | train | INFO | batch: 100/1371 loss: 0.0041781156323850155
2023-10-28 22:43:35,999 | train | INFO | batch: 200/1371 loss: 0.004523330368101597
2023-10-28 22:46:18,551 | train | INFO | batch: 300/1371 loss: 0.004181663040071726
2023-10-28 22:49:00,036 | train | INFO | batch: 400/1371 loss: 0.004072016105055809
2023-10-28 22:51:42,834 | train | INFO | batch: 500/1371 loss: 0.0041358317248523235
2023-10-28 22:54:24,211 | train | INFO | batch: 600/1371 loss: 0.004603113513439894
2023-10-28 22:57:06,373 | train | INFO | batch: 700/1371 loss: 0.004234354477375746
2023-10-28 22:59:48,054 | train | INFO | batch: 800/1371 loss: 0.0038392229471355677
2023-10-28 23:02:30,174 | train | INFO | batch: 900/1371 loss: 0.0030643956270068884
2023-10-28 23:05:12,079 | train | INFO | batch: 1000/1371 loss: 0.004072698764503002
2023-10-28 23:07:53,766 | train | INFO | batch: 1100/1371 loss: 0.003968378063291311
2023-10-28 23:10:34,575 | train | INFO | batch: 1200/1371 loss: 0.0031964743975549936
2023-10-28 23:13:16,251 | train | INFO | batch: 1300/1371 loss: 0.004969849716871977
2023-10-28 23:15:08,348 | train | INFO | --Val 29/30
2023-10-28 23:15:09,566 | train | INFO | batch: 0/125 loss: 0.00895850919187069
2023-10-28 23:17:10,926 | train | INFO | batch: 100/125 loss: 0.007894983515143394
2023-10-28 23:17:40,101 | train | INFO | Write row 29
2023-10-28 23:17:41,211 | train | INFO | Recorder, epoch 29 Model saved: /home/kwy00/ysy/results/train/20231028_034209/model.pt
